<?xml version="1.0" encoding="UTF-8"?>
<!-- Generated by org.testng.reporters.JUnitXMLReporter -->
<testsuite ignored="16" hostname="DESKTOP-ER55616" failures="0" tests="1" name="Default test" time="6.236" errors="0" timestamp="2025-12-22T09:10:46 IST">
  <testcase classname="tests.Search" name="VerifySortingOptionPriceInDescendingOrder" time="1.943"/>
  <testcase classname="tests.Search" name="VerifyListAndGridViewsInSearchResultsPageHavingOneProduct" time="0.0">
    <ignored/>
  </testcase> <!-- VerifyListAndGridViewsInSearchResultsPageHavingOneProduct -->
  <testcase classname="tests.Search" name="VerifyListAndGridViewsWhenMultipleProductsAreDisplayedInTheSearchResults" time="0.0">
    <ignored/>
  </testcase> <!-- VerifyListAndGridViewsWhenMultipleProductsAreDisplayedInTheSearchResults -->
  <testcase classname="tests.Search" name="VerifySearchBySelectingTheCategoryOfProduct" time="0.0">
    <ignored/>
  </testcase> <!-- VerifySearchBySelectingTheCategoryOfProduct -->
  <testcase classname="tests.Search" name="VerifySearchBySelectingToSearchInSubcategories" time="0.0">
    <ignored/>
  </testcase> <!-- VerifySearchBySelectingToSearchInSubcategories -->
  <testcase classname="tests.Search" name="VerifySearchingUsingSearchCriteriaField" time="0.0">
    <ignored/>
  </testcase> <!-- VerifySearchingUsingSearchCriteriaField -->
  <testcase classname="tests.Search" name="VerifySearchUsingTheTextFromTheProductDescription" time="0.0">
    <ignored/>
  </testcase> <!-- VerifySearchUsingTheTextFromTheProductDescription -->
  <testcase classname="tests.Search" name="VerifySearchingWithNonExistingProductName" time="0.0">
    <ignored/>
  </testcase> <!-- VerifySearchingWithNonExistingProductName -->
  <testcase classname="tests.Search" name="VerifyNavigatingToProductComparePageFromSearchResultsPage" time="0.0">
    <ignored/>
  </testcase> <!-- VerifyNavigatingToProductComparePageFromSearchResultsPage -->
  <testcase classname="tests.Search" name="VerifySearchingWithAnExistingProductName" time="0.0">
    <ignored/>
  </testcase> <!-- VerifySearchingWithAnExistingProductName -->
  <testcase classname="tests.Search" name="VerifySortingOptionInSearchResultPageByDesendingName" time="0.0">
    <ignored/>
  </testcase> <!-- VerifySortingOptionInSearchResultPageByDesendingName -->
  <testcase classname="tests.Search" name="VerifyProductSearchResultingMultipleProducts" time="0.0">
    <ignored/>
  </testcase> <!-- VerifyProductSearchResultingMultipleProducts -->
  <testcase classname="tests.Search" name="VerifySearchFieldPlaceholder" time="0.0">
    <ignored/>
  </testcase> <!-- VerifySearchFieldPlaceholder -->
  <testcase classname="tests.Search" name="VerifySortingOptionInSearchResultPageByDefaultOptoion" time="0.0">
    <ignored/>
  </testcase> <!-- VerifySortingOptionInSearchResultPageByDefaultOptoion -->
  <testcase classname="tests.Search" name="VerifySearchingWithoutProvidingAnyProductName" time="0.0">
    <ignored/>
  </testcase> <!-- VerifySearchingWithoutProvidingAnyProductName -->
  <testcase classname="tests.Search" name="VerifySortingOptionPriceInAscendingOrder" time="0.0">
    <ignored/>
  </testcase> <!-- VerifySortingOptionPriceInAscendingOrder -->
  <testcase classname="tests.Search" name="VeriftySearchingForAProductAfterLoginToTheApplication" time="0.0">
    <ignored/>
  </testcase> <!-- VeriftySearchingForAProductAfterLoginToTheApplication -->
</testsuite> <!-- Default test -->
