

<!DOCTYPE html>
<html>
<head>
<meta charset="UTF-8">
<meta name="viewport" content="width=device-width, initial-scale=1, shrink-to-fit=no">
<title>TN Report</title>
<link rel="apple-touch-icon" href="https://cdn.jsdelivr.net/gh/extent-framework/extent-github-cdn@b00a2d0486596e73dd7326beacf352c639623a0e/commons/img/logo.png">
<link rel="shortcut icon" href="https://cdn.jsdelivr.net/gh/extent-framework/extent-github-cdn@b00a2d0486596e73dd7326beacf352c639623a0e/commons/img/logo.png">
<link href="https://cdn.jsdelivr.net/gh/extent-framework/extent-github-cdn@ce8b10435bcbae260c334c0d0c6b61d2c19b6168/spark/css/spark-style.css" rel="stylesheet" />
<link href="https://stackpath.bootstrapcdn.com/font-awesome/4.7.0/css/font-awesome.min.css" rel="stylesheet">
<script src="https://cdn.jsdelivr.net/gh/extent-framework/extent-github-cdn@7cc78ce/spark/js/jsontree.js"></script>
<style type="text/css"></style></head><body class="spa -report standard">
  <div class="app">
    <div class="layout">
<div class="header navbar">
<div class="vheader">
<div class="nav-logo">
<a href="#">
<div class="logo" style="background-image: url('https://cdn.jsdelivr.net/gh/extent-framework/extent-github-cdn@b00a2d0486596e73dd7326beacf352c639623a0e/commons/img/logo.png')"></div>
</a>
</div>
<ul class="nav-left">
<li class="search-box">
<a class="search-toggle" href="#">
<i class="search-icon fa fa-search"></i>
<i class="search-icon-close fa fa-close"></i>
</a>
</li>
<li class="search-input"><input id="search-tests" class="form-control" type="text" placeholder="Search..."></li>
</ul>
<ul class="nav-right">
<li class="m-r-10">
<a href="#"><span class="badge badge-primary">TutorialsNinja Results</span></a>
</li>
<li class="m-r-10">
<a href="#"><span class="badge badge-primary">Jan 8, 2026 11:03:38 am</span></a>
</li>
</ul>
</div>
</div><div class="side-nav">
<div class="side-nav-inner">
<ul class="side-nav-menu">
<li class="nav-item dropdown" onclick="toggleView('test-view')">
<a id="nav-test" class="dropdown-toggle" href="#">
<span class="ico"><i class="fa fa-list"></i></span>
</a>
</li>
<li class="nav-item dropdown" onclick="toggleView('exception-view')">
<a id="nav-exception" class="dropdown-toggle" href="#">
<span class="ico"><i class="fa fa-bug"></i></span>
</a>
</li>
<li class="nav-item dropdown" onclick="toggleView('dashboard-view')">
<a id="nav-dashboard" class="dropdown-toggle" href="#">
<span class="ico"><i class="fa fa-bar-chart"></i></span>
</a>
</li>
</ul>
</div>
</div>      <div class="vcontainer">
        <div class="main-content">
<div class="test-wrapper row view test-view">
  <div class="test-list">
    <div class="test-list-tools">
<ul class="tools pull-left">
<li><a href="#"><span class="font-size-14">Tests</span></a></li>
</ul>
<ul class="tools text-right">
<li class="dropdown">
<a href="#" class="dropdown-toggle" data-toggle="dropdown"><i class="fa fa-exclamation-circle"></i></a>
<ul id="status-toggle" class="dropdown-menu dropdown-md p-v-0">
<a class="dropdown-item" status="pass" href="#"><span>Pass</span><span class="status success"></span></a>
<a class="dropdown-item" status="fail" href="#"><span>Fail</span><span class="status danger"></span></a>
<div class="dropdown-divider"></div>
<a status="clear" class="dropdown-item" href="#"><span>Clear</span><span class="pull-right"><i class="fa fa-close"></i></span></a>
</ul>
</li>
</ul>
</div>    <div class="test-list-wrapper scrollable">
      <ul class="test-list-item">
        <li class="test-item"  status="pass" test-id="1"
          author=""
          tag=""
          device="">
          <div class="test-detail">
            <p class="name">VerifyWarningMsgOfTextField</p>
            <p class="text-sm">
              <span>11:03:48 am</span> / <span>00:00:57:497</span>
              <span class="badge pass-bg log float-right">Pass</span>
            </p>
          </div>
          <div class="test-contents d-none">
<div class="detail-head">
<div class="p-v-10">
<div class="info">
<h5 class="test-status text-pass">VerifyWarningMsgOfTextField</h5>
<span class='badge badge-success'>01.08.2026 11:03:48 am</span>
<span class='badge badge-danger'>01.08.2026 11:04:46 am</span>
<span class='badge badge-default'>00:00:57:497</span>
&middot; <span class='uri-anchor badge badge-default'>#test-id=1</span>
<span title='Skip to the next failed step' class='badge badge-danger pointer float-right ne ml-1'><i class="fa fa-fast-forward"></i></span>
<span title='Collapse all nodes' class='badge badge-default pointer float-right ct ml-1'><i class="fa fa-compress"></i></span>
<span title='Expand all nodes' class='badge badge-default pointer float-right et'><i class="fa fa-expand"></i></span>
</div>
</div>
</div><div class="detail-body mt-4">
<table class="table table-sm">
  <thead><tr><th class="status-col">Status</th><th class="timestamp-col">Timestamp</th><th class="details-col">Details</th></tr></thead>
  <tbody>
      <tr class="event-row">
        <td><span class="badge log info-bg">Info</span></td>
        <td>11:03:48 am</td>
        <td>
          VerifyWarningMsgOfTextField -Test Execution started !
        </td>
      </tr>
      <tr class="event-row">
        <td><span class="badge log pass-bg">Pass</span></td>
        <td>11:04:46 am</td>
        <td>
          VerifyWarningMsgOfTextField-Test got Passed !
        </td>
      </tr>
  </tbody>
</table>
</div>
          </div>
        </li>
        <li class="test-item"  status="pass" test-id="2"
          author=""
          tag=""
          device="">
          <div class="test-detail">
            <p class="name">VerifyAllTheFieldsInTheRegisterAccountPagehavetheProperPlaceholders</p>
            <p class="text-sm">
              <span>11:04:49 am</span> / <span>00:00:00:127</span>
              <span class="badge pass-bg log float-right">Pass</span>
            </p>
          </div>
          <div class="test-contents d-none">
<div class="detail-head">
<div class="p-v-10">
<div class="info">
<h5 class="test-status text-pass">VerifyAllTheFieldsInTheRegisterAccountPagehavetheProperPlaceholders</h5>
<span class='badge badge-success'>01.08.2026 11:04:49 am</span>
<span class='badge badge-danger'>01.08.2026 11:04:49 am</span>
<span class='badge badge-default'>00:00:00:127</span>
&middot; <span class='uri-anchor badge badge-default'>#test-id=2</span>
<span title='Skip to the next failed step' class='badge badge-danger pointer float-right ne ml-1'><i class="fa fa-fast-forward"></i></span>
<span title='Collapse all nodes' class='badge badge-default pointer float-right ct ml-1'><i class="fa fa-compress"></i></span>
<span title='Expand all nodes' class='badge badge-default pointer float-right et'><i class="fa fa-expand"></i></span>
</div>
</div>
</div><div class="detail-body mt-4">
<table class="table table-sm">
  <thead><tr><th class="status-col">Status</th><th class="timestamp-col">Timestamp</th><th class="details-col">Details</th></tr></thead>
  <tbody>
      <tr class="event-row">
        <td><span class="badge log info-bg">Info</span></td>
        <td>11:04:49 am</td>
        <td>
          VerifyAllTheFieldsInTheRegisterAccountPagehavetheProperPlaceholders -Test Execution started !
        </td>
      </tr>
      <tr class="event-row">
        <td><span class="badge log pass-bg">Pass</span></td>
        <td>11:04:49 am</td>
        <td>
          VerifyAllTheFieldsInTheRegisterAccountPagehavetheProperPlaceholders-Test got Passed !
        </td>
      </tr>
  </tbody>
</table>
</div>
          </div>
        </li>
        <li class="test-item"  status="pass" test-id="3"
          author=""
          tag=""
          device="">
          <div class="test-detail">
            <p class="name">VerifyAllTheMandatoryFieldsInTheRegisterAccountPageAreMarkedWithRedColorAsteriskSymbol</p>
            <p class="text-sm">
              <span>11:04:53 am</span> / <span>00:00:00:267</span>
              <span class="badge pass-bg log float-right">Pass</span>
            </p>
          </div>
          <div class="test-contents d-none">
<div class="detail-head">
<div class="p-v-10">
<div class="info">
<h5 class="test-status text-pass">VerifyAllTheMandatoryFieldsInTheRegisterAccountPageAreMarkedWithRedColorAsteriskSymbol</h5>
<span class='badge badge-success'>01.08.2026 11:04:53 am</span>
<span class='badge badge-danger'>01.08.2026 11:04:53 am</span>
<span class='badge badge-default'>00:00:00:267</span>
&middot; <span class='uri-anchor badge badge-default'>#test-id=3</span>
<span title='Skip to the next failed step' class='badge badge-danger pointer float-right ne ml-1'><i class="fa fa-fast-forward"></i></span>
<span title='Collapse all nodes' class='badge badge-default pointer float-right ct ml-1'><i class="fa fa-compress"></i></span>
<span title='Expand all nodes' class='badge badge-default pointer float-right et'><i class="fa fa-expand"></i></span>
</div>
</div>
</div><div class="detail-body mt-4">
<table class="table table-sm">
  <thead><tr><th class="status-col">Status</th><th class="timestamp-col">Timestamp</th><th class="details-col">Details</th></tr></thead>
  <tbody>
      <tr class="event-row">
        <td><span class="badge log info-bg">Info</span></td>
        <td>11:04:53 am</td>
        <td>
          VerifyAllTheMandatoryFieldsInTheRegisterAccountPageAreMarkedWithRedColorAsteriskSymbol -Test Execution started !
        </td>
      </tr>
      <tr class="event-row">
        <td><span class="badge log pass-bg">Pass</span></td>
        <td>11:04:53 am</td>
        <td>
          VerifyAllTheMandatoryFieldsInTheRegisterAccountPageAreMarkedWithRedColorAsteriskSymbol-Test got Passed !
        </td>
      </tr>
  </tbody>
</table>
</div>
          </div>
        </li>
        <li class="test-item"  status="pass" test-id="4"
          author=""
          tag=""
          device="">
          <div class="test-detail">
            <p class="name">VerifyButtonTextColorBackgroundColorFontSize</p>
            <p class="text-sm">
              <span>11:04:56 am</span> / <span>00:00:00:090</span>
              <span class="badge pass-bg log float-right">Pass</span>
            </p>
          </div>
          <div class="test-contents d-none">
<div class="detail-head">
<div class="p-v-10">
<div class="info">
<h5 class="test-status text-pass">VerifyButtonTextColorBackgroundColorFontSize</h5>
<span class='badge badge-success'>01.08.2026 11:04:56 am</span>
<span class='badge badge-danger'>01.08.2026 11:04:56 am</span>
<span class='badge badge-default'>00:00:00:090</span>
&middot; <span class='uri-anchor badge badge-default'>#test-id=4</span>
<span title='Skip to the next failed step' class='badge badge-danger pointer float-right ne ml-1'><i class="fa fa-fast-forward"></i></span>
<span title='Collapse all nodes' class='badge badge-default pointer float-right ct ml-1'><i class="fa fa-compress"></i></span>
<span title='Expand all nodes' class='badge badge-default pointer float-right et'><i class="fa fa-expand"></i></span>
</div>
</div>
</div><div class="detail-body mt-4">
<table class="table table-sm">
  <thead><tr><th class="status-col">Status</th><th class="timestamp-col">Timestamp</th><th class="details-col">Details</th></tr></thead>
  <tbody>
      <tr class="event-row">
        <td><span class="badge log info-bg">Info</span></td>
        <td>11:04:56 am</td>
        <td>
          VerifyButtonTextColorBackgroundColorFontSize -Test Execution started !
        </td>
      </tr>
      <tr class="event-row">
        <td><span class="badge log pass-bg">Pass</span></td>
        <td>11:04:56 am</td>
        <td>
          VerifyButtonTextColorBackgroundColorFontSize-Test got Passed !
        </td>
      </tr>
  </tbody>
</table>
</div>
          </div>
        </li>
        <li class="test-item"  status="pass" test-id="5"
          author=""
          tag=""
          device="">
          <div class="test-detail">
            <p class="name">VerifyDiffWaysOfNavigatingToRegisterAccountPage</p>
            <p class="text-sm">
              <span>11:04:59 am</span> / <span>00:00:01:663</span>
              <span class="badge pass-bg log float-right">Pass</span>
            </p>
          </div>
          <div class="test-contents d-none">
<div class="detail-head">
<div class="p-v-10">
<div class="info">
<h5 class="test-status text-pass">VerifyDiffWaysOfNavigatingToRegisterAccountPage</h5>
<span class='badge badge-success'>01.08.2026 11:04:59 am</span>
<span class='badge badge-danger'>01.08.2026 11:05:01 am</span>
<span class='badge badge-default'>00:00:01:663</span>
&middot; <span class='uri-anchor badge badge-default'>#test-id=5</span>
<span title='Skip to the next failed step' class='badge badge-danger pointer float-right ne ml-1'><i class="fa fa-fast-forward"></i></span>
<span title='Collapse all nodes' class='badge badge-default pointer float-right ct ml-1'><i class="fa fa-compress"></i></span>
<span title='Expand all nodes' class='badge badge-default pointer float-right et'><i class="fa fa-expand"></i></span>
</div>
</div>
</div><div class="detail-body mt-4">
<table class="table table-sm">
  <thead><tr><th class="status-col">Status</th><th class="timestamp-col">Timestamp</th><th class="details-col">Details</th></tr></thead>
  <tbody>
      <tr class="event-row">
        <td><span class="badge log info-bg">Info</span></td>
        <td>11:04:59 am</td>
        <td>
          VerifyDiffWaysOfNavigatingToRegisterAccountPage -Test Execution started !
        </td>
      </tr>
      <tr class="event-row">
        <td><span class="badge log pass-bg">Pass</span></td>
        <td>11:05:01 am</td>
        <td>
          VerifyDiffWaysOfNavigatingToRegisterAccountPage-Test got Passed !
        </td>
      </tr>
  </tbody>
</table>
</div>
          </div>
        </li>
        <li class="test-item"  status="pass" test-id="6"
          author=""
          tag=""
          device="">
          <div class="test-detail">
            <p class="name">VerifyHightAndWidthOfTextField</p>
            <p class="text-sm">
              <span>11:05:06 am</span> / <span>00:00:00:288</span>
              <span class="badge pass-bg log float-right">Pass</span>
            </p>
          </div>
          <div class="test-contents d-none">
<div class="detail-head">
<div class="p-v-10">
<div class="info">
<h5 class="test-status text-pass">VerifyHightAndWidthOfTextField</h5>
<span class='badge badge-success'>01.08.2026 11:05:06 am</span>
<span class='badge badge-danger'>01.08.2026 11:05:06 am</span>
<span class='badge badge-default'>00:00:00:288</span>
&middot; <span class='uri-anchor badge badge-default'>#test-id=6</span>
<span title='Skip to the next failed step' class='badge badge-danger pointer float-right ne ml-1'><i class="fa fa-fast-forward"></i></span>
<span title='Collapse all nodes' class='badge badge-default pointer float-right ct ml-1'><i class="fa fa-compress"></i></span>
<span title='Expand all nodes' class='badge badge-default pointer float-right et'><i class="fa fa-expand"></i></span>
</div>
</div>
</div><div class="detail-body mt-4">
<table class="table table-sm">
  <thead><tr><th class="status-col">Status</th><th class="timestamp-col">Timestamp</th><th class="details-col">Details</th></tr></thead>
  <tbody>
      <tr class="event-row">
        <td><span class="badge log info-bg">Info</span></td>
        <td>11:05:06 am</td>
        <td>
          VerifyHightAndWidthOfTextField -Test Execution started !
        </td>
      </tr>
      <tr class="event-row">
        <td><span class="badge log pass-bg">Pass</span></td>
        <td>11:05:06 am</td>
        <td>
          VerifyHightAndWidthOfTextField-Test got Passed !
        </td>
      </tr>
  </tbody>
</table>
</div>
          </div>
        </li>
        <li class="test-item"  status="pass" test-id="7"
          author=""
          tag=""
          device="">
          <div class="test-detail">
            <p class="name">VerifyNavigatingToOtherPagesUsingTheOptionsOrLinksProvidedOnTheRegisterAccountPage</p>
            <p class="text-sm">
              <span>11:05:09 am</span> / <span>00:00:17:467</span>
              <span class="badge pass-bg log float-right">Pass</span>
            </p>
          </div>
          <div class="test-contents d-none">
<div class="detail-head">
<div class="p-v-10">
<div class="info">
<h5 class="test-status text-pass">VerifyNavigatingToOtherPagesUsingTheOptionsOrLinksProvidedOnTheRegisterAccountPage</h5>
<span class='badge badge-success'>01.08.2026 11:05:09 am</span>
<span class='badge badge-danger'>01.08.2026 11:05:27 am</span>
<span class='badge badge-default'>00:00:17:467</span>
&middot; <span class='uri-anchor badge badge-default'>#test-id=7</span>
<span title='Skip to the next failed step' class='badge badge-danger pointer float-right ne ml-1'><i class="fa fa-fast-forward"></i></span>
<span title='Collapse all nodes' class='badge badge-default pointer float-right ct ml-1'><i class="fa fa-compress"></i></span>
<span title='Expand all nodes' class='badge badge-default pointer float-right et'><i class="fa fa-expand"></i></span>
</div>
</div>
</div><div class="detail-body mt-4">
<table class="table table-sm">
  <thead><tr><th class="status-col">Status</th><th class="timestamp-col">Timestamp</th><th class="details-col">Details</th></tr></thead>
  <tbody>
      <tr class="event-row">
        <td><span class="badge log info-bg">Info</span></td>
        <td>11:05:09 am</td>
        <td>
          VerifyNavigatingToOtherPagesUsingTheOptionsOrLinksProvidedOnTheRegisterAccountPage -Test Execution started !
        </td>
      </tr>
      <tr class="event-row">
        <td><span class="badge log pass-bg">Pass</span></td>
        <td>11:05:27 am</td>
        <td>
          VerifyNavigatingToOtherPagesUsingTheOptionsOrLinksProvidedOnTheRegisterAccountPage-Test got Passed !
        </td>
      </tr>
  </tbody>
</table>
</div>
          </div>
        </li>
        <li class="test-item"  status="pass" test-id="8"
          author=""
          tag=""
          device="">
          <div class="test-detail">
            <p class="name">VerifyRegisterAccountFunctionalityInAllTheSupportedEnvironments</p>
            <p class="text-sm">
              <span>11:05:30 am</span> / <span>00:00:02:037</span>
              <span class="badge pass-bg log float-right">Pass</span>
            </p>
          </div>
          <div class="test-contents d-none">
<div class="detail-head">
<div class="p-v-10">
<div class="info">
<h5 class="test-status text-pass">VerifyRegisterAccountFunctionalityInAllTheSupportedEnvironments</h5>
<span class='badge badge-success'>01.08.2026 11:05:30 am</span>
<span class='badge badge-danger'>01.08.2026 11:05:32 am</span>
<span class='badge badge-default'>00:00:02:037</span>
&middot; <span class='uri-anchor badge badge-default'>#test-id=8</span>
<span title='Skip to the next failed step' class='badge badge-danger pointer float-right ne ml-1'><i class="fa fa-fast-forward"></i></span>
<span title='Collapse all nodes' class='badge badge-default pointer float-right ct ml-1'><i class="fa fa-compress"></i></span>
<span title='Expand all nodes' class='badge badge-default pointer float-right et'><i class="fa fa-expand"></i></span>
</div>
</div>
</div><div class="detail-body mt-4">
<table class="table table-sm">
  <thead><tr><th class="status-col">Status</th><th class="timestamp-col">Timestamp</th><th class="details-col">Details</th></tr></thead>
  <tbody>
      <tr class="event-row">
        <td><span class="badge log info-bg">Info</span></td>
        <td>11:05:30 am</td>
        <td>
          VerifyRegisterAccountFunctionalityInAllTheSupportedEnvironments -Test Execution started !
        </td>
      </tr>
      <tr class="event-row">
        <td><span class="badge log pass-bg">Pass</span></td>
        <td>11:05:32 am</td>
        <td>
          VerifyRegisterAccountFunctionalityInAllTheSupportedEnvironments-Test got Passed !
        </td>
      </tr>
  </tbody>
</table>
</div>
          </div>
        </li>
        <li class="test-item"  status="pass" test-id="9"
          author=""
          tag=""
          device="">
          <div class="test-detail">
            <p class="name">VerifyRegisterAccountFunctionalityInAllTheSupportedEnvironments</p>
            <p class="text-sm">
              <span>11:05:35 am</span> / <span>00:00:06:985</span>
              <span class="badge pass-bg log float-right">Pass</span>
            </p>
          </div>
          <div class="test-contents d-none">
<div class="detail-head">
<div class="p-v-10">
<div class="info">
<h5 class="test-status text-pass">VerifyRegisterAccountFunctionalityInAllTheSupportedEnvironments</h5>
<span class='badge badge-success'>01.08.2026 11:05:35 am</span>
<span class='badge badge-danger'>01.08.2026 11:05:42 am</span>
<span class='badge badge-default'>00:00:06:985</span>
&middot; <span class='uri-anchor badge badge-default'>#test-id=9</span>
<span title='Skip to the next failed step' class='badge badge-danger pointer float-right ne ml-1'><i class="fa fa-fast-forward"></i></span>
<span title='Collapse all nodes' class='badge badge-default pointer float-right ct ml-1'><i class="fa fa-compress"></i></span>
<span title='Expand all nodes' class='badge badge-default pointer float-right et'><i class="fa fa-expand"></i></span>
</div>
</div>
</div><div class="detail-body mt-4">
<table class="table table-sm">
  <thead><tr><th class="status-col">Status</th><th class="timestamp-col">Timestamp</th><th class="details-col">Details</th></tr></thead>
  <tbody>
      <tr class="event-row">
        <td><span class="badge log info-bg">Info</span></td>
        <td>11:05:35 am</td>
        <td>
          VerifyRegisterAccountFunctionalityInAllTheSupportedEnvironments -Test Execution started !
        </td>
      </tr>
      <tr class="event-row">
        <td><span class="badge log pass-bg">Pass</span></td>
        <td>11:05:42 am</td>
        <td>
          VerifyRegisterAccountFunctionalityInAllTheSupportedEnvironments-Test got Passed !
        </td>
      </tr>
  </tbody>
</table>
</div>
          </div>
        </li>
        <li class="test-item"  status="pass" test-id="10"
          author=""
          tag=""
          device="">
          <div class="test-detail">
            <p class="name">VerifyRegisteringAccountByAllFields</p>
            <p class="text-sm">
              <span>11:05:48 am</span> / <span>00:00:04:088</span>
              <span class="badge pass-bg log float-right">Pass</span>
            </p>
          </div>
          <div class="test-contents d-none">
<div class="detail-head">
<div class="p-v-10">
<div class="info">
<h5 class="test-status text-pass">VerifyRegisteringAccountByAllFields</h5>
<span class='badge badge-success'>01.08.2026 11:05:48 am</span>
<span class='badge badge-danger'>01.08.2026 11:05:52 am</span>
<span class='badge badge-default'>00:00:04:088</span>
&middot; <span class='uri-anchor badge badge-default'>#test-id=10</span>
<span title='Skip to the next failed step' class='badge badge-danger pointer float-right ne ml-1'><i class="fa fa-fast-forward"></i></span>
<span title='Collapse all nodes' class='badge badge-default pointer float-right ct ml-1'><i class="fa fa-compress"></i></span>
<span title='Expand all nodes' class='badge badge-default pointer float-right et'><i class="fa fa-expand"></i></span>
</div>
</div>
</div><div class="detail-body mt-4">
<table class="table table-sm">
  <thead><tr><th class="status-col">Status</th><th class="timestamp-col">Timestamp</th><th class="details-col">Details</th></tr></thead>
  <tbody>
      <tr class="event-row">
        <td><span class="badge log info-bg">Info</span></td>
        <td>11:05:48 am</td>
        <td>
          VerifyRegisteringAccountByAllFields -Test Execution started !
        </td>
      </tr>
      <tr class="event-row">
        <td><span class="badge log pass-bg">Pass</span></td>
        <td>11:05:52 am</td>
        <td>
          VerifyRegisteringAccountByAllFields-Test got Passed !
        </td>
      </tr>
  </tbody>
</table>
</div>
          </div>
        </li>
        <li class="test-item"  status="pass" test-id="11"
          author=""
          tag=""
          device="">
          <div class="test-detail">
            <p class="name">VerifyRegisteringAccountByEnterringDiffPasswordsIntoPasswordAndConfirmPasswordField</p>
            <p class="text-sm">
              <span>11:05:57 am</span> / <span>00:00:02:620</span>
              <span class="badge pass-bg log float-right">Pass</span>
            </p>
          </div>
          <div class="test-contents d-none">
<div class="detail-head">
<div class="p-v-10">
<div class="info">
<h5 class="test-status text-pass">VerifyRegisteringAccountByEnterringDiffPasswordsIntoPasswordAndConfirmPasswordField</h5>
<span class='badge badge-success'>01.08.2026 11:05:57 am</span>
<span class='badge badge-danger'>01.08.2026 11:05:59 am</span>
<span class='badge badge-default'>00:00:02:620</span>
&middot; <span class='uri-anchor badge badge-default'>#test-id=11</span>
<span title='Skip to the next failed step' class='badge badge-danger pointer float-right ne ml-1'><i class="fa fa-fast-forward"></i></span>
<span title='Collapse all nodes' class='badge badge-default pointer float-right ct ml-1'><i class="fa fa-compress"></i></span>
<span title='Expand all nodes' class='badge badge-default pointer float-right et'><i class="fa fa-expand"></i></span>
</div>
</div>
</div><div class="detail-body mt-4">
<table class="table table-sm">
  <thead><tr><th class="status-col">Status</th><th class="timestamp-col">Timestamp</th><th class="details-col">Details</th></tr></thead>
  <tbody>
      <tr class="event-row">
        <td><span class="badge log info-bg">Info</span></td>
        <td>11:05:57 am</td>
        <td>
          VerifyRegisteringAccountByEnterringDiffPasswordsIntoPasswordAndConfirmPasswordField -Test Execution started !
        </td>
      </tr>
      <tr class="event-row">
        <td><span class="badge log pass-bg">Pass</span></td>
        <td>11:05:59 am</td>
        <td>
          VerifyRegisteringAccountByEnterringDiffPasswordsIntoPasswordAndConfirmPasswordField-Test got Passed !
        </td>
      </tr>
  </tbody>
</table>
</div>
          </div>
        </li>
        <li class="test-item"  status="pass" test-id="12"
          author=""
          tag=""
          device="">
          <div class="test-detail">
            <p class="name">VerifyRegisteringAccountByFillingPasswordFilledAndNotFiilingConfPasswordFilled</p>
            <p class="text-sm">
              <span>11:06:03 am</span> / <span>00:00:02:014</span>
              <span class="badge pass-bg log float-right">Pass</span>
            </p>
          </div>
          <div class="test-contents d-none">
<div class="detail-head">
<div class="p-v-10">
<div class="info">
<h5 class="test-status text-pass">VerifyRegisteringAccountByFillingPasswordFilledAndNotFiilingConfPasswordFilled</h5>
<span class='badge badge-success'>01.08.2026 11:06:03 am</span>
<span class='badge badge-danger'>01.08.2026 11:06:05 am</span>
<span class='badge badge-default'>00:00:02:014</span>
&middot; <span class='uri-anchor badge badge-default'>#test-id=12</span>
<span title='Skip to the next failed step' class='badge badge-danger pointer float-right ne ml-1'><i class="fa fa-fast-forward"></i></span>
<span title='Collapse all nodes' class='badge badge-default pointer float-right ct ml-1'><i class="fa fa-compress"></i></span>
<span title='Expand all nodes' class='badge badge-default pointer float-right et'><i class="fa fa-expand"></i></span>
</div>
</div>
</div><div class="detail-body mt-4">
<table class="table table-sm">
  <thead><tr><th class="status-col">Status</th><th class="timestamp-col">Timestamp</th><th class="details-col">Details</th></tr></thead>
  <tbody>
      <tr class="event-row">
        <td><span class="badge log info-bg">Info</span></td>
        <td>11:06:03 am</td>
        <td>
          VerifyRegisteringAccountByFillingPasswordFilledAndNotFiilingConfPasswordFilled -Test Execution started !
        </td>
      </tr>
      <tr class="event-row">
        <td><span class="badge log pass-bg">Pass</span></td>
        <td>11:06:05 am</td>
        <td>
          VerifyRegisteringAccountByFillingPasswordFilledAndNotFiilingConfPasswordFilled-Test got Passed !
        </td>
      </tr>
  </tbody>
</table>
</div>
          </div>
        </li>
        <li class="test-item"  status="fail" test-id="13"
          author=""
          tag=""
          device="">
          <div class="test-detail">
            <p class="name">VerifyRegisteringAccountByProvidingInvalidTelephoneNumber</p>
            <p class="text-sm">
              <span>11:06:08 am</span> / <span>00:00:07:989</span>
              <span class="badge fail-bg log float-right">Fail</span>
            </p>
          </div>
          <div class="test-contents d-none">
<div class="detail-head">
<div class="p-v-10">
<div class="info">
<h5 class="test-status text-fail">VerifyRegisteringAccountByProvidingInvalidTelephoneNumber</h5>
<span class='badge badge-success'>01.08.2026 11:06:08 am</span>
<span class='badge badge-danger'>01.08.2026 11:06:16 am</span>
<span class='badge badge-default'>00:00:07:989</span>
&middot; <span class='uri-anchor badge badge-default'>#test-id=13</span>
<span title='Skip to the next failed step' class='badge badge-danger pointer float-right ne ml-1'><i class="fa fa-fast-forward"></i></span>
<span title='Collapse all nodes' class='badge badge-default pointer float-right ct ml-1'><i class="fa fa-compress"></i></span>
<span title='Expand all nodes' class='badge badge-default pointer float-right et'><i class="fa fa-expand"></i></span>
</div>
</div>
</div>    <div class="row mb-3"><div class="col-md-3">
    

<img data-featherlight='C:\Users\HP\OneDrive\Pictures\TutorialsNinjaLiveAutomationProjectdemo\Screenshots\VerifyRegisteringAccountByProvidingInvalidTelephoneNumber.png' src="C:\Users\HP\OneDrive\Pictures\TutorialsNinjaLiveAutomationProjectdemo\Screenshots\VerifyRegisteringAccountByProvidingInvalidTelephoneNumber.png">
  
    

    </div></div>
<div class="detail-body mt-4">
<table class="table table-sm">
  <thead><tr><th class="status-col">Status</th><th class="timestamp-col">Timestamp</th><th class="details-col">Details</th></tr></thead>
  <tbody>
      <tr class="event-row">
        <td><span class="badge log info-bg">Info</span></td>
        <td>11:06:08 am</td>
        <td>
          VerifyRegisteringAccountByProvidingInvalidTelephoneNumber -Test Execution started !
        </td>
      </tr>
      <tr class="event-row">
        <td><span class="badge log fail-bg">Fail</span></td>
        <td>11:06:16 am</td>
        <td>
          VerifyRegisteringAccountByProvidingInvalidTelephoneNumber- Test Got Failed!!!!!
        </td>
      </tr>
      <tr class="event-row">
        <td><span class="badge log warning-bg">Warning</span></td>
        <td>11:06:16 am</td>
        <td>
          <textarea readonly class="code-block">java.lang.AssertionError: expected [true] but found [false]
	at org.testng.Assert.fail(Assert.java:111)
	at org.testng.Assert.failNotEquals(Assert.java:1590)
	at org.testng.Assert.assertTrue(Assert.java:57)
	at org.testng.Assert.assertTrue(Assert.java:67)
	at tests.RegisterTest.VerifyRegisteringAccountByProvidingInvalidTelephoneNumber(RegisterTest.java:189)
	at java.base/jdk.internal.reflect.NativeMethodAccessorImpl.invoke0(Native Method)
	at java.base/jdk.internal.reflect.NativeMethodAccessorImpl.invoke(NativeMethodAccessorImpl.java:77)
	at java.base/jdk.internal.reflect.DelegatingMethodAccessorImpl.invoke(DelegatingMethodAccessorImpl.java:43)
	at java.base/java.lang.reflect.Method.invoke(Method.java:568)
	at org.testng.internal.invokers.MethodInvocationHelper.invokeMethod(MethodInvocationHelper.java:141)
	at org.testng.internal.invokers.TestInvoker.invokeMethod(TestInvoker.java:687)
	at org.testng.internal.invokers.TestInvoker.invokeTestMethod(TestInvoker.java:230)
	at org.testng.internal.invokers.MethodRunner.runInSequence(MethodRunner.java:63)
	at org.testng.internal.invokers.TestInvoker$MethodInvocationAgent.invoke(TestInvoker.java:995)
	at org.testng.internal.invokers.TestInvoker.invokeTestMethods(TestInvoker.java:203)
	at org.testng.internal.invokers.TestMethodWorker.invokeTestMethods(TestMethodWorker.java:154)
	at org.testng.internal.invokers.TestMethodWorker.run(TestMethodWorker.java:134)
	at java.base/java.util.ArrayList.forEach(ArrayList.java:1511)
	at org.testng.TestRunner.privateRun(TestRunner.java:741)
	at org.testng.TestRunner.run(TestRunner.java:616)
	at org.testng.SuiteRunner.runTest(SuiteRunner.java:421)
	at org.testng.SuiteRunner.runSequentially(SuiteRunner.java:413)
	at org.testng.SuiteRunner.privateRun(SuiteRunner.java:373)
	at org.testng.SuiteRunner.run(SuiteRunner.java:312)
	at org.testng.SuiteRunnerWorker.runSuite(SuiteRunnerWorker.java:52)
	at org.testng.SuiteRunnerWorker.run(SuiteRunnerWorker.java:95)
	at org.testng.TestNG.runSuitesSequentially(TestNG.java:1274)
	at org.testng.TestNG.runSuitesLocally(TestNG.java:1208)
	at org.testng.TestNG.runSuites(TestNG.java:1112)
	at org.testng.TestNG.run(TestNG.java:1079)
	at org.apache.maven.surefire.testng.TestNGExecutor.run(TestNGExecutor.java:308)
	at org.apache.maven.surefire.testng.TestNGXmlTestSuite.execute(TestNGXmlTestSuite.java:71)
	at org.apache.maven.surefire.testng.TestNGProvider.invoke(TestNGProvider.java:113)
	at org.apache.maven.surefire.booter.ForkedBooter.runSuitesInProcess(ForkedBooter.java:385)
	at org.apache.maven.surefire.booter.ForkedBooter.execute(ForkedBooter.java:162)
	at org.apache.maven.surefire.booter.ForkedBooter.run(ForkedBooter.java:507)
	at org.apache.maven.surefire.booter.ForkedBooter.main(ForkedBooter.java:495)
</textarea>
          
        </td>
      </tr>
  </tbody>
</table>
</div>
          </div>
        </li>
        <li class="test-item"  status="pass" test-id="14"
          author=""
          tag=""
          device="">
          <div class="test-detail">
            <p class="name">VerifyRegisteringAccountBySelectingNoOptioninTheNewsletterField</p>
            <p class="text-sm">
              <span>11:06:20 am</span> / <span>00:00:03:211</span>
              <span class="badge pass-bg log float-right">Pass</span>
            </p>
          </div>
          <div class="test-contents d-none">
<div class="detail-head">
<div class="p-v-10">
<div class="info">
<h5 class="test-status text-pass">VerifyRegisteringAccountBySelectingNoOptioninTheNewsletterField</h5>
<span class='badge badge-success'>01.08.2026 11:06:20 am</span>
<span class='badge badge-danger'>01.08.2026 11:06:23 am</span>
<span class='badge badge-default'>00:00:03:211</span>
&middot; <span class='uri-anchor badge badge-default'>#test-id=14</span>
<span title='Skip to the next failed step' class='badge badge-danger pointer float-right ne ml-1'><i class="fa fa-fast-forward"></i></span>
<span title='Collapse all nodes' class='badge badge-default pointer float-right ct ml-1'><i class="fa fa-compress"></i></span>
<span title='Expand all nodes' class='badge badge-default pointer float-right et'><i class="fa fa-expand"></i></span>
</div>
</div>
</div><div class="detail-body mt-4">
<table class="table table-sm">
  <thead><tr><th class="status-col">Status</th><th class="timestamp-col">Timestamp</th><th class="details-col">Details</th></tr></thead>
  <tbody>
      <tr class="event-row">
        <td><span class="badge log info-bg">Info</span></td>
        <td>11:06:20 am</td>
        <td>
          VerifyRegisteringAccountBySelectingNoOptioninTheNewsletterField -Test Execution started !
        </td>
      </tr>
      <tr class="event-row">
        <td><span class="badge log pass-bg">Pass</span></td>
        <td>11:06:23 am</td>
        <td>
          VerifyRegisteringAccountBySelectingNoOptioninTheNewsletterField-Test got Passed !
        </td>
      </tr>
  </tbody>
</table>
</div>
          </div>
        </li>
        <li class="test-item"  status="pass" test-id="15"
          author=""
          tag=""
          device="">
          <div class="test-detail">
            <p class="name">VerifyRegisteringAccountBySelectingYesOptionInNewsletterField</p>
            <p class="text-sm">
              <span>11:06:26 am</span> / <span>00:00:03:477</span>
              <span class="badge pass-bg log float-right">Pass</span>
            </p>
          </div>
          <div class="test-contents d-none">
<div class="detail-head">
<div class="p-v-10">
<div class="info">
<h5 class="test-status text-pass">VerifyRegisteringAccountBySelectingYesOptionInNewsletterField</h5>
<span class='badge badge-success'>01.08.2026 11:06:26 am</span>
<span class='badge badge-danger'>01.08.2026 11:06:30 am</span>
<span class='badge badge-default'>00:00:03:477</span>
&middot; <span class='uri-anchor badge badge-default'>#test-id=15</span>
<span title='Skip to the next failed step' class='badge badge-danger pointer float-right ne ml-1'><i class="fa fa-fast-forward"></i></span>
<span title='Collapse all nodes' class='badge badge-default pointer float-right ct ml-1'><i class="fa fa-compress"></i></span>
<span title='Expand all nodes' class='badge badge-default pointer float-right et'><i class="fa fa-expand"></i></span>
</div>
</div>
</div><div class="detail-body mt-4">
<table class="table table-sm">
  <thead><tr><th class="status-col">Status</th><th class="timestamp-col">Timestamp</th><th class="details-col">Details</th></tr></thead>
  <tbody>
      <tr class="event-row">
        <td><span class="badge log info-bg">Info</span></td>
        <td>11:06:26 am</td>
        <td>
          VerifyRegisteringAccountBySelectingYesOptionInNewsletterField -Test Execution started !
        </td>
      </tr>
      <tr class="event-row">
        <td><span class="badge log pass-bg">Pass</span></td>
        <td>11:06:30 am</td>
        <td>
          VerifyRegisteringAccountBySelectingYesOptionInNewsletterField-Test got Passed !
        </td>
      </tr>
  </tbody>
</table>
</div>
          </div>
        </li>
        <li class="test-item"  status="fail" test-id="16"
          author=""
          tag=""
          device="">
          <div class="test-detail">
            <p class="name">VerifyRegisteringAccountWhetherTheLeadingAndTrailingSpacesEnteredIntoTheRegisterAccountFieldsAreTrimmed</p>
            <p class="text-sm">
              <span>11:06:33 am</span> / <span>00:00:03:491</span>
              <span class="badge fail-bg log float-right">Fail</span>
            </p>
          </div>
          <div class="test-contents d-none">
<div class="detail-head">
<div class="p-v-10">
<div class="info">
<h5 class="test-status text-fail">VerifyRegisteringAccountWhetherTheLeadingAndTrailingSpacesEnteredIntoTheRegisterAccountFieldsAreTrimmed</h5>
<span class='badge badge-success'>01.08.2026 11:06:33 am</span>
<span class='badge badge-danger'>01.08.2026 11:06:37 am</span>
<span class='badge badge-default'>00:00:03:491</span>
&middot; <span class='uri-anchor badge badge-default'>#test-id=16</span>
<span title='Skip to the next failed step' class='badge badge-danger pointer float-right ne ml-1'><i class="fa fa-fast-forward"></i></span>
<span title='Collapse all nodes' class='badge badge-default pointer float-right ct ml-1'><i class="fa fa-compress"></i></span>
<span title='Expand all nodes' class='badge badge-default pointer float-right et'><i class="fa fa-expand"></i></span>
</div>
</div>
</div>    <div class="row mb-3"><div class="col-md-3">
    

<img data-featherlight='C:\Users\HP\OneDrive\Pictures\TutorialsNinjaLiveAutomationProjectdemo\Screenshots\VerifyRegisteringAccountWhetherTheLeadingAndTrailingSpacesEnteredIntoTheRegisterAccountFieldsAreTrimmed.png' src="C:\Users\HP\OneDrive\Pictures\TutorialsNinjaLiveAutomationProjectdemo\Screenshots\VerifyRegisteringAccountWhetherTheLeadingAndTrailingSpacesEnteredIntoTheRegisterAccountFieldsAreTrimmed.png">
  
    

    </div></div>
<div class="detail-body mt-4">
<table class="table table-sm">
  <thead><tr><th class="status-col">Status</th><th class="timestamp-col">Timestamp</th><th class="details-col">Details</th></tr></thead>
  <tbody>
      <tr class="event-row">
        <td><span class="badge log info-bg">Info</span></td>
        <td>11:06:33 am</td>
        <td>
          VerifyRegisteringAccountWhetherTheLeadingAndTrailingSpacesEnteredIntoTheRegisterAccountFieldsAreTrimmed -Test Execution started !
        </td>
      </tr>
      <tr class="event-row">
        <td><span class="badge log fail-bg">Fail</span></td>
        <td>11:06:37 am</td>
        <td>
          VerifyRegisteringAccountWhetherTheLeadingAndTrailingSpacesEnteredIntoTheRegisterAccountFieldsAreTrimmed- Test Got Failed!!!!!
        </td>
      </tr>
      <tr class="event-row">
        <td><span class="badge log warning-bg">Warning</span></td>
        <td>11:06:37 am</td>
        <td>
          <textarea readonly class="code-block">java.lang.AssertionError: The following asserts failed:
	expected [Mahesh] but found [   Mahesh  ],
	expected [Kumar] but found [   Kumar   ],
	expected [1234567890] but found [  1234567890  ]
	at org.testng.asserts.SoftAssert.assertAll(SoftAssert.java:46)
	at org.testng.asserts.SoftAssert.assertAll(SoftAssert.java:30)
	at tests.RegisterTest.VerifyRegisteringAccountWhetherTheLeadingAndTrailingSpacesEnteredIntoTheRegisterAccountFieldsAreTrimmed(RegisterTest.java:249)
	at java.base/jdk.internal.reflect.NativeMethodAccessorImpl.invoke0(Native Method)
	at java.base/jdk.internal.reflect.NativeMethodAccessorImpl.invoke(NativeMethodAccessorImpl.java:77)
	at java.base/jdk.internal.reflect.DelegatingMethodAccessorImpl.invoke(DelegatingMethodAccessorImpl.java:43)
	at java.base/java.lang.reflect.Method.invoke(Method.java:568)
	at org.testng.internal.invokers.MethodInvocationHelper.invokeMethod(MethodInvocationHelper.java:141)
	at org.testng.internal.invokers.TestInvoker.invokeMethod(TestInvoker.java:687)
	at org.testng.internal.invokers.TestInvoker.invokeTestMethod(TestInvoker.java:230)
	at org.testng.internal.invokers.MethodRunner.runInSequence(MethodRunner.java:63)
	at org.testng.internal.invokers.TestInvoker$MethodInvocationAgent.invoke(TestInvoker.java:995)
	at org.testng.internal.invokers.TestInvoker.invokeTestMethods(TestInvoker.java:203)
	at org.testng.internal.invokers.TestMethodWorker.invokeTestMethods(TestMethodWorker.java:154)
	at org.testng.internal.invokers.TestMethodWorker.run(TestMethodWorker.java:134)
	at java.base/java.util.ArrayList.forEach(ArrayList.java:1511)
	at org.testng.TestRunner.privateRun(TestRunner.java:741)
	at org.testng.TestRunner.run(TestRunner.java:616)
	at org.testng.SuiteRunner.runTest(SuiteRunner.java:421)
	at org.testng.SuiteRunner.runSequentially(SuiteRunner.java:413)
	at org.testng.SuiteRunner.privateRun(SuiteRunner.java:373)
	at org.testng.SuiteRunner.run(SuiteRunner.java:312)
	at org.testng.SuiteRunnerWorker.runSuite(SuiteRunnerWorker.java:52)
	at org.testng.SuiteRunnerWorker.run(SuiteRunnerWorker.java:95)
	at org.testng.TestNG.runSuitesSequentially(TestNG.java:1274)
	at org.testng.TestNG.runSuitesLocally(TestNG.java:1208)
	at org.testng.TestNG.runSuites(TestNG.java:1112)
	at org.testng.TestNG.run(TestNG.java:1079)
	at org.apache.maven.surefire.testng.TestNGExecutor.run(TestNGExecutor.java:308)
	at org.apache.maven.surefire.testng.TestNGXmlTestSuite.execute(TestNGXmlTestSuite.java:71)
	at org.apache.maven.surefire.testng.TestNGProvider.invoke(TestNGProvider.java:113)
	at org.apache.maven.surefire.booter.ForkedBooter.runSuitesInProcess(ForkedBooter.java:385)
	at org.apache.maven.surefire.booter.ForkedBooter.execute(ForkedBooter.java:162)
	at org.apache.maven.surefire.booter.ForkedBooter.run(ForkedBooter.java:507)
	at org.apache.maven.surefire.booter.ForkedBooter.main(ForkedBooter.java:495)
</textarea>
          
        </td>
      </tr>
  </tbody>
</table>
</div>
          </div>
        </li>
        <li class="test-item"  status="pass" test-id="17"
          author=""
          tag=""
          device="">
          <div class="test-detail">
            <p class="name">VerifyRegisteringAccountWithoutEnteringAnyDetails</p>
            <p class="text-sm">
              <span>11:06:40 am</span> / <span>00:00:00:941</span>
              <span class="badge pass-bg log float-right">Pass</span>
            </p>
          </div>
          <div class="test-contents d-none">
<div class="detail-head">
<div class="p-v-10">
<div class="info">
<h5 class="test-status text-pass">VerifyRegisteringAccountWithoutEnteringAnyDetails</h5>
<span class='badge badge-success'>01.08.2026 11:06:40 am</span>
<span class='badge badge-danger'>01.08.2026 11:06:41 am</span>
<span class='badge badge-default'>00:00:00:941</span>
&middot; <span class='uri-anchor badge badge-default'>#test-id=17</span>
<span title='Skip to the next failed step' class='badge badge-danger pointer float-right ne ml-1'><i class="fa fa-fast-forward"></i></span>
<span title='Collapse all nodes' class='badge badge-default pointer float-right ct ml-1'><i class="fa fa-compress"></i></span>
<span title='Expand all nodes' class='badge badge-default pointer float-right et'><i class="fa fa-expand"></i></span>
</div>
</div>
</div><div class="detail-body mt-4">
<table class="table table-sm">
  <thead><tr><th class="status-col">Status</th><th class="timestamp-col">Timestamp</th><th class="details-col">Details</th></tr></thead>
  <tbody>
      <tr class="event-row">
        <td><span class="badge log info-bg">Info</span></td>
        <td>11:06:40 am</td>
        <td>
          VerifyRegisteringAccountWithoutEnteringAnyDetails -Test Execution started !
        </td>
      </tr>
      <tr class="event-row">
        <td><span class="badge log pass-bg">Pass</span></td>
        <td>11:06:41 am</td>
        <td>
          VerifyRegisteringAccountWithoutEnteringAnyDetails-Test got Passed !
        </td>
      </tr>
  </tbody>
</table>
</div>
          </div>
        </li>
        <li class="test-item"  status="pass" test-id="18"
          author=""
          tag=""
          device="">
          <div class="test-detail">
            <p class="name">VerifyRegisteringAccountWithoutSelectingThePrivacyPolicyCheckboxOption</p>
            <p class="text-sm">
              <span>11:06:44 am</span> / <span>00:00:01:939</span>
              <span class="badge pass-bg log float-right">Pass</span>
            </p>
          </div>
          <div class="test-contents d-none">
<div class="detail-head">
<div class="p-v-10">
<div class="info">
<h5 class="test-status text-pass">VerifyRegisteringAccountWithoutSelectingThePrivacyPolicyCheckboxOption</h5>
<span class='badge badge-success'>01.08.2026 11:06:44 am</span>
<span class='badge badge-danger'>01.08.2026 11:06:46 am</span>
<span class='badge badge-default'>00:00:01:939</span>
&middot; <span class='uri-anchor badge badge-default'>#test-id=18</span>
<span title='Skip to the next failed step' class='badge badge-danger pointer float-right ne ml-1'><i class="fa fa-fast-forward"></i></span>
<span title='Collapse all nodes' class='badge badge-default pointer float-right ct ml-1'><i class="fa fa-compress"></i></span>
<span title='Expand all nodes' class='badge badge-default pointer float-right et'><i class="fa fa-expand"></i></span>
</div>
</div>
</div><div class="detail-body mt-4">
<table class="table table-sm">
  <thead><tr><th class="status-col">Status</th><th class="timestamp-col">Timestamp</th><th class="details-col">Details</th></tr></thead>
  <tbody>
      <tr class="event-row">
        <td><span class="badge log info-bg">Info</span></td>
        <td>11:06:44 am</td>
        <td>
          VerifyRegisteringAccountWithoutSelectingThePrivacyPolicyCheckboxOption -Test Execution started !
        </td>
      </tr>
      <tr class="event-row">
        <td><span class="badge log pass-bg">Pass</span></td>
        <td>11:06:46 am</td>
        <td>
          VerifyRegisteringAccountWithoutSelectingThePrivacyPolicyCheckboxOption-Test got Passed !
        </td>
      </tr>
  </tbody>
</table>
</div>
          </div>
        </li>
        <li class="test-item"  status="pass" test-id="19"
          author=""
          tag=""
          device="">
          <div class="test-detail">
            <p class="name">VerifyRegisteringAnAccountByProvidingAnInvalidEmailAddressIntoTheE_MailField</p>
            <p class="text-sm">
              <span>11:06:50 am</span> / <span>00:00:04:696</span>
              <span class="badge pass-bg log float-right">Pass</span>
            </p>
          </div>
          <div class="test-contents d-none">
<div class="detail-head">
<div class="p-v-10">
<div class="info">
<h5 class="test-status text-pass">VerifyRegisteringAnAccountByProvidingAnInvalidEmailAddressIntoTheE_MailField</h5>
<span class='badge badge-success'>01.08.2026 11:06:50 am</span>
<span class='badge badge-danger'>01.08.2026 11:06:55 am</span>
<span class='badge badge-default'>00:00:04:696</span>
&middot; <span class='uri-anchor badge badge-default'>#test-id=19</span>
<span title='Skip to the next failed step' class='badge badge-danger pointer float-right ne ml-1'><i class="fa fa-fast-forward"></i></span>
<span title='Collapse all nodes' class='badge badge-default pointer float-right ct ml-1'><i class="fa fa-compress"></i></span>
<span title='Expand all nodes' class='badge badge-default pointer float-right et'><i class="fa fa-expand"></i></span>
</div>
</div>
</div><div class="detail-body mt-4">
<table class="table table-sm">
  <thead><tr><th class="status-col">Status</th><th class="timestamp-col">Timestamp</th><th class="details-col">Details</th></tr></thead>
  <tbody>
      <tr class="event-row">
        <td><span class="badge log info-bg">Info</span></td>
        <td>11:06:50 am</td>
        <td>
          VerifyRegisteringAnAccountByProvidingAnInvalidEmailAddressIntoTheE_MailField -Test Execution started !
        </td>
      </tr>
      <tr class="event-row">
        <td><span class="badge log pass-bg">Pass</span></td>
        <td>11:06:55 am</td>
        <td>
          VerifyRegisteringAnAccountByProvidingAnInvalidEmailAddressIntoTheE_MailField-Test got Passed !
        </td>
      </tr>
  </tbody>
</table>
</div>
          </div>
        </li>
        <li class="test-item"  status="pass" test-id="20"
          author=""
          tag=""
          device="">
          <div class="test-detail">
            <p class="name">VerifyRegisteringAnAccountByProvidingTheExistingEmailAddress</p>
            <p class="text-sm">
              <span>11:06:58 am</span> / <span>00:00:02:053</span>
              <span class="badge pass-bg log float-right">Pass</span>
            </p>
          </div>
          <div class="test-contents d-none">
<div class="detail-head">
<div class="p-v-10">
<div class="info">
<h5 class="test-status text-pass">VerifyRegisteringAnAccountByProvidingTheExistingEmailAddress</h5>
<span class='badge badge-success'>01.08.2026 11:06:58 am</span>
<span class='badge badge-danger'>01.08.2026 11:07:00 am</span>
<span class='badge badge-default'>00:00:02:053</span>
&middot; <span class='uri-anchor badge badge-default'>#test-id=20</span>
<span title='Skip to the next failed step' class='badge badge-danger pointer float-right ne ml-1'><i class="fa fa-fast-forward"></i></span>
<span title='Collapse all nodes' class='badge badge-default pointer float-right ct ml-1'><i class="fa fa-compress"></i></span>
<span title='Expand all nodes' class='badge badge-default pointer float-right et'><i class="fa fa-expand"></i></span>
</div>
</div>
</div><div class="detail-body mt-4">
<table class="table table-sm">
  <thead><tr><th class="status-col">Status</th><th class="timestamp-col">Timestamp</th><th class="details-col">Details</th></tr></thead>
  <tbody>
      <tr class="event-row">
        <td><span class="badge log info-bg">Info</span></td>
        <td>11:06:58 am</td>
        <td>
          VerifyRegisteringAnAccountByProvidingTheExistingEmailAddress -Test Execution started !
        </td>
      </tr>
      <tr class="event-row">
        <td><span class="badge log pass-bg">Pass</span></td>
        <td>11:07:00 am</td>
        <td>
          VerifyRegisteringAnAccountByProvidingTheExistingEmailAddress-Test got Passed !
        </td>
      </tr>
  </tbody>
</table>
</div>
          </div>
        </li>
        <li class="test-item"  status="pass" test-id="21"
          author=""
          tag=""
          device="">
          <div class="test-detail">
            <p class="name">VerifyRegisteringAnAccountByUsingTheKeyboardKeys</p>
            <p class="text-sm">
              <span>11:07:04 am</span> / <span>00:00:01:635</span>
              <span class="badge pass-bg log float-right">Pass</span>
            </p>
          </div>
          <div class="test-contents d-none">
<div class="detail-head">
<div class="p-v-10">
<div class="info">
<h5 class="test-status text-pass">VerifyRegisteringAnAccountByUsingTheKeyboardKeys</h5>
<span class='badge badge-success'>01.08.2026 11:07:04 am</span>
<span class='badge badge-danger'>01.08.2026 11:07:06 am</span>
<span class='badge badge-default'>00:00:01:635</span>
&middot; <span class='uri-anchor badge badge-default'>#test-id=21</span>
<span title='Skip to the next failed step' class='badge badge-danger pointer float-right ne ml-1'><i class="fa fa-fast-forward"></i></span>
<span title='Collapse all nodes' class='badge badge-default pointer float-right ct ml-1'><i class="fa fa-compress"></i></span>
<span title='Expand all nodes' class='badge badge-default pointer float-right et'><i class="fa fa-expand"></i></span>
</div>
</div>
</div><div class="detail-body mt-4">
<table class="table table-sm">
  <thead><tr><th class="status-col">Status</th><th class="timestamp-col">Timestamp</th><th class="details-col">Details</th></tr></thead>
  <tbody>
      <tr class="event-row">
        <td><span class="badge log info-bg">Info</span></td>
        <td>11:07:04 am</td>
        <td>
          VerifyRegisteringAnAccountByUsingTheKeyboardKeys -Test Execution started !
        </td>
      </tr>
      <tr class="event-row">
        <td><span class="badge log pass-bg">Pass</span></td>
        <td>11:07:06 am</td>
        <td>
          VerifyRegisteringAnAccountByUsingTheKeyboardKeys-Test got Passed !
        </td>
      </tr>
  </tbody>
</table>
</div>
          </div>
        </li>
        <li class="test-item"  status="fail" test-id="22"
          author=""
          tag=""
          device="">
          <div class="test-detail">
            <p class="name">VerifyTheBreadcrumbPageHeadingPageURLPageTitleOfRegisterAccountPage</p>
            <p class="text-sm">
              <span>11:07:09 am</span> / <span>00:00:00:251</span>
              <span class="badge fail-bg log float-right">Fail</span>
            </p>
          </div>
          <div class="test-contents d-none">
<div class="detail-head">
<div class="p-v-10">
<div class="info">
<h5 class="test-status text-fail">VerifyTheBreadcrumbPageHeadingPageURLPageTitleOfRegisterAccountPage</h5>
<span class='badge badge-success'>01.08.2026 11:07:09 am</span>
<span class='badge badge-danger'>01.08.2026 11:07:09 am</span>
<span class='badge badge-default'>00:00:00:251</span>
&middot; <span class='uri-anchor badge badge-default'>#test-id=22</span>
<span title='Skip to the next failed step' class='badge badge-danger pointer float-right ne ml-1'><i class="fa fa-fast-forward"></i></span>
<span title='Collapse all nodes' class='badge badge-default pointer float-right ct ml-1'><i class="fa fa-compress"></i></span>
<span title='Expand all nodes' class='badge badge-default pointer float-right et'><i class="fa fa-expand"></i></span>
</div>
</div>
</div>    <div class="row mb-3"><div class="col-md-3">
    

<img data-featherlight='C:\Users\HP\OneDrive\Pictures\TutorialsNinjaLiveAutomationProjectdemo\Screenshots\VerifyTheBreadcrumbPageHeadingPageURLPageTitleOfRegisterAccountPage.png' src="C:\Users\HP\OneDrive\Pictures\TutorialsNinjaLiveAutomationProjectdemo\Screenshots\VerifyTheBreadcrumbPageHeadingPageURLPageTitleOfRegisterAccountPage.png">
  
    

    </div></div>
<div class="detail-body mt-4">
<table class="table table-sm">
  <thead><tr><th class="status-col">Status</th><th class="timestamp-col">Timestamp</th><th class="details-col">Details</th></tr></thead>
  <tbody>
      <tr class="event-row">
        <td><span class="badge log info-bg">Info</span></td>
        <td>11:07:09 am</td>
        <td>
          VerifyTheBreadcrumbPageHeadingPageURLPageTitleOfRegisterAccountPage -Test Execution started !
        </td>
      </tr>
      <tr class="event-row">
        <td><span class="badge log fail-bg">Fail</span></td>
        <td>11:07:09 am</td>
        <td>
          VerifyTheBreadcrumbPageHeadingPageURLPageTitleOfRegisterAccountPage- Test Got Failed!!!!!
        </td>
      </tr>
      <tr class="event-row">
        <td><span class="badge log warning-bg">Warning</span></td>
        <td>11:07:09 am</td>
        <td>
          <textarea readonly class="code-block">java.lang.AssertionError: expected [index.php?route=account/register] but found [https://tutorialsninja.com/demo/index.php?route=account/register]
	at org.testng.Assert.fail(Assert.java:111)
	at org.testng.Assert.failNotEquals(Assert.java:1590)
	at org.testng.Assert.assertEqualsImpl(Assert.java:150)
	at org.testng.Assert.assertEquals(Assert.java:132)
	at org.testng.Assert.assertEquals(Assert.java:656)
	at org.testng.Assert.assertEquals(Assert.java:666)
	at tests.RegisterTest.VerifyTheBreadcrumbPageHeadingPageURLPageTitleOfRegisterAccountPage(RegisterTest.java:760)
	at java.base/jdk.internal.reflect.NativeMethodAccessorImpl.invoke0(Native Method)
	at java.base/jdk.internal.reflect.NativeMethodAccessorImpl.invoke(NativeMethodAccessorImpl.java:77)
	at java.base/jdk.internal.reflect.DelegatingMethodAccessorImpl.invoke(DelegatingMethodAccessorImpl.java:43)
	at java.base/java.lang.reflect.Method.invoke(Method.java:568)
	at org.testng.internal.invokers.MethodInvocationHelper.invokeMethod(MethodInvocationHelper.java:141)
	at org.testng.internal.invokers.TestInvoker.invokeMethod(TestInvoker.java:687)
	at org.testng.internal.invokers.TestInvoker.invokeTestMethod(TestInvoker.java:230)
	at org.testng.internal.invokers.MethodRunner.runInSequence(MethodRunner.java:63)
	at org.testng.internal.invokers.TestInvoker$MethodInvocationAgent.invoke(TestInvoker.java:995)
	at org.testng.internal.invokers.TestInvoker.invokeTestMethods(TestInvoker.java:203)
	at org.testng.internal.invokers.TestMethodWorker.invokeTestMethods(TestMethodWorker.java:154)
	at org.testng.internal.invokers.TestMethodWorker.run(TestMethodWorker.java:134)
	at java.base/java.util.ArrayList.forEach(ArrayList.java:1511)
	at org.testng.TestRunner.privateRun(TestRunner.java:741)
	at org.testng.TestRunner.run(TestRunner.java:616)
	at org.testng.SuiteRunner.runTest(SuiteRunner.java:421)
	at org.testng.SuiteRunner.runSequentially(SuiteRunner.java:413)
	at org.testng.SuiteRunner.privateRun(SuiteRunner.java:373)
	at org.testng.SuiteRunner.run(SuiteRunner.java:312)
	at org.testng.SuiteRunnerWorker.runSuite(SuiteRunnerWorker.java:52)
	at org.testng.SuiteRunnerWorker.run(SuiteRunnerWorker.java:95)
	at org.testng.TestNG.runSuitesSequentially(TestNG.java:1274)
	at org.testng.TestNG.runSuitesLocally(TestNG.java:1208)
	at org.testng.TestNG.runSuites(TestNG.java:1112)
	at org.testng.TestNG.run(TestNG.java:1079)
	at org.apache.maven.surefire.testng.TestNGExecutor.run(TestNGExecutor.java:308)
	at org.apache.maven.surefire.testng.TestNGXmlTestSuite.execute(TestNGXmlTestSuite.java:71)
	at org.apache.maven.surefire.testng.TestNGProvider.invoke(TestNGProvider.java:113)
	at org.apache.maven.surefire.booter.ForkedBooter.runSuitesInProcess(ForkedBooter.java:385)
	at org.apache.maven.surefire.booter.ForkedBooter.execute(ForkedBooter.java:162)
	at org.apache.maven.surefire.booter.ForkedBooter.run(ForkedBooter.java:507)
	at org.apache.maven.surefire.booter.ForkedBooter.main(ForkedBooter.java:495)
</textarea>
          
        </td>
      </tr>
  </tbody>
</table>
</div>
          </div>
        </li>
        <li class="test-item"  status="pass" test-id="23"
          author=""
          tag=""
          device="">
          <div class="test-detail">
            <p class="name">VerifyThePasswordTextEnteredIntoThePasswordAndPasswordConfirmFieldOfRegisterAccountFunctionalityIsToggledToHideItsVisibility</p>
            <p class="text-sm">
              <span>11:07:12 am</span> / <span>00:00:00:069</span>
              <span class="badge pass-bg log float-right">Pass</span>
            </p>
          </div>
          <div class="test-contents d-none">
<div class="detail-head">
<div class="p-v-10">
<div class="info">
<h5 class="test-status text-pass">VerifyThePasswordTextEnteredIntoThePasswordAndPasswordConfirmFieldOfRegisterAccountFunctionalityIsToggledToHideItsVisibility</h5>
<span class='badge badge-success'>01.08.2026 11:07:12 am</span>
<span class='badge badge-danger'>01.08.2026 11:07:13 am</span>
<span class='badge badge-default'>00:00:00:069</span>
&middot; <span class='uri-anchor badge badge-default'>#test-id=23</span>
<span title='Skip to the next failed step' class='badge badge-danger pointer float-right ne ml-1'><i class="fa fa-fast-forward"></i></span>
<span title='Collapse all nodes' class='badge badge-default pointer float-right ct ml-1'><i class="fa fa-compress"></i></span>
<span title='Expand all nodes' class='badge badge-default pointer float-right et'><i class="fa fa-expand"></i></span>
</div>
</div>
</div><div class="detail-body mt-4">
<table class="table table-sm">
  <thead><tr><th class="status-col">Status</th><th class="timestamp-col">Timestamp</th><th class="details-col">Details</th></tr></thead>
  <tbody>
      <tr class="event-row">
        <td><span class="badge log info-bg">Info</span></td>
        <td>11:07:12 am</td>
        <td>
          VerifyThePasswordTextEnteredIntoThePasswordAndPasswordConfirmFieldOfRegisterAccountFunctionalityIsToggledToHideItsVisibility -Test Execution started !
        </td>
      </tr>
      <tr class="event-row">
        <td><span class="badge log pass-bg">Pass</span></td>
        <td>11:07:13 am</td>
        <td>
          VerifyThePasswordTextEnteredIntoThePasswordAndPasswordConfirmFieldOfRegisterAccountFunctionalityIsToggledToHideItsVisibility-Test got Passed !
        </td>
      </tr>
  </tbody>
</table>
</div>
          </div>
        </li>
        <li class="test-item"  status="fail" test-id="24"
          author=""
          tag=""
          device="">
          <div class="test-detail">
            <p class="name">VerifyWhetherTheMandatoryFieldsInTheRegisterAccountPageAreNotAcceptingOnlySpaces</p>
            <p class="text-sm">
              <span>11:07:16 am</span> / <span>00:00:07:157</span>
              <span class="badge fail-bg log float-right">Fail</span>
            </p>
          </div>
          <div class="test-contents d-none">
<div class="detail-head">
<div class="p-v-10">
<div class="info">
<h5 class="test-status text-fail">VerifyWhetherTheMandatoryFieldsInTheRegisterAccountPageAreNotAcceptingOnlySpaces</h5>
<span class='badge badge-success'>01.08.2026 11:07:16 am</span>
<span class='badge badge-danger'>01.08.2026 11:07:23 am</span>
<span class='badge badge-default'>00:00:07:157</span>
&middot; <span class='uri-anchor badge badge-default'>#test-id=24</span>
<span title='Skip to the next failed step' class='badge badge-danger pointer float-right ne ml-1'><i class="fa fa-fast-forward"></i></span>
<span title='Collapse all nodes' class='badge badge-default pointer float-right ct ml-1'><i class="fa fa-compress"></i></span>
<span title='Expand all nodes' class='badge badge-default pointer float-right et'><i class="fa fa-expand"></i></span>
</div>
</div>
</div>    <div class="row mb-3"><div class="col-md-3">
    

<img data-featherlight='C:\Users\HP\OneDrive\Pictures\TutorialsNinjaLiveAutomationProjectdemo\Screenshots\VerifyWhetherTheMandatoryFieldsInTheRegisterAccountPageAreNotAcceptingOnlySpaces.png' src="C:\Users\HP\OneDrive\Pictures\TutorialsNinjaLiveAutomationProjectdemo\Screenshots\VerifyWhetherTheMandatoryFieldsInTheRegisterAccountPageAreNotAcceptingOnlySpaces.png">
  
    

    </div></div>
<div class="detail-body mt-4">
<table class="table table-sm">
  <thead><tr><th class="status-col">Status</th><th class="timestamp-col">Timestamp</th><th class="details-col">Details</th></tr></thead>
  <tbody>
      <tr class="event-row">
        <td><span class="badge log info-bg">Info</span></td>
        <td>11:07:16 am</td>
        <td>
          VerifyWhetherTheMandatoryFieldsInTheRegisterAccountPageAreNotAcceptingOnlySpaces -Test Execution started !
        </td>
      </tr>
      <tr class="event-row">
        <td><span class="badge log fail-bg">Fail</span></td>
        <td>11:07:23 am</td>
        <td>
          VerifyWhetherTheMandatoryFieldsInTheRegisterAccountPageAreNotAcceptingOnlySpaces- Test Got Failed!!!!!
        </td>
      </tr>
      <tr class="event-row">
        <td><span class="badge log warning-bg">Warning</span></td>
        <td>11:07:23 am</td>
        <td>
          <textarea readonly class="code-block">java.lang.AssertionError: expected [true] but found [false]
	at org.testng.Assert.fail(Assert.java:111)
	at org.testng.Assert.failNotEquals(Assert.java:1590)
	at org.testng.Assert.assertTrue(Assert.java:57)
	at org.testng.Assert.assertTrue(Assert.java:67)
	at tests.RegisterTest.VerifyWhetherTheMandatoryFieldsInTheRegisterAccountPageAreNotAcceptingOnlySpaces(RegisterTest.java:270)
	at java.base/jdk.internal.reflect.NativeMethodAccessorImpl.invoke0(Native Method)
	at java.base/jdk.internal.reflect.NativeMethodAccessorImpl.invoke(NativeMethodAccessorImpl.java:77)
	at java.base/jdk.internal.reflect.DelegatingMethodAccessorImpl.invoke(DelegatingMethodAccessorImpl.java:43)
	at java.base/java.lang.reflect.Method.invoke(Method.java:568)
	at org.testng.internal.invokers.MethodInvocationHelper.invokeMethod(MethodInvocationHelper.java:141)
	at org.testng.internal.invokers.TestInvoker.invokeMethod(TestInvoker.java:687)
	at org.testng.internal.invokers.TestInvoker.invokeTestMethod(TestInvoker.java:230)
	at org.testng.internal.invokers.MethodRunner.runInSequence(MethodRunner.java:63)
	at org.testng.internal.invokers.TestInvoker$MethodInvocationAgent.invoke(TestInvoker.java:995)
	at org.testng.internal.invokers.TestInvoker.invokeTestMethods(TestInvoker.java:203)
	at org.testng.internal.invokers.TestMethodWorker.invokeTestMethods(TestMethodWorker.java:154)
	at org.testng.internal.invokers.TestMethodWorker.run(TestMethodWorker.java:134)
	at java.base/java.util.ArrayList.forEach(ArrayList.java:1511)
	at org.testng.TestRunner.privateRun(TestRunner.java:741)
	at org.testng.TestRunner.run(TestRunner.java:616)
	at org.testng.SuiteRunner.runTest(SuiteRunner.java:421)
	at org.testng.SuiteRunner.runSequentially(SuiteRunner.java:413)
	at org.testng.SuiteRunner.privateRun(SuiteRunner.java:373)
	at org.testng.SuiteRunner.run(SuiteRunner.java:312)
	at org.testng.SuiteRunnerWorker.runSuite(SuiteRunnerWorker.java:52)
	at org.testng.SuiteRunnerWorker.run(SuiteRunnerWorker.java:95)
	at org.testng.TestNG.runSuitesSequentially(TestNG.java:1274)
	at org.testng.TestNG.runSuitesLocally(TestNG.java:1208)
	at org.testng.TestNG.runSuites(TestNG.java:1112)
	at org.testng.TestNG.run(TestNG.java:1079)
	at org.apache.maven.surefire.testng.TestNGExecutor.run(TestNGExecutor.java:308)
	at org.apache.maven.surefire.testng.TestNGXmlTestSuite.execute(TestNGXmlTestSuite.java:71)
	at org.apache.maven.surefire.testng.TestNGProvider.invoke(TestNGProvider.java:113)
	at org.apache.maven.surefire.booter.ForkedBooter.runSuitesInProcess(ForkedBooter.java:385)
	at org.apache.maven.surefire.booter.ForkedBooter.execute(ForkedBooter.java:162)
	at org.apache.maven.surefire.booter.ForkedBooter.run(ForkedBooter.java:507)
	at org.apache.maven.surefire.booter.ForkedBooter.main(ForkedBooter.java:495)
</textarea>
          
        </td>
      </tr>
  </tbody>
</table>
</div>
          </div>
        </li>
        <li class="test-item"  status="fail" test-id="25"
          author=""
          tag=""
          device="">
          <div class="test-detail">
            <p class="name">VerifyWhetherThePasswordFieldsInTheRegisterAccountPageAreFollowingPasswordComplexityStandards</p>
            <p class="text-sm">
              <span>11:07:27 am</span> / <span>00:00:07:659</span>
              <span class="badge fail-bg log float-right">Fail</span>
            </p>
          </div>
          <div class="test-contents d-none">
<div class="detail-head">
<div class="p-v-10">
<div class="info">
<h5 class="test-status text-fail">VerifyWhetherThePasswordFieldsInTheRegisterAccountPageAreFollowingPasswordComplexityStandards</h5>
<span class='badge badge-success'>01.08.2026 11:07:27 am</span>
<span class='badge badge-danger'>01.08.2026 11:07:35 am</span>
<span class='badge badge-default'>00:00:07:659</span>
&middot; <span class='uri-anchor badge badge-default'>#test-id=25</span>
<span title='Skip to the next failed step' class='badge badge-danger pointer float-right ne ml-1'><i class="fa fa-fast-forward"></i></span>
<span title='Collapse all nodes' class='badge badge-default pointer float-right ct ml-1'><i class="fa fa-compress"></i></span>
<span title='Expand all nodes' class='badge badge-default pointer float-right et'><i class="fa fa-expand"></i></span>
</div>
</div>
</div>    <div class="row mb-3"><div class="col-md-3">
    

<img data-featherlight='C:\Users\HP\OneDrive\Pictures\TutorialsNinjaLiveAutomationProjectdemo\Screenshots\VerifyWhetherThePasswordFieldsInTheRegisterAccountPageAreFollowingPasswordComplexityStandards.png' src="C:\Users\HP\OneDrive\Pictures\TutorialsNinjaLiveAutomationProjectdemo\Screenshots\VerifyWhetherThePasswordFieldsInTheRegisterAccountPageAreFollowingPasswordComplexityStandards.png">
  
    

    </div></div>
<div class="detail-body mt-4">
<table class="table table-sm">
  <thead><tr><th class="status-col">Status</th><th class="timestamp-col">Timestamp</th><th class="details-col">Details</th></tr></thead>
  <tbody>
      <tr class="event-row">
        <td><span class="badge log info-bg">Info</span></td>
        <td>11:07:27 am</td>
        <td>
          VerifyWhetherThePasswordFieldsInTheRegisterAccountPageAreFollowingPasswordComplexityStandards -Test Execution started !
        </td>
      </tr>
      <tr class="event-row">
        <td><span class="badge log fail-bg">Fail</span></td>
        <td>11:07:34 am</td>
        <td>
          VerifyWhetherThePasswordFieldsInTheRegisterAccountPageAreFollowingPasswordComplexityStandards- Test Got Failed!!!!!
        </td>
      </tr>
      <tr class="event-row">
        <td><span class="badge log warning-bg">Warning</span></td>
        <td>11:07:35 am</td>
        <td>
          <textarea readonly class="code-block">java.lang.AssertionError: expected [true] but found [false]
	at org.testng.Assert.fail(Assert.java:111)
	at org.testng.Assert.failNotEquals(Assert.java:1590)
	at org.testng.Assert.assertTrue(Assert.java:57)
	at org.testng.Assert.assertTrue(Assert.java:67)
	at tests.RegisterTest.VerifyWhetherThePasswordFieldsInTheRegisterAccountPageAreFollowingPasswordComplexityStandards(RegisterTest.java:492)
	at java.base/jdk.internal.reflect.NativeMethodAccessorImpl.invoke0(Native Method)
	at java.base/jdk.internal.reflect.NativeMethodAccessorImpl.invoke(NativeMethodAccessorImpl.java:77)
	at java.base/jdk.internal.reflect.DelegatingMethodAccessorImpl.invoke(DelegatingMethodAccessorImpl.java:43)
	at java.base/java.lang.reflect.Method.invoke(Method.java:568)
	at org.testng.internal.invokers.MethodInvocationHelper.invokeMethod(MethodInvocationHelper.java:141)
	at org.testng.internal.invokers.TestInvoker.invokeMethod(TestInvoker.java:687)
	at org.testng.internal.invokers.TestInvoker.invokeTestMethod(TestInvoker.java:230)
	at org.testng.internal.invokers.MethodRunner.runInSequence(MethodRunner.java:63)
	at org.testng.internal.invokers.TestInvoker$MethodInvocationAgent.invoke(TestInvoker.java:995)
	at org.testng.internal.invokers.TestInvoker.invokeTestMethods(TestInvoker.java:203)
	at org.testng.internal.invokers.TestMethodWorker.invokeTestMethods(TestMethodWorker.java:154)
	at org.testng.internal.invokers.TestMethodWorker.run(TestMethodWorker.java:134)
	at java.base/java.util.ArrayList.forEach(ArrayList.java:1511)
	at org.testng.TestRunner.privateRun(TestRunner.java:741)
	at org.testng.TestRunner.run(TestRunner.java:616)
	at org.testng.SuiteRunner.runTest(SuiteRunner.java:421)
	at org.testng.SuiteRunner.runSequentially(SuiteRunner.java:413)
	at org.testng.SuiteRunner.privateRun(SuiteRunner.java:373)
	at org.testng.SuiteRunner.run(SuiteRunner.java:312)
	at org.testng.SuiteRunnerWorker.runSuite(SuiteRunnerWorker.java:52)
	at org.testng.SuiteRunnerWorker.run(SuiteRunnerWorker.java:95)
	at org.testng.TestNG.runSuitesSequentially(TestNG.java:1274)
	at org.testng.TestNG.runSuitesLocally(TestNG.java:1208)
	at org.testng.TestNG.runSuites(TestNG.java:1112)
	at org.testng.TestNG.run(TestNG.java:1079)
	at org.apache.maven.surefire.testng.TestNGExecutor.run(TestNGExecutor.java:308)
	at org.apache.maven.surefire.testng.TestNGXmlTestSuite.execute(TestNGXmlTestSuite.java:71)
	at org.apache.maven.surefire.testng.TestNGProvider.invoke(TestNGProvider.java:113)
	at org.apache.maven.surefire.booter.ForkedBooter.runSuitesInProcess(ForkedBooter.java:385)
	at org.apache.maven.surefire.booter.ForkedBooter.execute(ForkedBooter.java:162)
	at org.apache.maven.surefire.booter.ForkedBooter.run(ForkedBooter.java:507)
	at org.apache.maven.surefire.booter.ForkedBooter.main(ForkedBooter.java:495)
</textarea>
          
        </td>
      </tr>
  </tbody>
</table>
</div>
          </div>
        </li>
        <li class="test-item"  status="fail" test-id="26"
          author=""
          tag=""
          device="">
          <div class="test-detail">
            <p class="name">VerifyWhetherThePasswordFieldsInTheRegisterAccountPageAreFollowingPasswordComplexityStandards</p>
            <p class="text-sm">
              <span>11:07:38 am</span> / <span>00:00:07:458</span>
              <span class="badge fail-bg log float-right">Fail</span>
            </p>
          </div>
          <div class="test-contents d-none">
<div class="detail-head">
<div class="p-v-10">
<div class="info">
<h5 class="test-status text-fail">VerifyWhetherThePasswordFieldsInTheRegisterAccountPageAreFollowingPasswordComplexityStandards</h5>
<span class='badge badge-success'>01.08.2026 11:07:38 am</span>
<span class='badge badge-danger'>01.08.2026 11:07:45 am</span>
<span class='badge badge-default'>00:00:07:458</span>
&middot; <span class='uri-anchor badge badge-default'>#test-id=26</span>
<span title='Skip to the next failed step' class='badge badge-danger pointer float-right ne ml-1'><i class="fa fa-fast-forward"></i></span>
<span title='Collapse all nodes' class='badge badge-default pointer float-right ct ml-1'><i class="fa fa-compress"></i></span>
<span title='Expand all nodes' class='badge badge-default pointer float-right et'><i class="fa fa-expand"></i></span>
</div>
</div>
</div>    <div class="row mb-3"><div class="col-md-3">
    

<img data-featherlight='C:\Users\HP\OneDrive\Pictures\TutorialsNinjaLiveAutomationProjectdemo\Screenshots\VerifyWhetherThePasswordFieldsInTheRegisterAccountPageAreFollowingPasswordComplexityStandards.png' src="C:\Users\HP\OneDrive\Pictures\TutorialsNinjaLiveAutomationProjectdemo\Screenshots\VerifyWhetherThePasswordFieldsInTheRegisterAccountPageAreFollowingPasswordComplexityStandards.png">
  
    

    </div></div>
<div class="detail-body mt-4">
<table class="table table-sm">
  <thead><tr><th class="status-col">Status</th><th class="timestamp-col">Timestamp</th><th class="details-col">Details</th></tr></thead>
  <tbody>
      <tr class="event-row">
        <td><span class="badge log info-bg">Info</span></td>
        <td>11:07:38 am</td>
        <td>
          VerifyWhetherThePasswordFieldsInTheRegisterAccountPageAreFollowingPasswordComplexityStandards -Test Execution started !
        </td>
      </tr>
      <tr class="event-row">
        <td><span class="badge log fail-bg">Fail</span></td>
        <td>11:07:45 am</td>
        <td>
          VerifyWhetherThePasswordFieldsInTheRegisterAccountPageAreFollowingPasswordComplexityStandards- Test Got Failed!!!!!
        </td>
      </tr>
      <tr class="event-row">
        <td><span class="badge log warning-bg">Warning</span></td>
        <td>11:07:45 am</td>
        <td>
          <textarea readonly class="code-block">java.lang.AssertionError: expected [true] but found [false]
	at org.testng.Assert.fail(Assert.java:111)
	at org.testng.Assert.failNotEquals(Assert.java:1590)
	at org.testng.Assert.assertTrue(Assert.java:57)
	at org.testng.Assert.assertTrue(Assert.java:67)
	at tests.RegisterTest.VerifyWhetherThePasswordFieldsInTheRegisterAccountPageAreFollowingPasswordComplexityStandards(RegisterTest.java:492)
	at java.base/jdk.internal.reflect.NativeMethodAccessorImpl.invoke0(Native Method)
	at java.base/jdk.internal.reflect.NativeMethodAccessorImpl.invoke(NativeMethodAccessorImpl.java:77)
	at java.base/jdk.internal.reflect.DelegatingMethodAccessorImpl.invoke(DelegatingMethodAccessorImpl.java:43)
	at java.base/java.lang.reflect.Method.invoke(Method.java:568)
	at org.testng.internal.invokers.MethodInvocationHelper.invokeMethod(MethodInvocationHelper.java:141)
	at org.testng.internal.invokers.TestInvoker.invokeMethod(TestInvoker.java:687)
	at org.testng.internal.invokers.TestInvoker.invokeTestMethod(TestInvoker.java:230)
	at org.testng.internal.invokers.MethodRunner.runInSequence(MethodRunner.java:63)
	at org.testng.internal.invokers.TestInvoker$MethodInvocationAgent.invoke(TestInvoker.java:995)
	at org.testng.internal.invokers.TestInvoker.invokeTestMethods(TestInvoker.java:203)
	at org.testng.internal.invokers.TestMethodWorker.invokeTestMethods(TestMethodWorker.java:154)
	at org.testng.internal.invokers.TestMethodWorker.run(TestMethodWorker.java:134)
	at java.base/java.util.ArrayList.forEach(ArrayList.java:1511)
	at org.testng.TestRunner.privateRun(TestRunner.java:741)
	at org.testng.TestRunner.run(TestRunner.java:616)
	at org.testng.SuiteRunner.runTest(SuiteRunner.java:421)
	at org.testng.SuiteRunner.runSequentially(SuiteRunner.java:413)
	at org.testng.SuiteRunner.privateRun(SuiteRunner.java:373)
	at org.testng.SuiteRunner.run(SuiteRunner.java:312)
	at org.testng.SuiteRunnerWorker.runSuite(SuiteRunnerWorker.java:52)
	at org.testng.SuiteRunnerWorker.run(SuiteRunnerWorker.java:95)
	at org.testng.TestNG.runSuitesSequentially(TestNG.java:1274)
	at org.testng.TestNG.runSuitesLocally(TestNG.java:1208)
	at org.testng.TestNG.runSuites(TestNG.java:1112)
	at org.testng.TestNG.run(TestNG.java:1079)
	at org.apache.maven.surefire.testng.TestNGExecutor.run(TestNGExecutor.java:308)
	at org.apache.maven.surefire.testng.TestNGXmlTestSuite.execute(TestNGXmlTestSuite.java:71)
	at org.apache.maven.surefire.testng.TestNGProvider.invoke(TestNGProvider.java:113)
	at org.apache.maven.surefire.booter.ForkedBooter.runSuitesInProcess(ForkedBooter.java:385)
	at org.apache.maven.surefire.booter.ForkedBooter.execute(ForkedBooter.java:162)
	at org.apache.maven.surefire.booter.ForkedBooter.run(ForkedBooter.java:507)
	at org.apache.maven.surefire.booter.ForkedBooter.main(ForkedBooter.java:495)
</textarea>
          
        </td>
      </tr>
  </tbody>
</table>
</div>
          </div>
        </li>
        <li class="test-item"  status="fail" test-id="27"
          author=""
          tag=""
          device="">
          <div class="test-detail">
            <p class="name">VerifyWhetherThePasswordFieldsInTheRegisterAccountPageAreFollowingPasswordComplexityStandards</p>
            <p class="text-sm">
              <span>11:07:49 am</span> / <span>00:00:07:356</span>
              <span class="badge fail-bg log float-right">Fail</span>
            </p>
          </div>
          <div class="test-contents d-none">
<div class="detail-head">
<div class="p-v-10">
<div class="info">
<h5 class="test-status text-fail">VerifyWhetherThePasswordFieldsInTheRegisterAccountPageAreFollowingPasswordComplexityStandards</h5>
<span class='badge badge-success'>01.08.2026 11:07:49 am</span>
<span class='badge badge-danger'>01.08.2026 11:07:56 am</span>
<span class='badge badge-default'>00:00:07:356</span>
&middot; <span class='uri-anchor badge badge-default'>#test-id=27</span>
<span title='Skip to the next failed step' class='badge badge-danger pointer float-right ne ml-1'><i class="fa fa-fast-forward"></i></span>
<span title='Collapse all nodes' class='badge badge-default pointer float-right ct ml-1'><i class="fa fa-compress"></i></span>
<span title='Expand all nodes' class='badge badge-default pointer float-right et'><i class="fa fa-expand"></i></span>
</div>
</div>
</div>    <div class="row mb-3"><div class="col-md-3">
    

<img data-featherlight='C:\Users\HP\OneDrive\Pictures\TutorialsNinjaLiveAutomationProjectdemo\Screenshots\VerifyWhetherThePasswordFieldsInTheRegisterAccountPageAreFollowingPasswordComplexityStandards.png' src="C:\Users\HP\OneDrive\Pictures\TutorialsNinjaLiveAutomationProjectdemo\Screenshots\VerifyWhetherThePasswordFieldsInTheRegisterAccountPageAreFollowingPasswordComplexityStandards.png">
  
    

    </div></div>
<div class="detail-body mt-4">
<table class="table table-sm">
  <thead><tr><th class="status-col">Status</th><th class="timestamp-col">Timestamp</th><th class="details-col">Details</th></tr></thead>
  <tbody>
      <tr class="event-row">
        <td><span class="badge log info-bg">Info</span></td>
        <td>11:07:49 am</td>
        <td>
          VerifyWhetherThePasswordFieldsInTheRegisterAccountPageAreFollowingPasswordComplexityStandards -Test Execution started !
        </td>
      </tr>
      <tr class="event-row">
        <td><span class="badge log fail-bg">Fail</span></td>
        <td>11:07:56 am</td>
        <td>
          VerifyWhetherThePasswordFieldsInTheRegisterAccountPageAreFollowingPasswordComplexityStandards- Test Got Failed!!!!!
        </td>
      </tr>
      <tr class="event-row">
        <td><span class="badge log warning-bg">Warning</span></td>
        <td>11:07:56 am</td>
        <td>
          <textarea readonly class="code-block">java.lang.AssertionError: expected [true] but found [false]
	at org.testng.Assert.fail(Assert.java:111)
	at org.testng.Assert.failNotEquals(Assert.java:1590)
	at org.testng.Assert.assertTrue(Assert.java:57)
	at org.testng.Assert.assertTrue(Assert.java:67)
	at tests.RegisterTest.VerifyWhetherThePasswordFieldsInTheRegisterAccountPageAreFollowingPasswordComplexityStandards(RegisterTest.java:492)
	at java.base/jdk.internal.reflect.NativeMethodAccessorImpl.invoke0(Native Method)
	at java.base/jdk.internal.reflect.NativeMethodAccessorImpl.invoke(NativeMethodAccessorImpl.java:77)
	at java.base/jdk.internal.reflect.DelegatingMethodAccessorImpl.invoke(DelegatingMethodAccessorImpl.java:43)
	at java.base/java.lang.reflect.Method.invoke(Method.java:568)
	at org.testng.internal.invokers.MethodInvocationHelper.invokeMethod(MethodInvocationHelper.java:141)
	at org.testng.internal.invokers.TestInvoker.invokeMethod(TestInvoker.java:687)
	at org.testng.internal.invokers.TestInvoker.invokeTestMethod(TestInvoker.java:230)
	at org.testng.internal.invokers.MethodRunner.runInSequence(MethodRunner.java:63)
	at org.testng.internal.invokers.TestInvoker$MethodInvocationAgent.invoke(TestInvoker.java:995)
	at org.testng.internal.invokers.TestInvoker.invokeTestMethods(TestInvoker.java:203)
	at org.testng.internal.invokers.TestMethodWorker.invokeTestMethods(TestMethodWorker.java:154)
	at org.testng.internal.invokers.TestMethodWorker.run(TestMethodWorker.java:134)
	at java.base/java.util.ArrayList.forEach(ArrayList.java:1511)
	at org.testng.TestRunner.privateRun(TestRunner.java:741)
	at org.testng.TestRunner.run(TestRunner.java:616)
	at org.testng.SuiteRunner.runTest(SuiteRunner.java:421)
	at org.testng.SuiteRunner.runSequentially(SuiteRunner.java:413)
	at org.testng.SuiteRunner.privateRun(SuiteRunner.java:373)
	at org.testng.SuiteRunner.run(SuiteRunner.java:312)
	at org.testng.SuiteRunnerWorker.runSuite(SuiteRunnerWorker.java:52)
	at org.testng.SuiteRunnerWorker.run(SuiteRunnerWorker.java:95)
	at org.testng.TestNG.runSuitesSequentially(TestNG.java:1274)
	at org.testng.TestNG.runSuitesLocally(TestNG.java:1208)
	at org.testng.TestNG.runSuites(TestNG.java:1112)
	at org.testng.TestNG.run(TestNG.java:1079)
	at org.apache.maven.surefire.testng.TestNGExecutor.run(TestNGExecutor.java:308)
	at org.apache.maven.surefire.testng.TestNGXmlTestSuite.execute(TestNGXmlTestSuite.java:71)
	at org.apache.maven.surefire.testng.TestNGProvider.invoke(TestNGProvider.java:113)
	at org.apache.maven.surefire.booter.ForkedBooter.runSuitesInProcess(ForkedBooter.java:385)
	at org.apache.maven.surefire.booter.ForkedBooter.execute(ForkedBooter.java:162)
	at org.apache.maven.surefire.booter.ForkedBooter.run(ForkedBooter.java:507)
	at org.apache.maven.surefire.booter.ForkedBooter.main(ForkedBooter.java:495)
</textarea>
          
        </td>
      </tr>
  </tbody>
</table>
</div>
          </div>
        </li>
        <li class="test-item"  status="fail" test-id="28"
          author=""
          tag=""
          device="">
          <div class="test-detail">
            <p class="name">VerifyWhetherThePasswordFieldsInTheRegisterAccountPageAreFollowingPasswordComplexityStandards</p>
            <p class="text-sm">
              <span>11:08:00 am</span> / <span>00:00:08:012</span>
              <span class="badge fail-bg log float-right">Fail</span>
            </p>
          </div>
          <div class="test-contents d-none">
<div class="detail-head">
<div class="p-v-10">
<div class="info">
<h5 class="test-status text-fail">VerifyWhetherThePasswordFieldsInTheRegisterAccountPageAreFollowingPasswordComplexityStandards</h5>
<span class='badge badge-success'>01.08.2026 11:08:00 am</span>
<span class='badge badge-danger'>01.08.2026 11:08:08 am</span>
<span class='badge badge-default'>00:00:08:012</span>
&middot; <span class='uri-anchor badge badge-default'>#test-id=28</span>
<span title='Skip to the next failed step' class='badge badge-danger pointer float-right ne ml-1'><i class="fa fa-fast-forward"></i></span>
<span title='Collapse all nodes' class='badge badge-default pointer float-right ct ml-1'><i class="fa fa-compress"></i></span>
<span title='Expand all nodes' class='badge badge-default pointer float-right et'><i class="fa fa-expand"></i></span>
</div>
</div>
</div>    <div class="row mb-3"><div class="col-md-3">
    

<img data-featherlight='C:\Users\HP\OneDrive\Pictures\TutorialsNinjaLiveAutomationProjectdemo\Screenshots\VerifyWhetherThePasswordFieldsInTheRegisterAccountPageAreFollowingPasswordComplexityStandards.png' src="C:\Users\HP\OneDrive\Pictures\TutorialsNinjaLiveAutomationProjectdemo\Screenshots\VerifyWhetherThePasswordFieldsInTheRegisterAccountPageAreFollowingPasswordComplexityStandards.png">
  
    

    </div></div>
<div class="detail-body mt-4">
<table class="table table-sm">
  <thead><tr><th class="status-col">Status</th><th class="timestamp-col">Timestamp</th><th class="details-col">Details</th></tr></thead>
  <tbody>
      <tr class="event-row">
        <td><span class="badge log info-bg">Info</span></td>
        <td>11:08:00 am</td>
        <td>
          VerifyWhetherThePasswordFieldsInTheRegisterAccountPageAreFollowingPasswordComplexityStandards -Test Execution started !
        </td>
      </tr>
      <tr class="event-row">
        <td><span class="badge log fail-bg">Fail</span></td>
        <td>11:08:08 am</td>
        <td>
          VerifyWhetherThePasswordFieldsInTheRegisterAccountPageAreFollowingPasswordComplexityStandards- Test Got Failed!!!!!
        </td>
      </tr>
      <tr class="event-row">
        <td><span class="badge log warning-bg">Warning</span></td>
        <td>11:08:08 am</td>
        <td>
          <textarea readonly class="code-block">java.lang.AssertionError: expected [true] but found [false]
	at org.testng.Assert.fail(Assert.java:111)
	at org.testng.Assert.failNotEquals(Assert.java:1590)
	at org.testng.Assert.assertTrue(Assert.java:57)
	at org.testng.Assert.assertTrue(Assert.java:67)
	at tests.RegisterTest.VerifyWhetherThePasswordFieldsInTheRegisterAccountPageAreFollowingPasswordComplexityStandards(RegisterTest.java:492)
	at java.base/jdk.internal.reflect.NativeMethodAccessorImpl.invoke0(Native Method)
	at java.base/jdk.internal.reflect.NativeMethodAccessorImpl.invoke(NativeMethodAccessorImpl.java:77)
	at java.base/jdk.internal.reflect.DelegatingMethodAccessorImpl.invoke(DelegatingMethodAccessorImpl.java:43)
	at java.base/java.lang.reflect.Method.invoke(Method.java:568)
	at org.testng.internal.invokers.MethodInvocationHelper.invokeMethod(MethodInvocationHelper.java:141)
	at org.testng.internal.invokers.TestInvoker.invokeMethod(TestInvoker.java:687)
	at org.testng.internal.invokers.TestInvoker.invokeTestMethod(TestInvoker.java:230)
	at org.testng.internal.invokers.MethodRunner.runInSequence(MethodRunner.java:63)
	at org.testng.internal.invokers.TestInvoker$MethodInvocationAgent.invoke(TestInvoker.java:995)
	at org.testng.internal.invokers.TestInvoker.invokeTestMethods(TestInvoker.java:203)
	at org.testng.internal.invokers.TestMethodWorker.invokeTestMethods(TestMethodWorker.java:154)
	at org.testng.internal.invokers.TestMethodWorker.run(TestMethodWorker.java:134)
	at java.base/java.util.ArrayList.forEach(ArrayList.java:1511)
	at org.testng.TestRunner.privateRun(TestRunner.java:741)
	at org.testng.TestRunner.run(TestRunner.java:616)
	at org.testng.SuiteRunner.runTest(SuiteRunner.java:421)
	at org.testng.SuiteRunner.runSequentially(SuiteRunner.java:413)
	at org.testng.SuiteRunner.privateRun(SuiteRunner.java:373)
	at org.testng.SuiteRunner.run(SuiteRunner.java:312)
	at org.testng.SuiteRunnerWorker.runSuite(SuiteRunnerWorker.java:52)
	at org.testng.SuiteRunnerWorker.run(SuiteRunnerWorker.java:95)
	at org.testng.TestNG.runSuitesSequentially(TestNG.java:1274)
	at org.testng.TestNG.runSuitesLocally(TestNG.java:1208)
	at org.testng.TestNG.runSuites(TestNG.java:1112)
	at org.testng.TestNG.run(TestNG.java:1079)
	at org.apache.maven.surefire.testng.TestNGExecutor.run(TestNGExecutor.java:308)
	at org.apache.maven.surefire.testng.TestNGXmlTestSuite.execute(TestNGXmlTestSuite.java:71)
	at org.apache.maven.surefire.testng.TestNGProvider.invoke(TestNGProvider.java:113)
	at org.apache.maven.surefire.booter.ForkedBooter.runSuitesInProcess(ForkedBooter.java:385)
	at org.apache.maven.surefire.booter.ForkedBooter.execute(ForkedBooter.java:162)
	at org.apache.maven.surefire.booter.ForkedBooter.run(ForkedBooter.java:507)
	at org.apache.maven.surefire.booter.ForkedBooter.main(ForkedBooter.java:495)
</textarea>
          
        </td>
      </tr>
  </tbody>
</table>
</div>
          </div>
        </li>
        <li class="test-item"  status="fail" test-id="29"
          author=""
          tag=""
          device="">
          <div class="test-detail">
            <p class="name">VerifyWhetherThePasswordFieldsInTheRegisterAccountPageAreFollowingPasswordComplexityStandards</p>
            <p class="text-sm">
              <span>11:08:11 am</span> / <span>00:00:07:434</span>
              <span class="badge fail-bg log float-right">Fail</span>
            </p>
          </div>
          <div class="test-contents d-none">
<div class="detail-head">
<div class="p-v-10">
<div class="info">
<h5 class="test-status text-fail">VerifyWhetherThePasswordFieldsInTheRegisterAccountPageAreFollowingPasswordComplexityStandards</h5>
<span class='badge badge-success'>01.08.2026 11:08:11 am</span>
<span class='badge badge-danger'>01.08.2026 11:08:19 am</span>
<span class='badge badge-default'>00:00:07:434</span>
&middot; <span class='uri-anchor badge badge-default'>#test-id=29</span>
<span title='Skip to the next failed step' class='badge badge-danger pointer float-right ne ml-1'><i class="fa fa-fast-forward"></i></span>
<span title='Collapse all nodes' class='badge badge-default pointer float-right ct ml-1'><i class="fa fa-compress"></i></span>
<span title='Expand all nodes' class='badge badge-default pointer float-right et'><i class="fa fa-expand"></i></span>
</div>
</div>
</div>    <div class="row mb-3"><div class="col-md-3">
    

<img data-featherlight='C:\Users\HP\OneDrive\Pictures\TutorialsNinjaLiveAutomationProjectdemo\Screenshots\VerifyWhetherThePasswordFieldsInTheRegisterAccountPageAreFollowingPasswordComplexityStandards.png' src="C:\Users\HP\OneDrive\Pictures\TutorialsNinjaLiveAutomationProjectdemo\Screenshots\VerifyWhetherThePasswordFieldsInTheRegisterAccountPageAreFollowingPasswordComplexityStandards.png">
  
    

    </div></div>
<div class="detail-body mt-4">
<table class="table table-sm">
  <thead><tr><th class="status-col">Status</th><th class="timestamp-col">Timestamp</th><th class="details-col">Details</th></tr></thead>
  <tbody>
      <tr class="event-row">
        <td><span class="badge log info-bg">Info</span></td>
        <td>11:08:11 am</td>
        <td>
          VerifyWhetherThePasswordFieldsInTheRegisterAccountPageAreFollowingPasswordComplexityStandards -Test Execution started !
        </td>
      </tr>
      <tr class="event-row">
        <td><span class="badge log fail-bg">Fail</span></td>
        <td>11:08:19 am</td>
        <td>
          VerifyWhetherThePasswordFieldsInTheRegisterAccountPageAreFollowingPasswordComplexityStandards- Test Got Failed!!!!!
        </td>
      </tr>
      <tr class="event-row">
        <td><span class="badge log warning-bg">Warning</span></td>
        <td>11:08:19 am</td>
        <td>
          <textarea readonly class="code-block">java.lang.AssertionError: expected [true] but found [false]
	at org.testng.Assert.fail(Assert.java:111)
	at org.testng.Assert.failNotEquals(Assert.java:1590)
	at org.testng.Assert.assertTrue(Assert.java:57)
	at org.testng.Assert.assertTrue(Assert.java:67)
	at tests.RegisterTest.VerifyWhetherThePasswordFieldsInTheRegisterAccountPageAreFollowingPasswordComplexityStandards(RegisterTest.java:492)
	at java.base/jdk.internal.reflect.NativeMethodAccessorImpl.invoke0(Native Method)
	at java.base/jdk.internal.reflect.NativeMethodAccessorImpl.invoke(NativeMethodAccessorImpl.java:77)
	at java.base/jdk.internal.reflect.DelegatingMethodAccessorImpl.invoke(DelegatingMethodAccessorImpl.java:43)
	at java.base/java.lang.reflect.Method.invoke(Method.java:568)
	at org.testng.internal.invokers.MethodInvocationHelper.invokeMethod(MethodInvocationHelper.java:141)
	at org.testng.internal.invokers.TestInvoker.invokeMethod(TestInvoker.java:687)
	at org.testng.internal.invokers.TestInvoker.invokeTestMethod(TestInvoker.java:230)
	at org.testng.internal.invokers.MethodRunner.runInSequence(MethodRunner.java:63)
	at org.testng.internal.invokers.TestInvoker$MethodInvocationAgent.invoke(TestInvoker.java:995)
	at org.testng.internal.invokers.TestInvoker.invokeTestMethods(TestInvoker.java:203)
	at org.testng.internal.invokers.TestMethodWorker.invokeTestMethods(TestMethodWorker.java:154)
	at org.testng.internal.invokers.TestMethodWorker.run(TestMethodWorker.java:134)
	at java.base/java.util.ArrayList.forEach(ArrayList.java:1511)
	at org.testng.TestRunner.privateRun(TestRunner.java:741)
	at org.testng.TestRunner.run(TestRunner.java:616)
	at org.testng.SuiteRunner.runTest(SuiteRunner.java:421)
	at org.testng.SuiteRunner.runSequentially(SuiteRunner.java:413)
	at org.testng.SuiteRunner.privateRun(SuiteRunner.java:373)
	at org.testng.SuiteRunner.run(SuiteRunner.java:312)
	at org.testng.SuiteRunnerWorker.runSuite(SuiteRunnerWorker.java:52)
	at org.testng.SuiteRunnerWorker.run(SuiteRunnerWorker.java:95)
	at org.testng.TestNG.runSuitesSequentially(TestNG.java:1274)
	at org.testng.TestNG.runSuitesLocally(TestNG.java:1208)
	at org.testng.TestNG.runSuites(TestNG.java:1112)
	at org.testng.TestNG.run(TestNG.java:1079)
	at org.apache.maven.surefire.testng.TestNGExecutor.run(TestNGExecutor.java:308)
	at org.apache.maven.surefire.testng.TestNGXmlTestSuite.execute(TestNGXmlTestSuite.java:71)
	at org.apache.maven.surefire.testng.TestNGProvider.invoke(TestNGProvider.java:113)
	at org.apache.maven.surefire.booter.ForkedBooter.runSuitesInProcess(ForkedBooter.java:385)
	at org.apache.maven.surefire.booter.ForkedBooter.execute(ForkedBooter.java:162)
	at org.apache.maven.surefire.booter.ForkedBooter.run(ForkedBooter.java:507)
	at org.apache.maven.surefire.booter.ForkedBooter.main(ForkedBooter.java:495)
</textarea>
          
        </td>
      </tr>
  </tbody>
</table>
</div>
          </div>
        </li>
        <li class="test-item"  status="pass" test-id="30"
          author=""
          tag=""
          device="">
          <div class="test-detail">
            <p class="name">VerifyWhetherThePrivacyPolicyCheckboxOptionIsNotSelectedByDefault</p>
            <p class="text-sm">
              <span>11:08:22 am</span> / <span>00:00:00:089</span>
              <span class="badge pass-bg log float-right">Pass</span>
            </p>
          </div>
          <div class="test-contents d-none">
<div class="detail-head">
<div class="p-v-10">
<div class="info">
<h5 class="test-status text-pass">VerifyWhetherThePrivacyPolicyCheckboxOptionIsNotSelectedByDefault</h5>
<span class='badge badge-success'>01.08.2026 11:08:22 am</span>
<span class='badge badge-danger'>01.08.2026 11:08:22 am</span>
<span class='badge badge-default'>00:00:00:089</span>
&middot; <span class='uri-anchor badge badge-default'>#test-id=30</span>
<span title='Skip to the next failed step' class='badge badge-danger pointer float-right ne ml-1'><i class="fa fa-fast-forward"></i></span>
<span title='Collapse all nodes' class='badge badge-default pointer float-right ct ml-1'><i class="fa fa-compress"></i></span>
<span title='Expand all nodes' class='badge badge-default pointer float-right et'><i class="fa fa-expand"></i></span>
</div>
</div>
</div><div class="detail-body mt-4">
<table class="table table-sm">
  <thead><tr><th class="status-col">Status</th><th class="timestamp-col">Timestamp</th><th class="details-col">Details</th></tr></thead>
  <tbody>
      <tr class="event-row">
        <td><span class="badge log info-bg">Info</span></td>
        <td>11:08:22 am</td>
        <td>
          VerifyWhetherThePrivacyPolicyCheckboxOptionIsNotSelectedByDefault -Test Execution started !
        </td>
      </tr>
      <tr class="event-row">
        <td><span class="badge log pass-bg">Pass</span></td>
        <td>11:08:22 am</td>
        <td>
          VerifyWhetherThePrivacyPolicyCheckboxOptionIsNotSelectedByDefault-Test got Passed !
        </td>
      </tr>
  </tbody>
</table>
</div>
          </div>
        </li>
        <li class="test-item"  status="pass" test-id="31"
          author=""
          tag=""
          device="">
          <div class="test-detail">
            <p class="name">VerifyRegisteringAccountByProvidingMandatoryFields</p>
            <p class="text-sm">
              <span>11:08:25 am</span> / <span>00:00:02:681</span>
              <span class="badge pass-bg log float-right">Pass</span>
            </p>
          </div>
          <div class="test-contents d-none">
<div class="detail-head">
<div class="p-v-10">
<div class="info">
<h5 class="test-status text-pass">VerifyRegisteringAccountByProvidingMandatoryFields</h5>
<span class='badge badge-success'>01.08.2026 11:08:25 am</span>
<span class='badge badge-danger'>01.08.2026 11:08:28 am</span>
<span class='badge badge-default'>00:00:02:681</span>
&middot; <span class='uri-anchor badge badge-default'>#test-id=31</span>
<span title='Skip to the next failed step' class='badge badge-danger pointer float-right ne ml-1'><i class="fa fa-fast-forward"></i></span>
<span title='Collapse all nodes' class='badge badge-default pointer float-right ct ml-1'><i class="fa fa-compress"></i></span>
<span title='Expand all nodes' class='badge badge-default pointer float-right et'><i class="fa fa-expand"></i></span>
</div>
</div>
</div><div class="detail-body mt-4">
<table class="table table-sm">
  <thead><tr><th class="status-col">Status</th><th class="timestamp-col">Timestamp</th><th class="details-col">Details</th></tr></thead>
  <tbody>
      <tr class="event-row">
        <td><span class="badge log info-bg">Info</span></td>
        <td>11:08:25 am</td>
        <td>
          VerifyRegisteringAccountByProvidingMandatoryFields -Test Execution started !
        </td>
      </tr>
      <tr class="event-row">
        <td><span class="badge log pass-bg">Pass</span></td>
        <td>11:08:28 am</td>
        <td>
          VerifyRegisteringAccountByProvidingMandatoryFields-Test got Passed !
        </td>
      </tr>
  </tbody>
</table>
</div>
          </div>
        </li>
        <li class="test-item"  status="pass" test-id="32"
          author=""
          tag=""
          device="">
          <div class="test-detail">
            <p class="name">VerifyLoggingIntoTheApplicationUsingValidCredentials</p>
            <p class="text-sm">
              <span>11:08:31 am</span> / <span>00:00:01:355</span>
              <span class="badge pass-bg log float-right">Pass</span>
            </p>
          </div>
          <div class="test-contents d-none">
<div class="detail-head">
<div class="p-v-10">
<div class="info">
<h5 class="test-status text-pass">VerifyLoggingIntoTheApplicationUsingValidCredentials</h5>
<span class='badge badge-success'>01.08.2026 11:08:31 am</span>
<span class='badge badge-danger'>01.08.2026 11:08:33 am</span>
<span class='badge badge-default'>00:00:01:355</span>
&middot; <span class='uri-anchor badge badge-default'>#test-id=32</span>
<span title='Skip to the next failed step' class='badge badge-danger pointer float-right ne ml-1'><i class="fa fa-fast-forward"></i></span>
<span title='Collapse all nodes' class='badge badge-default pointer float-right ct ml-1'><i class="fa fa-compress"></i></span>
<span title='Expand all nodes' class='badge badge-default pointer float-right et'><i class="fa fa-expand"></i></span>
</div>
</div>
</div><div class="detail-body mt-4">
<table class="table table-sm">
  <thead><tr><th class="status-col">Status</th><th class="timestamp-col">Timestamp</th><th class="details-col">Details</th></tr></thead>
  <tbody>
      <tr class="event-row">
        <td><span class="badge log info-bg">Info</span></td>
        <td>11:08:31 am</td>
        <td>
          VerifyLoggingIntoTheApplicationUsingValidCredentials -Test Execution started !
        </td>
      </tr>
      <tr class="event-row">
        <td><span class="badge log pass-bg">Pass</span></td>
        <td>11:08:33 am</td>
        <td>
          VerifyLoggingIntoTheApplicationUsingValidCredentials-Test got Passed !
        </td>
      </tr>
  </tbody>
</table>
</div>
          </div>
        </li>
        <li class="test-item"  status="pass" test-id="33"
          author=""
          tag=""
          device="">
          <div class="test-detail">
            <p class="name">VerifyLoggingIntoTheApplicationUsingInvalidEmailAddressAndInvalidPassword</p>
            <p class="text-sm">
              <span>11:08:36 am</span> / <span>00:00:01:440</span>
              <span class="badge pass-bg log float-right">Pass</span>
            </p>
          </div>
          <div class="test-contents d-none">
<div class="detail-head">
<div class="p-v-10">
<div class="info">
<h5 class="test-status text-pass">VerifyLoggingIntoTheApplicationUsingInvalidEmailAddressAndInvalidPassword</h5>
<span class='badge badge-success'>01.08.2026 11:08:36 am</span>
<span class='badge badge-danger'>01.08.2026 11:08:37 am</span>
<span class='badge badge-default'>00:00:01:440</span>
&middot; <span class='uri-anchor badge badge-default'>#test-id=33</span>
<span title='Skip to the next failed step' class='badge badge-danger pointer float-right ne ml-1'><i class="fa fa-fast-forward"></i></span>
<span title='Collapse all nodes' class='badge badge-default pointer float-right ct ml-1'><i class="fa fa-compress"></i></span>
<span title='Expand all nodes' class='badge badge-default pointer float-right et'><i class="fa fa-expand"></i></span>
</div>
</div>
</div><div class="detail-body mt-4">
<table class="table table-sm">
  <thead><tr><th class="status-col">Status</th><th class="timestamp-col">Timestamp</th><th class="details-col">Details</th></tr></thead>
  <tbody>
      <tr class="event-row">
        <td><span class="badge log info-bg">Info</span></td>
        <td>11:08:36 am</td>
        <td>
          VerifyLoggingIntoTheApplicationUsingInvalidEmailAddressAndInvalidPassword -Test Execution started !
        </td>
      </tr>
      <tr class="event-row">
        <td><span class="badge log pass-bg">Pass</span></td>
        <td>11:08:37 am</td>
        <td>
          VerifyLoggingIntoTheApplicationUsingInvalidEmailAddressAndInvalidPassword-Test got Passed !
        </td>
      </tr>
  </tbody>
</table>
</div>
          </div>
        </li>
        <li class="test-item"  status="pass" test-id="34"
          author=""
          tag=""
          device="">
          <div class="test-detail">
            <p class="name">VerifyLoggingIntoTheApplicationUsingInvalidEmailAddressAndValidPassword</p>
            <p class="text-sm">
              <span>11:08:41 am</span> / <span>00:00:01:069</span>
              <span class="badge pass-bg log float-right">Pass</span>
            </p>
          </div>
          <div class="test-contents d-none">
<div class="detail-head">
<div class="p-v-10">
<div class="info">
<h5 class="test-status text-pass">VerifyLoggingIntoTheApplicationUsingInvalidEmailAddressAndValidPassword</h5>
<span class='badge badge-success'>01.08.2026 11:08:41 am</span>
<span class='badge badge-danger'>01.08.2026 11:08:42 am</span>
<span class='badge badge-default'>00:00:01:069</span>
&middot; <span class='uri-anchor badge badge-default'>#test-id=34</span>
<span title='Skip to the next failed step' class='badge badge-danger pointer float-right ne ml-1'><i class="fa fa-fast-forward"></i></span>
<span title='Collapse all nodes' class='badge badge-default pointer float-right ct ml-1'><i class="fa fa-compress"></i></span>
<span title='Expand all nodes' class='badge badge-default pointer float-right et'><i class="fa fa-expand"></i></span>
</div>
</div>
</div><div class="detail-body mt-4">
<table class="table table-sm">
  <thead><tr><th class="status-col">Status</th><th class="timestamp-col">Timestamp</th><th class="details-col">Details</th></tr></thead>
  <tbody>
      <tr class="event-row">
        <td><span class="badge log info-bg">Info</span></td>
        <td>11:08:41 am</td>
        <td>
          VerifyLoggingIntoTheApplicationUsingInvalidEmailAddressAndValidPassword -Test Execution started !
        </td>
      </tr>
      <tr class="event-row">
        <td><span class="badge log pass-bg">Pass</span></td>
        <td>11:08:42 am</td>
        <td>
          VerifyLoggingIntoTheApplicationUsingInvalidEmailAddressAndValidPassword-Test got Passed !
        </td>
      </tr>
  </tbody>
</table>
</div>
          </div>
        </li>
        <li class="test-item"  status="pass" test-id="35"
          author=""
          tag=""
          device="">
          <div class="test-detail">
            <p class="name">VerifyLoggingIntoTheApplicationWithoutProvidingAnyCredentials</p>
            <p class="text-sm">
              <span>11:08:45 am</span> / <span>00:00:01:447</span>
              <span class="badge pass-bg log float-right">Pass</span>
            </p>
          </div>
          <div class="test-contents d-none">
<div class="detail-head">
<div class="p-v-10">
<div class="info">
<h5 class="test-status text-pass">VerifyLoggingIntoTheApplicationWithoutProvidingAnyCredentials</h5>
<span class='badge badge-success'>01.08.2026 11:08:45 am</span>
<span class='badge badge-danger'>01.08.2026 11:08:46 am</span>
<span class='badge badge-default'>00:00:01:447</span>
&middot; <span class='uri-anchor badge badge-default'>#test-id=35</span>
<span title='Skip to the next failed step' class='badge badge-danger pointer float-right ne ml-1'><i class="fa fa-fast-forward"></i></span>
<span title='Collapse all nodes' class='badge badge-default pointer float-right ct ml-1'><i class="fa fa-compress"></i></span>
<span title='Expand all nodes' class='badge badge-default pointer float-right et'><i class="fa fa-expand"></i></span>
</div>
</div>
</div><div class="detail-body mt-4">
<table class="table table-sm">
  <thead><tr><th class="status-col">Status</th><th class="timestamp-col">Timestamp</th><th class="details-col">Details</th></tr></thead>
  <tbody>
      <tr class="event-row">
        <td><span class="badge log info-bg">Info</span></td>
        <td>11:08:45 am</td>
        <td>
          VerifyLoggingIntoTheApplicationWithoutProvidingAnyCredentials -Test Execution started !
        </td>
      </tr>
      <tr class="event-row">
        <td><span class="badge log pass-bg">Pass</span></td>
        <td>11:08:46 am</td>
        <td>
          VerifyLoggingIntoTheApplicationWithoutProvidingAnyCredentials-Test got Passed !
        </td>
      </tr>
  </tbody>
</table>
</div>
          </div>
        </li>
        <li class="test-item"  status="pass" test-id="36"
          author=""
          tag=""
          device="">
          <div class="test-detail">
            <p class="name">VerifyLoggingIntoTheApplicationUsingValidEmailAddressAndInvalidPassword</p>
            <p class="text-sm">
              <span>11:08:50 am</span> / <span>00:00:01:335</span>
              <span class="badge pass-bg log float-right">Pass</span>
            </p>
          </div>
          <div class="test-contents d-none">
<div class="detail-head">
<div class="p-v-10">
<div class="info">
<h5 class="test-status text-pass">VerifyLoggingIntoTheApplicationUsingValidEmailAddressAndInvalidPassword</h5>
<span class='badge badge-success'>01.08.2026 11:08:50 am</span>
<span class='badge badge-danger'>01.08.2026 11:08:51 am</span>
<span class='badge badge-default'>00:00:01:335</span>
&middot; <span class='uri-anchor badge badge-default'>#test-id=36</span>
<span title='Skip to the next failed step' class='badge badge-danger pointer float-right ne ml-1'><i class="fa fa-fast-forward"></i></span>
<span title='Collapse all nodes' class='badge badge-default pointer float-right ct ml-1'><i class="fa fa-compress"></i></span>
<span title='Expand all nodes' class='badge badge-default pointer float-right et'><i class="fa fa-expand"></i></span>
</div>
</div>
</div><div class="detail-body mt-4">
<table class="table table-sm">
  <thead><tr><th class="status-col">Status</th><th class="timestamp-col">Timestamp</th><th class="details-col">Details</th></tr></thead>
  <tbody>
      <tr class="event-row">
        <td><span class="badge log info-bg">Info</span></td>
        <td>11:08:50 am</td>
        <td>
          VerifyLoggingIntoTheApplicationUsingValidEmailAddressAndInvalidPassword -Test Execution started !
        </td>
      </tr>
      <tr class="event-row">
        <td><span class="badge log pass-bg">Pass</span></td>
        <td>11:08:51 am</td>
        <td>
          VerifyLoggingIntoTheApplicationUsingValidEmailAddressAndInvalidPassword-Test got Passed !
        </td>
      </tr>
  </tbody>
</table>
</div>
          </div>
        </li>
        <li class="test-item"  status="pass" test-id="37"
          author=""
          tag=""
          device="">
          <div class="test-detail">
            <p class="name">VerifyForgottenPasswordLinkIsAvailableInTheLoginPageAndIsWorking</p>
            <p class="text-sm">
              <span>11:08:54 am</span> / <span>00:00:00:454</span>
              <span class="badge pass-bg log float-right">Pass</span>
            </p>
          </div>
          <div class="test-contents d-none">
<div class="detail-head">
<div class="p-v-10">
<div class="info">
<h5 class="test-status text-pass">VerifyForgottenPasswordLinkIsAvailableInTheLoginPageAndIsWorking</h5>
<span class='badge badge-success'>01.08.2026 11:08:54 am</span>
<span class='badge badge-danger'>01.08.2026 11:08:55 am</span>
<span class='badge badge-default'>00:00:00:454</span>
&middot; <span class='uri-anchor badge badge-default'>#test-id=37</span>
<span title='Skip to the next failed step' class='badge badge-danger pointer float-right ne ml-1'><i class="fa fa-fast-forward"></i></span>
<span title='Collapse all nodes' class='badge badge-default pointer float-right ct ml-1'><i class="fa fa-compress"></i></span>
<span title='Expand all nodes' class='badge badge-default pointer float-right et'><i class="fa fa-expand"></i></span>
</div>
</div>
</div><div class="detail-body mt-4">
<table class="table table-sm">
  <thead><tr><th class="status-col">Status</th><th class="timestamp-col">Timestamp</th><th class="details-col">Details</th></tr></thead>
  <tbody>
      <tr class="event-row">
        <td><span class="badge log info-bg">Info</span></td>
        <td>11:08:54 am</td>
        <td>
          VerifyForgottenPasswordLinkIsAvailableInTheLoginPageAndIsWorking -Test Execution started !
        </td>
      </tr>
      <tr class="event-row">
        <td><span class="badge log pass-bg">Pass</span></td>
        <td>11:08:55 am</td>
        <td>
          VerifyForgottenPasswordLinkIsAvailableInTheLoginPageAndIsWorking-Test got Passed !
        </td>
      </tr>
  </tbody>
</table>
</div>
          </div>
        </li>
        <li class="test-item"  status="pass" test-id="38"
          author=""
          tag=""
          device="">
          <div class="test-detail">
            <p class="name">VerifyLoggingIntoTheApplicationUsingKeyboardKeys</p>
            <p class="text-sm">
              <span>11:08:59 am</span> / <span>00:00:01:691</span>
              <span class="badge pass-bg log float-right">Pass</span>
            </p>
          </div>
          <div class="test-contents d-none">
<div class="detail-head">
<div class="p-v-10">
<div class="info">
<h5 class="test-status text-pass">VerifyLoggingIntoTheApplicationUsingKeyboardKeys</h5>
<span class='badge badge-success'>01.08.2026 11:08:59 am</span>
<span class='badge badge-danger'>01.08.2026 11:09:00 am</span>
<span class='badge badge-default'>00:00:01:691</span>
&middot; <span class='uri-anchor badge badge-default'>#test-id=38</span>
<span title='Skip to the next failed step' class='badge badge-danger pointer float-right ne ml-1'><i class="fa fa-fast-forward"></i></span>
<span title='Collapse all nodes' class='badge badge-default pointer float-right ct ml-1'><i class="fa fa-compress"></i></span>
<span title='Expand all nodes' class='badge badge-default pointer float-right et'><i class="fa fa-expand"></i></span>
</div>
</div>
</div><div class="detail-body mt-4">
<table class="table table-sm">
  <thead><tr><th class="status-col">Status</th><th class="timestamp-col">Timestamp</th><th class="details-col">Details</th></tr></thead>
  <tbody>
      <tr class="event-row">
        <td><span class="badge log info-bg">Info</span></td>
        <td>11:08:59 am</td>
        <td>
          VerifyLoggingIntoTheApplicationUsingKeyboardKeys -Test Execution started !
        </td>
      </tr>
      <tr class="event-row">
        <td><span class="badge log pass-bg">Pass</span></td>
        <td>11:09:00 am</td>
        <td>
          VerifyLoggingIntoTheApplicationUsingKeyboardKeys-Test got Passed !
        </td>
      </tr>
  </tbody>
</table>
</div>
          </div>
        </li>
        <li class="test-item"  status="pass" test-id="39"
          author=""
          tag=""
          device="">
          <div class="test-detail">
            <p class="name">VerifyEMailAddressAndPasswordTextFieldsInTheLoginPageHaveThePlaceholderText</p>
            <p class="text-sm">
              <span>11:09:05 am</span> / <span>00:00:00:068</span>
              <span class="badge pass-bg log float-right">Pass</span>
            </p>
          </div>
          <div class="test-contents d-none">
<div class="detail-head">
<div class="p-v-10">
<div class="info">
<h5 class="test-status text-pass">VerifyEMailAddressAndPasswordTextFieldsInTheLoginPageHaveThePlaceholderText</h5>
<span class='badge badge-success'>01.08.2026 11:09:05 am</span>
<span class='badge badge-danger'>01.08.2026 11:09:05 am</span>
<span class='badge badge-default'>00:00:00:068</span>
&middot; <span class='uri-anchor badge badge-default'>#test-id=39</span>
<span title='Skip to the next failed step' class='badge badge-danger pointer float-right ne ml-1'><i class="fa fa-fast-forward"></i></span>
<span title='Collapse all nodes' class='badge badge-default pointer float-right ct ml-1'><i class="fa fa-compress"></i></span>
<span title='Expand all nodes' class='badge badge-default pointer float-right et'><i class="fa fa-expand"></i></span>
</div>
</div>
</div><div class="detail-body mt-4">
<table class="table table-sm">
  <thead><tr><th class="status-col">Status</th><th class="timestamp-col">Timestamp</th><th class="details-col">Details</th></tr></thead>
  <tbody>
      <tr class="event-row">
        <td><span class="badge log info-bg">Info</span></td>
        <td>11:09:05 am</td>
        <td>
          VerifyEMailAddressAndPasswordTextFieldsInTheLoginPageHaveThePlaceholderText -Test Execution started !
        </td>
      </tr>
      <tr class="event-row">
        <td><span class="badge log pass-bg">Pass</span></td>
        <td>11:09:05 am</td>
        <td>
          VerifyEMailAddressAndPasswordTextFieldsInTheLoginPageHaveThePlaceholderText-Test got Passed !
        </td>
      </tr>
  </tbody>
</table>
</div>
          </div>
        </li>
        <li class="test-item"  status="fail" test-id="40"
          author=""
          tag=""
          device="">
          <div class="test-detail">
            <p class="name">verifyBrowsingBackAfterLogin</p>
            <p class="text-sm">
              <span>11:09:09 am</span> / <span>00:00:06:318</span>
              <span class="badge fail-bg log float-right">Fail</span>
            </p>
          </div>
          <div class="test-contents d-none">
<div class="detail-head">
<div class="p-v-10">
<div class="info">
<h5 class="test-status text-fail">verifyBrowsingBackAfterLogin</h5>
<span class='badge badge-success'>01.08.2026 11:09:09 am</span>
<span class='badge badge-danger'>01.08.2026 11:09:15 am</span>
<span class='badge badge-default'>00:00:06:318</span>
&middot; <span class='uri-anchor badge badge-default'>#test-id=40</span>
<span title='Skip to the next failed step' class='badge badge-danger pointer float-right ne ml-1'><i class="fa fa-fast-forward"></i></span>
<span title='Collapse all nodes' class='badge badge-default pointer float-right ct ml-1'><i class="fa fa-compress"></i></span>
<span title='Expand all nodes' class='badge badge-default pointer float-right et'><i class="fa fa-expand"></i></span>
</div>
</div>
</div>    <div class="row mb-3"><div class="col-md-3">
    

<img data-featherlight='C:\Users\HP\OneDrive\Pictures\TutorialsNinjaLiveAutomationProjectdemo\Screenshots\verifyBrowsingBackAfterLogin.png' src="C:\Users\HP\OneDrive\Pictures\TutorialsNinjaLiveAutomationProjectdemo\Screenshots\verifyBrowsingBackAfterLogin.png">
  
    

    </div></div>
<div class="detail-body mt-4">
<table class="table table-sm">
  <thead><tr><th class="status-col">Status</th><th class="timestamp-col">Timestamp</th><th class="details-col">Details</th></tr></thead>
  <tbody>
      <tr class="event-row">
        <td><span class="badge log info-bg">Info</span></td>
        <td>11:09:09 am</td>
        <td>
          verifyBrowsingBackAfterLogin -Test Execution started !
        </td>
      </tr>
      <tr class="event-row">
        <td><span class="badge log fail-bg">Fail</span></td>
        <td>11:09:15 am</td>
        <td>
          verifyBrowsingBackAfterLogin- Test Got Failed!!!!!
        </td>
      </tr>
      <tr class="event-row">
        <td><span class="badge log warning-bg">Warning</span></td>
        <td>11:09:15 am</td>
        <td>
          <textarea readonly class="code-block">java.lang.AssertionError: expected [true] but found [false]
	at org.testng.Assert.fail(Assert.java:111)
	at org.testng.Assert.failNotEquals(Assert.java:1590)
	at org.testng.Assert.assertTrue(Assert.java:57)
	at org.testng.Assert.assertTrue(Assert.java:67)
	at tests.LoginTest.verifyBrowsingBackAfterLogin(LoginTest.java:114)
	at java.base/jdk.internal.reflect.NativeMethodAccessorImpl.invoke0(Native Method)
	at java.base/jdk.internal.reflect.NativeMethodAccessorImpl.invoke(NativeMethodAccessorImpl.java:77)
	at java.base/jdk.internal.reflect.DelegatingMethodAccessorImpl.invoke(DelegatingMethodAccessorImpl.java:43)
	at java.base/java.lang.reflect.Method.invoke(Method.java:568)
	at org.testng.internal.invokers.MethodInvocationHelper.invokeMethod(MethodInvocationHelper.java:141)
	at org.testng.internal.invokers.TestInvoker.invokeMethod(TestInvoker.java:687)
	at org.testng.internal.invokers.TestInvoker.invokeTestMethod(TestInvoker.java:230)
	at org.testng.internal.invokers.MethodRunner.runInSequence(MethodRunner.java:63)
	at org.testng.internal.invokers.TestInvoker$MethodInvocationAgent.invoke(TestInvoker.java:995)
	at org.testng.internal.invokers.TestInvoker.invokeTestMethods(TestInvoker.java:203)
	at org.testng.internal.invokers.TestMethodWorker.invokeTestMethods(TestMethodWorker.java:154)
	at org.testng.internal.invokers.TestMethodWorker.run(TestMethodWorker.java:134)
	at java.base/java.util.ArrayList.forEach(ArrayList.java:1511)
	at org.testng.TestRunner.privateRun(TestRunner.java:741)
	at org.testng.TestRunner.run(TestRunner.java:616)
	at org.testng.SuiteRunner.runTest(SuiteRunner.java:421)
	at org.testng.SuiteRunner.runSequentially(SuiteRunner.java:413)
	at org.testng.SuiteRunner.privateRun(SuiteRunner.java:373)
	at org.testng.SuiteRunner.run(SuiteRunner.java:312)
	at org.testng.SuiteRunnerWorker.runSuite(SuiteRunnerWorker.java:52)
	at org.testng.SuiteRunnerWorker.run(SuiteRunnerWorker.java:95)
	at org.testng.TestNG.runSuitesSequentially(TestNG.java:1274)
	at org.testng.TestNG.runSuitesLocally(TestNG.java:1208)
	at org.testng.TestNG.runSuites(TestNG.java:1112)
	at org.testng.TestNG.run(TestNG.java:1079)
	at org.apache.maven.surefire.testng.TestNGExecutor.run(TestNGExecutor.java:308)
	at org.apache.maven.surefire.testng.TestNGXmlTestSuite.execute(TestNGXmlTestSuite.java:71)
	at org.apache.maven.surefire.testng.TestNGProvider.invoke(TestNGProvider.java:113)
	at org.apache.maven.surefire.booter.ForkedBooter.runSuitesInProcess(ForkedBooter.java:385)
	at org.apache.maven.surefire.booter.ForkedBooter.execute(ForkedBooter.java:162)
	at org.apache.maven.surefire.booter.ForkedBooter.run(ForkedBooter.java:507)
	at org.apache.maven.surefire.booter.ForkedBooter.main(ForkedBooter.java:495)
</textarea>
          
        </td>
      </tr>
  </tbody>
</table>
</div>
          </div>
        </li>
        <li class="test-item"  status="pass" test-id="41"
          author=""
          tag=""
          device="">
          <div class="test-detail">
            <p class="name">VerifyBrowsingBackAfterLogout</p>
            <p class="text-sm">
              <span>11:09:18 am</span> / <span>00:00:02:613</span>
              <span class="badge pass-bg log float-right">Pass</span>
            </p>
          </div>
          <div class="test-contents d-none">
<div class="detail-head">
<div class="p-v-10">
<div class="info">
<h5 class="test-status text-pass">VerifyBrowsingBackAfterLogout</h5>
<span class='badge badge-success'>01.08.2026 11:09:18 am</span>
<span class='badge badge-danger'>01.08.2026 11:09:21 am</span>
<span class='badge badge-default'>00:00:02:613</span>
&middot; <span class='uri-anchor badge badge-default'>#test-id=41</span>
<span title='Skip to the next failed step' class='badge badge-danger pointer float-right ne ml-1'><i class="fa fa-fast-forward"></i></span>
<span title='Collapse all nodes' class='badge badge-default pointer float-right ct ml-1'><i class="fa fa-compress"></i></span>
<span title='Expand all nodes' class='badge badge-default pointer float-right et'><i class="fa fa-expand"></i></span>
</div>
</div>
</div><div class="detail-body mt-4">
<table class="table table-sm">
  <thead><tr><th class="status-col">Status</th><th class="timestamp-col">Timestamp</th><th class="details-col">Details</th></tr></thead>
  <tbody>
      <tr class="event-row">
        <td><span class="badge log info-bg">Info</span></td>
        <td>11:09:18 am</td>
        <td>
          VerifyBrowsingBackAfterLogout -Test Execution started !
        </td>
      </tr>
      <tr class="event-row">
        <td><span class="badge log pass-bg">Pass</span></td>
        <td>11:09:21 am</td>
        <td>
          VerifyBrowsingBackAfterLogout-Test got Passed !
        </td>
      </tr>
  </tbody>
</table>
</div>
          </div>
        </li>
        <li class="test-item"  status="pass" test-id="42"
          author=""
          tag=""
          device="">
          <div class="test-detail">
            <p class="name">VerifyLoggingIntoTheApplicationUsingInactiveCredentials</p>
            <p class="text-sm">
              <span>11:09:24 am</span> / <span>00:00:01:357</span>
              <span class="badge pass-bg log float-right">Pass</span>
            </p>
          </div>
          <div class="test-contents d-none">
<div class="detail-head">
<div class="p-v-10">
<div class="info">
<h5 class="test-status text-pass">VerifyLoggingIntoTheApplicationUsingInactiveCredentials</h5>
<span class='badge badge-success'>01.08.2026 11:09:24 am</span>
<span class='badge badge-danger'>01.08.2026 11:09:25 am</span>
<span class='badge badge-default'>00:00:01:357</span>
&middot; <span class='uri-anchor badge badge-default'>#test-id=42</span>
<span title='Skip to the next failed step' class='badge badge-danger pointer float-right ne ml-1'><i class="fa fa-fast-forward"></i></span>
<span title='Collapse all nodes' class='badge badge-default pointer float-right ct ml-1'><i class="fa fa-compress"></i></span>
<span title='Expand all nodes' class='badge badge-default pointer float-right et'><i class="fa fa-expand"></i></span>
</div>
</div>
</div><div class="detail-body mt-4">
<table class="table table-sm">
  <thead><tr><th class="status-col">Status</th><th class="timestamp-col">Timestamp</th><th class="details-col">Details</th></tr></thead>
  <tbody>
      <tr class="event-row">
        <td><span class="badge log info-bg">Info</span></td>
        <td>11:09:24 am</td>
        <td>
          VerifyLoggingIntoTheApplicationUsingInactiveCredentials -Test Execution started !
        </td>
      </tr>
      <tr class="event-row">
        <td><span class="badge log pass-bg">Pass</span></td>
        <td>11:09:25 am</td>
        <td>
          VerifyLoggingIntoTheApplicationUsingInactiveCredentials-Test got Passed !
        </td>
      </tr>
  </tbody>
</table>
</div>
          </div>
        </li>
        <li class="test-item"  status="fail" test-id="43"
          author=""
          tag=""
          device="">
          <div class="test-detail">
            <p class="name">VerifyTheNumberOfUnsucessfulLoginAttemps</p>
            <p class="text-sm">
              <span>11:09:28 am</span> / <span>00:00:01:618</span>
              <span class="badge fail-bg log float-right">Fail</span>
            </p>
          </div>
          <div class="test-contents d-none">
<div class="detail-head">
<div class="p-v-10">
<div class="info">
<h5 class="test-status text-fail">VerifyTheNumberOfUnsucessfulLoginAttemps</h5>
<span class='badge badge-success'>01.08.2026 11:09:28 am</span>
<span class='badge badge-danger'>01.08.2026 11:09:30 am</span>
<span class='badge badge-default'>00:00:01:618</span>
&middot; <span class='uri-anchor badge badge-default'>#test-id=43</span>
<span title='Skip to the next failed step' class='badge badge-danger pointer float-right ne ml-1'><i class="fa fa-fast-forward"></i></span>
<span title='Collapse all nodes' class='badge badge-default pointer float-right ct ml-1'><i class="fa fa-compress"></i></span>
<span title='Expand all nodes' class='badge badge-default pointer float-right et'><i class="fa fa-expand"></i></span>
</div>
</div>
</div>    <div class="row mb-3"><div class="col-md-3">
    

<img data-featherlight='C:\Users\HP\OneDrive\Pictures\TutorialsNinjaLiveAutomationProjectdemo\Screenshots\VerifyTheNumberOfUnsucessfulLoginAttemps.png' src="C:\Users\HP\OneDrive\Pictures\TutorialsNinjaLiveAutomationProjectdemo\Screenshots\VerifyTheNumberOfUnsucessfulLoginAttemps.png">
  
    

    </div></div>
<div class="detail-body mt-4">
<table class="table table-sm">
  <thead><tr><th class="status-col">Status</th><th class="timestamp-col">Timestamp</th><th class="details-col">Details</th></tr></thead>
  <tbody>
      <tr class="event-row">
        <td><span class="badge log info-bg">Info</span></td>
        <td>11:09:28 am</td>
        <td>
          VerifyTheNumberOfUnsucessfulLoginAttemps -Test Execution started !
        </td>
      </tr>
      <tr class="event-row">
        <td><span class="badge log fail-bg">Fail</span></td>
        <td>11:09:30 am</td>
        <td>
          VerifyTheNumberOfUnsucessfulLoginAttemps- Test Got Failed!!!!!
        </td>
      </tr>
      <tr class="event-row">
        <td><span class="badge log warning-bg">Warning</span></td>
        <td>11:09:30 am</td>
        <td>
          <textarea readonly class="code-block">org.openqa.selenium.StaleElementReferenceException: stale element reference: stale element not found
  (Session info: chrome=143.0.7499.170)
For documentation on this error, please visit: https://www.selenium.dev/documentation/webdriver/troubleshooting/errors#stale-element-reference-exception
Build info: version: '4.26.0', revision: '8ccf0219d7'
System info: os.name: 'Windows 11', os.arch: 'amd64', os.version: '10.0', java.version: '17.0.5'
Driver info: org.openqa.selenium.chrome.ChromeDriver
Command: [dad7c5dd6520abd036f42a789ab5584d, isElementDisplayed {id=f.123D3E75FECC0DB97DC6553DF266ED2B.d.B0E59B85FC7C97356F03AE19EFC57DA5.e.31}]
Capabilities {acceptInsecureCerts: false, browserName: chrome, browserVersion: 143.0.7499.170, chrome: {chromedriverVersion: 143.0.7499.192 (be2c1f4fd45..., userDataDir: C:\Users\HP\AppData\Local\T...}, fedcm:accounts: true, goog:chromeOptions: {debuggerAddress: localhost:54758}, goog:processID: 10276, networkConnectionEnabled: false, pageLoadStrategy: normal, platformName: windows, proxy: Proxy(), se:cdp: ws://localhost:54758/devtoo..., se:cdpVersion: 143.0.7499.170, setWindowRect: true, strictFileInteractability: false, timeouts: {implicit: 0, pageLoad: 300000, script: 30000}, unhandledPromptBehavior: dismiss and notify, webauthn:extension:credBlob: true, webauthn:extension:largeBlob: true, webauthn:extension:minPinLength: true, webauthn:extension:prf: true, webauthn:virtualAuthenticators: true}
Element: [[ChromeDriver: chrome on windows (dad7c5dd6520abd036f42a789ab5584d)] -> id: input-email]
Session ID: dad7c5dd6520abd036f42a789ab5584d
	at java.base/jdk.internal.reflect.NativeConstructorAccessorImpl.newInstance0(Native Method)
	at java.base/jdk.internal.reflect.NativeConstructorAccessorImpl.newInstance(NativeConstructorAccessorImpl.java:77)
	at java.base/jdk.internal.reflect.DelegatingConstructorAccessorImpl.newInstance(DelegatingConstructorAccessorImpl.java:45)
	at java.base/java.lang.reflect.Constructor.newInstanceWithCaller(Constructor.java:499)
	at java.base/java.lang.reflect.Constructor.newInstance(Constructor.java:480)
	at org.openqa.selenium.remote.ErrorCodec.decode(ErrorCodec.java:167)
	at org.openqa.selenium.remote.codec.w3c.W3CHttpResponseCodec.decode(W3CHttpResponseCodec.java:138)
	at org.openqa.selenium.remote.codec.w3c.W3CHttpResponseCodec.decode(W3CHttpResponseCodec.java:50)
	at org.openqa.selenium.remote.HttpCommandExecutor.execute(HttpCommandExecutor.java:190)
	at org.openqa.selenium.remote.service.DriverCommandExecutor.invokeExecute(DriverCommandExecutor.java:216)
	at org.openqa.selenium.remote.service.DriverCommandExecutor.execute(DriverCommandExecutor.java:174)
	at org.openqa.selenium.remote.RemoteWebDriver.execute(RemoteWebDriver.java:545)
	at org.openqa.selenium.remote.RemoteWebElement.execute(RemoteWebElement.java:223)
	at org.openqa.selenium.remote.RemoteWebElement.isDisplayed(RemoteWebElement.java:282)
	at jdk.internal.reflect.GeneratedMethodAccessor1.invoke(Unknown Source)
	at java.base/jdk.internal.reflect.DelegatingMethodAccessorImpl.invoke(DelegatingMethodAccessorImpl.java:43)
	at java.base/java.lang.reflect.Method.invoke(Method.java:568)
	at org.openqa.selenium.support.pagefactory.internal.LocatingElementHandler.invoke(LocatingElementHandler.java:51)
	at jdk.proxy2/jdk.proxy2.$Proxy12.isDisplayed(Unknown Source)
	at utils.ElementUtilities.enterTextIntoElement(ElementUtilities.java:112)
	at pages.LoginPage.loginIntoApplication(LoginPage.java:83)
	at tests.LoginTest.VerifyTheNumberOfUnsucessfulLoginAttemps(LoginTest.java:141)
	at java.base/jdk.internal.reflect.NativeMethodAccessorImpl.invoke0(Native Method)
	at java.base/jdk.internal.reflect.NativeMethodAccessorImpl.invoke(NativeMethodAccessorImpl.java:77)
	at java.base/jdk.internal.reflect.DelegatingMethodAccessorImpl.invoke(DelegatingMethodAccessorImpl.java:43)
	at java.base/java.lang.reflect.Method.invoke(Method.java:568)
	at org.testng.internal.invokers.MethodInvocationHelper.invokeMethod(MethodInvocationHelper.java:141)
	at org.testng.internal.invokers.TestInvoker.invokeMethod(TestInvoker.java:687)
	at org.testng.internal.invokers.TestInvoker.invokeTestMethod(TestInvoker.java:230)
	at org.testng.internal.invokers.MethodRunner.runInSequence(MethodRunner.java:63)
	at org.testng.internal.invokers.TestInvoker$MethodInvocationAgent.invoke(TestInvoker.java:995)
	at org.testng.internal.invokers.TestInvoker.invokeTestMethods(TestInvoker.java:203)
	at org.testng.internal.invokers.TestMethodWorker.invokeTestMethods(TestMethodWorker.java:154)
	at org.testng.internal.invokers.TestMethodWorker.run(TestMethodWorker.java:134)
	at java.base/java.util.ArrayList.forEach(ArrayList.java:1511)
	at org.testng.TestRunner.privateRun(TestRunner.java:741)
	at org.testng.TestRunner.run(TestRunner.java:616)
	at org.testng.SuiteRunner.runTest(SuiteRunner.java:421)
	at org.testng.SuiteRunner.runSequentially(SuiteRunner.java:413)
	at org.testng.SuiteRunner.privateRun(SuiteRunner.java:373)
	at org.testng.SuiteRunner.run(SuiteRunner.java:312)
	at org.testng.SuiteRunnerWorker.runSuite(SuiteRunnerWorker.java:52)
	at org.testng.SuiteRunnerWorker.run(SuiteRunnerWorker.java:95)
	at org.testng.TestNG.runSuitesSequentially(TestNG.java:1274)
	at org.testng.TestNG.runSuitesLocally(TestNG.java:1208)
	at org.testng.TestNG.runSuites(TestNG.java:1112)
	at org.testng.TestNG.run(TestNG.java:1079)
	at org.apache.maven.surefire.testng.TestNGExecutor.run(TestNGExecutor.java:308)
	at org.apache.maven.surefire.testng.TestNGXmlTestSuite.execute(TestNGXmlTestSuite.java:71)
	at org.apache.maven.surefire.testng.TestNGProvider.invoke(TestNGProvider.java:113)
	at org.apache.maven.surefire.booter.ForkedBooter.runSuitesInProcess(ForkedBooter.java:385)
	at org.apache.maven.surefire.booter.ForkedBooter.execute(ForkedBooter.java:162)
	at org.apache.maven.surefire.booter.ForkedBooter.run(ForkedBooter.java:507)
	at org.apache.maven.surefire.booter.ForkedBooter.main(ForkedBooter.java:495)
</textarea>
          
        </td>
      </tr>
  </tbody>
</table>
</div>
          </div>
        </li>
        <li class="test-item"  status="pass" test-id="44"
          author=""
          tag=""
          device="">
          <div class="test-detail">
            <p class="name">VerifyTheTextEnterIntoThePasswordFieldIsToggledToHideItsVisibility</p>
            <p class="text-sm">
              <span>11:09:33 am</span> / <span>00:00:00:016</span>
              <span class="badge pass-bg log float-right">Pass</span>
            </p>
          </div>
          <div class="test-contents d-none">
<div class="detail-head">
<div class="p-v-10">
<div class="info">
<h5 class="test-status text-pass">VerifyTheTextEnterIntoThePasswordFieldIsToggledToHideItsVisibility</h5>
<span class='badge badge-success'>01.08.2026 11:09:33 am</span>
<span class='badge badge-danger'>01.08.2026 11:09:33 am</span>
<span class='badge badge-default'>00:00:00:016</span>
&middot; <span class='uri-anchor badge badge-default'>#test-id=44</span>
<span title='Skip to the next failed step' class='badge badge-danger pointer float-right ne ml-1'><i class="fa fa-fast-forward"></i></span>
<span title='Collapse all nodes' class='badge badge-default pointer float-right ct ml-1'><i class="fa fa-compress"></i></span>
<span title='Expand all nodes' class='badge badge-default pointer float-right et'><i class="fa fa-expand"></i></span>
</div>
</div>
</div><div class="detail-body mt-4">
<table class="table table-sm">
  <thead><tr><th class="status-col">Status</th><th class="timestamp-col">Timestamp</th><th class="details-col">Details</th></tr></thead>
  <tbody>
      <tr class="event-row">
        <td><span class="badge log info-bg">Info</span></td>
        <td>11:09:33 am</td>
        <td>
          VerifyTheTextEnterIntoThePasswordFieldIsToggledToHideItsVisibility -Test Execution started !
        </td>
      </tr>
      <tr class="event-row">
        <td><span class="badge log pass-bg">Pass</span></td>
        <td>11:09:33 am</td>
        <td>
          VerifyTheTextEnterIntoThePasswordFieldIsToggledToHideItsVisibility-Test got Passed !
        </td>
      </tr>
  </tbody>
</table>
</div>
          </div>
        </li>
        <li class="test-item"  status="fail" test-id="45"
          author=""
          tag=""
          device="">
          <div class="test-detail">
            <p class="name">VerifyTheCopyingOfTheTextEnteredIntoThePasswordField</p>
            <p class="text-sm">
              <span>11:09:37 am</span> / <span>00:00:01:611</span>
              <span class="badge fail-bg log float-right">Fail</span>
            </p>
          </div>
          <div class="test-contents d-none">
<div class="detail-head">
<div class="p-v-10">
<div class="info">
<h5 class="test-status text-fail">VerifyTheCopyingOfTheTextEnteredIntoThePasswordField</h5>
<span class='badge badge-success'>01.08.2026 11:09:37 am</span>
<span class='badge badge-danger'>01.08.2026 11:09:38 am</span>
<span class='badge badge-default'>00:00:01:611</span>
&middot; <span class='uri-anchor badge badge-default'>#test-id=45</span>
<span title='Skip to the next failed step' class='badge badge-danger pointer float-right ne ml-1'><i class="fa fa-fast-forward"></i></span>
<span title='Collapse all nodes' class='badge badge-default pointer float-right ct ml-1'><i class="fa fa-compress"></i></span>
<span title='Expand all nodes' class='badge badge-default pointer float-right et'><i class="fa fa-expand"></i></span>
</div>
</div>
</div>    <div class="row mb-3"><div class="col-md-3">
    

<img data-featherlight='C:\Users\HP\OneDrive\Pictures\TutorialsNinjaLiveAutomationProjectdemo\Screenshots\VerifyTheCopyingOfTheTextEnteredIntoThePasswordField.png' src="C:\Users\HP\OneDrive\Pictures\TutorialsNinjaLiveAutomationProjectdemo\Screenshots\VerifyTheCopyingOfTheTextEnteredIntoThePasswordField.png">
  
    

    </div></div>
<div class="detail-body mt-4">
<table class="table table-sm">
  <thead><tr><th class="status-col">Status</th><th class="timestamp-col">Timestamp</th><th class="details-col">Details</th></tr></thead>
  <tbody>
      <tr class="event-row">
        <td><span class="badge log info-bg">Info</span></td>
        <td>11:09:37 am</td>
        <td>
          VerifyTheCopyingOfTheTextEnteredIntoThePasswordField -Test Execution started !
        </td>
      </tr>
      <tr class="event-row">
        <td><span class="badge log fail-bg">Fail</span></td>
        <td>11:09:38 am</td>
        <td>
          VerifyTheCopyingOfTheTextEnteredIntoThePasswordField- Test Got Failed!!!!!
        </td>
      </tr>
      <tr class="event-row">
        <td><span class="badge log warning-bg">Warning</span></td>
        <td>11:09:38 am</td>
        <td>
          <textarea readonly class="code-block">org.openqa.selenium.StaleElementReferenceException: stale element reference: stale element not found
  (Session info: chrome=143.0.7499.170)
For documentation on this error, please visit: https://www.selenium.dev/documentation/webdriver/troubleshooting/errors#stale-element-reference-exception
Build info: version: '4.26.0', revision: '8ccf0219d7'
System info: os.name: 'Windows 11', os.arch: 'amd64', os.version: '10.0', java.version: '17.0.5'
Driver info: org.openqa.selenium.chrome.ChromeDriver
Command: [33e165bb1411aa960f83d147f7e5f0c5, getElementDomAttribute {id=f.4867808A9306227797658EFAA2CAE7B8.d.06D0D01258493591ABD732BA9F3817EE.e.31, name=value}]
Capabilities {acceptInsecureCerts: false, browserName: chrome, browserVersion: 143.0.7499.170, chrome: {chromedriverVersion: 143.0.7499.192 (be2c1f4fd45..., userDataDir: C:\Users\HP\AppData\Local\T...}, fedcm:accounts: true, goog:chromeOptions: {debuggerAddress: localhost:54420}, goog:processID: 13644, networkConnectionEnabled: false, pageLoadStrategy: normal, platformName: windows, proxy: Proxy(), se:cdp: ws://localhost:54420/devtoo..., se:cdpVersion: 143.0.7499.170, setWindowRect: true, strictFileInteractability: false, timeouts: {implicit: 0, pageLoad: 300000, script: 30000}, unhandledPromptBehavior: dismiss and notify, webauthn:extension:credBlob: true, webauthn:extension:largeBlob: true, webauthn:extension:minPinLength: true, webauthn:extension:prf: true, webauthn:virtualAuthenticators: true}
Element: [[ChromeDriver: chrome on windows (33e165bb1411aa960f83d147f7e5f0c5)] -> id: input-email]
Session ID: 33e165bb1411aa960f83d147f7e5f0c5
	at java.base/jdk.internal.reflect.NativeConstructorAccessorImpl.newInstance0(Native Method)
	at java.base/jdk.internal.reflect.NativeConstructorAccessorImpl.newInstance(NativeConstructorAccessorImpl.java:77)
	at java.base/jdk.internal.reflect.DelegatingConstructorAccessorImpl.newInstance(DelegatingConstructorAccessorImpl.java:45)
	at java.base/java.lang.reflect.Constructor.newInstanceWithCaller(Constructor.java:499)
	at java.base/java.lang.reflect.Constructor.newInstance(Constructor.java:480)
	at org.openqa.selenium.remote.ErrorCodec.decode(ErrorCodec.java:167)
	at org.openqa.selenium.remote.codec.w3c.W3CHttpResponseCodec.decode(W3CHttpResponseCodec.java:138)
	at org.openqa.selenium.remote.codec.w3c.W3CHttpResponseCodec.decode(W3CHttpResponseCodec.java:50)
	at org.openqa.selenium.remote.HttpCommandExecutor.execute(HttpCommandExecutor.java:190)
	at org.openqa.selenium.remote.service.DriverCommandExecutor.invokeExecute(DriverCommandExecutor.java:216)
	at org.openqa.selenium.remote.service.DriverCommandExecutor.execute(DriverCommandExecutor.java:174)
	at org.openqa.selenium.remote.RemoteWebDriver.execute(RemoteWebDriver.java:545)
	at org.openqa.selenium.remote.RemoteWebElement.execute(RemoteWebElement.java:223)
	at org.openqa.selenium.remote.RemoteWebElement.getDomAttribute(RemoteWebElement.java:144)
	at java.base/jdk.internal.reflect.NativeMethodAccessorImpl.invoke0(Native Method)
	at java.base/jdk.internal.reflect.NativeMethodAccessorImpl.invoke(NativeMethodAccessorImpl.java:77)
	at java.base/jdk.internal.reflect.DelegatingMethodAccessorImpl.invoke(DelegatingMethodAccessorImpl.java:43)
	at java.base/java.lang.reflect.Method.invoke(Method.java:568)
	at org.openqa.selenium.support.pagefactory.internal.LocatingElementHandler.invoke(LocatingElementHandler.java:51)
	at jdk.proxy2/jdk.proxy2.$Proxy12.getDomAttribute(Unknown Source)
	at utils.ElementUtilities.getElementDomAttribute(ElementUtilities.java:78)
	at pages.LoginPage.getPastedTextFromEmailField(LoginPage.java:124)
	at tests.LoginTest.VerifyTheCopyingOfTheTextEnteredIntoThePasswordField(LoginTest.java:182)
	at java.base/jdk.internal.reflect.NativeMethodAccessorImpl.invoke0(Native Method)
	at java.base/jdk.internal.reflect.NativeMethodAccessorImpl.invoke(NativeMethodAccessorImpl.java:77)
	at java.base/jdk.internal.reflect.DelegatingMethodAccessorImpl.invoke(DelegatingMethodAccessorImpl.java:43)
	at java.base/java.lang.reflect.Method.invoke(Method.java:568)
	at org.testng.internal.invokers.MethodInvocationHelper.invokeMethod(MethodInvocationHelper.java:141)
	at org.testng.internal.invokers.TestInvoker.invokeMethod(TestInvoker.java:687)
	at org.testng.internal.invokers.TestInvoker.invokeTestMethod(TestInvoker.java:230)
	at org.testng.internal.invokers.MethodRunner.runInSequence(MethodRunner.java:63)
	at org.testng.internal.invokers.TestInvoker$MethodInvocationAgent.invoke(TestInvoker.java:995)
	at org.testng.internal.invokers.TestInvoker.invokeTestMethods(TestInvoker.java:203)
	at org.testng.internal.invokers.TestMethodWorker.invokeTestMethods(TestMethodWorker.java:154)
	at org.testng.internal.invokers.TestMethodWorker.run(TestMethodWorker.java:134)
	at java.base/java.util.ArrayList.forEach(ArrayList.java:1511)
	at org.testng.TestRunner.privateRun(TestRunner.java:741)
	at org.testng.TestRunner.run(TestRunner.java:616)
	at org.testng.SuiteRunner.runTest(SuiteRunner.java:421)
	at org.testng.SuiteRunner.runSequentially(SuiteRunner.java:413)
	at org.testng.SuiteRunner.privateRun(SuiteRunner.java:373)
	at org.testng.SuiteRunner.run(SuiteRunner.java:312)
	at org.testng.SuiteRunnerWorker.runSuite(SuiteRunnerWorker.java:52)
	at org.testng.SuiteRunnerWorker.run(SuiteRunnerWorker.java:95)
	at org.testng.TestNG.runSuitesSequentially(TestNG.java:1274)
	at org.testng.TestNG.runSuitesLocally(TestNG.java:1208)
	at org.testng.TestNG.runSuites(TestNG.java:1112)
	at org.testng.TestNG.run(TestNG.java:1079)
	at org.apache.maven.surefire.testng.TestNGExecutor.run(TestNGExecutor.java:308)
	at org.apache.maven.surefire.testng.TestNGXmlTestSuite.execute(TestNGXmlTestSuite.java:71)
	at org.apache.maven.surefire.testng.TestNGProvider.invoke(TestNGProvider.java:113)
	at org.apache.maven.surefire.booter.ForkedBooter.runSuitesInProcess(ForkedBooter.java:385)
	at org.apache.maven.surefire.booter.ForkedBooter.execute(ForkedBooter.java:162)
	at org.apache.maven.surefire.booter.ForkedBooter.run(ForkedBooter.java:507)
	at org.apache.maven.surefire.booter.ForkedBooter.main(ForkedBooter.java:495)
</textarea>
          
        </td>
      </tr>
  </tbody>
</table>
</div>
          </div>
        </li>
        <li class="test-item"  status="fail" test-id="46"
          author=""
          tag=""
          device="">
          <div class="test-detail">
            <p class="name">VerifyThePasswordIsNotVisibleInThePageSource</p>
            <p class="text-sm">
              <span>11:09:41 am</span> / <span>00:00:00:760</span>
              <span class="badge fail-bg log float-right">Fail</span>
            </p>
          </div>
          <div class="test-contents d-none">
<div class="detail-head">
<div class="p-v-10">
<div class="info">
<h5 class="test-status text-fail">VerifyThePasswordIsNotVisibleInThePageSource</h5>
<span class='badge badge-success'>01.08.2026 11:09:41 am</span>
<span class='badge badge-danger'>01.08.2026 11:09:42 am</span>
<span class='badge badge-default'>00:00:00:760</span>
&middot; <span class='uri-anchor badge badge-default'>#test-id=46</span>
<span title='Skip to the next failed step' class='badge badge-danger pointer float-right ne ml-1'><i class="fa fa-fast-forward"></i></span>
<span title='Collapse all nodes' class='badge badge-default pointer float-right ct ml-1'><i class="fa fa-compress"></i></span>
<span title='Expand all nodes' class='badge badge-default pointer float-right et'><i class="fa fa-expand"></i></span>
</div>
</div>
</div>    <div class="row mb-3"><div class="col-md-3">
    

<img data-featherlight='C:\Users\HP\OneDrive\Pictures\TutorialsNinjaLiveAutomationProjectdemo\Screenshots\VerifyThePasswordIsNotVisibleInThePageSource.png' src="C:\Users\HP\OneDrive\Pictures\TutorialsNinjaLiveAutomationProjectdemo\Screenshots\VerifyThePasswordIsNotVisibleInThePageSource.png">
  
    

    </div></div>
<div class="detail-body mt-4">
<table class="table table-sm">
  <thead><tr><th class="status-col">Status</th><th class="timestamp-col">Timestamp</th><th class="details-col">Details</th></tr></thead>
  <tbody>
      <tr class="event-row">
        <td><span class="badge log info-bg">Info</span></td>
        <td>11:09:41 am</td>
        <td>
          VerifyThePasswordIsNotVisibleInThePageSource -Test Execution started !
        </td>
      </tr>
      <tr class="event-row">
        <td><span class="badge log fail-bg">Fail</span></td>
        <td>11:09:42 am</td>
        <td>
          VerifyThePasswordIsNotVisibleInThePageSource- Test Got Failed!!!!!
        </td>
      </tr>
      <tr class="event-row">
        <td><span class="badge log warning-bg">Warning</span></td>
        <td>11:09:42 am</td>
        <td>
          <textarea readonly class="code-block">java.lang.AssertionError: expected [true] but found [false]
	at org.testng.Assert.fail(Assert.java:111)
	at org.testng.Assert.failNotEquals(Assert.java:1590)
	at org.testng.Assert.assertTrue(Assert.java:57)
	at org.testng.Assert.assertTrue(Assert.java:67)
	at tests.LoginTest.VerifyThePasswordIsNotVisibleInThePageSource(LoginTest.java:188)
	at java.base/jdk.internal.reflect.NativeMethodAccessorImpl.invoke0(Native Method)
	at java.base/jdk.internal.reflect.NativeMethodAccessorImpl.invoke(NativeMethodAccessorImpl.java:77)
	at java.base/jdk.internal.reflect.DelegatingMethodAccessorImpl.invoke(DelegatingMethodAccessorImpl.java:43)
	at java.base/java.lang.reflect.Method.invoke(Method.java:568)
	at org.testng.internal.invokers.MethodInvocationHelper.invokeMethod(MethodInvocationHelper.java:141)
	at org.testng.internal.invokers.TestInvoker.invokeMethod(TestInvoker.java:687)
	at org.testng.internal.invokers.TestInvoker.invokeTestMethod(TestInvoker.java:230)
	at org.testng.internal.invokers.MethodRunner.runInSequence(MethodRunner.java:63)
	at org.testng.internal.invokers.TestInvoker$MethodInvocationAgent.invoke(TestInvoker.java:995)
	at org.testng.internal.invokers.TestInvoker.invokeTestMethods(TestInvoker.java:203)
	at org.testng.internal.invokers.TestMethodWorker.invokeTestMethods(TestMethodWorker.java:154)
	at org.testng.internal.invokers.TestMethodWorker.run(TestMethodWorker.java:134)
	at java.base/java.util.ArrayList.forEach(ArrayList.java:1511)
	at org.testng.TestRunner.privateRun(TestRunner.java:741)
	at org.testng.TestRunner.run(TestRunner.java:616)
	at org.testng.SuiteRunner.runTest(SuiteRunner.java:421)
	at org.testng.SuiteRunner.runSequentially(SuiteRunner.java:413)
	at org.testng.SuiteRunner.privateRun(SuiteRunner.java:373)
	at org.testng.SuiteRunner.run(SuiteRunner.java:312)
	at org.testng.SuiteRunnerWorker.runSuite(SuiteRunnerWorker.java:52)
	at org.testng.SuiteRunnerWorker.run(SuiteRunnerWorker.java:95)
	at org.testng.TestNG.runSuitesSequentially(TestNG.java:1274)
	at org.testng.TestNG.runSuitesLocally(TestNG.java:1208)
	at org.testng.TestNG.runSuites(TestNG.java:1112)
	at org.testng.TestNG.run(TestNG.java:1079)
	at org.apache.maven.surefire.testng.TestNGExecutor.run(TestNGExecutor.java:308)
	at org.apache.maven.surefire.testng.TestNGXmlTestSuite.execute(TestNGXmlTestSuite.java:71)
	at org.apache.maven.surefire.testng.TestNGProvider.invoke(TestNGProvider.java:113)
	at org.apache.maven.surefire.booter.ForkedBooter.runSuitesInProcess(ForkedBooter.java:385)
	at org.apache.maven.surefire.booter.ForkedBooter.execute(ForkedBooter.java:162)
	at org.apache.maven.surefire.booter.ForkedBooter.run(ForkedBooter.java:507)
	at org.apache.maven.surefire.booter.ForkedBooter.main(ForkedBooter.java:495)
</textarea>
          
        </td>
      </tr>
  </tbody>
</table>
</div>
          </div>
        </li>
        <li class="test-item"  status="pass" test-id="47"
          author=""
          tag=""
          device="">
          <div class="test-detail">
            <p class="name">VerifyLoggingIntoTheApplicationAfterChangingThePassword</p>
            <p class="text-sm">
              <span>11:09:45 am</span> / <span>00:00:07:756</span>
              <span class="badge pass-bg log float-right">Pass</span>
            </p>
          </div>
          <div class="test-contents d-none">
<div class="detail-head">
<div class="p-v-10">
<div class="info">
<h5 class="test-status text-pass">VerifyLoggingIntoTheApplicationAfterChangingThePassword</h5>
<span class='badge badge-success'>01.08.2026 11:09:45 am</span>
<span class='badge badge-danger'>01.08.2026 11:09:53 am</span>
<span class='badge badge-default'>00:00:07:756</span>
&middot; <span class='uri-anchor badge badge-default'>#test-id=47</span>
<span title='Skip to the next failed step' class='badge badge-danger pointer float-right ne ml-1'><i class="fa fa-fast-forward"></i></span>
<span title='Collapse all nodes' class='badge badge-default pointer float-right ct ml-1'><i class="fa fa-compress"></i></span>
<span title='Expand all nodes' class='badge badge-default pointer float-right et'><i class="fa fa-expand"></i></span>
</div>
</div>
</div><div class="detail-body mt-4">
<table class="table table-sm">
  <thead><tr><th class="status-col">Status</th><th class="timestamp-col">Timestamp</th><th class="details-col">Details</th></tr></thead>
  <tbody>
      <tr class="event-row">
        <td><span class="badge log info-bg">Info</span></td>
        <td>11:09:45 am</td>
        <td>
          VerifyLoggingIntoTheApplicationAfterChangingThePassword -Test Execution started !
        </td>
      </tr>
      <tr class="event-row">
        <td><span class="badge log pass-bg">Pass</span></td>
        <td>11:09:53 am</td>
        <td>
          VerifyLoggingIntoTheApplicationAfterChangingThePassword-Test got Passed !
        </td>
      </tr>
  </tbody>
</table>
</div>
          </div>
        </li>
        <li class="test-item"  status="pass" test-id="48"
          author=""
          tag=""
          device="">
          <div class="test-detail">
            <p class="name">VerifyUserIsAbleToNavigateToDifferentPagesFromLoginPage</p>
            <p class="text-sm">
              <span>11:09:56 am</span> / <span>00:00:00:001</span>
              <span class="badge pass-bg log float-right">Pass</span>
            </p>
          </div>
          <div class="test-contents d-none">
<div class="detail-head">
<div class="p-v-10">
<div class="info">
<h5 class="test-status text-pass">VerifyUserIsAbleToNavigateToDifferentPagesFromLoginPage</h5>
<span class='badge badge-success'>01.08.2026 11:09:56 am</span>
<span class='badge badge-danger'>01.08.2026 11:09:56 am</span>
<span class='badge badge-default'>00:00:00:001</span>
&middot; <span class='uri-anchor badge badge-default'>#test-id=48</span>
<span title='Skip to the next failed step' class='badge badge-danger pointer float-right ne ml-1'><i class="fa fa-fast-forward"></i></span>
<span title='Collapse all nodes' class='badge badge-default pointer float-right ct ml-1'><i class="fa fa-compress"></i></span>
<span title='Expand all nodes' class='badge badge-default pointer float-right et'><i class="fa fa-expand"></i></span>
</div>
</div>
</div><div class="detail-body mt-4">
<table class="table table-sm">
  <thead><tr><th class="status-col">Status</th><th class="timestamp-col">Timestamp</th><th class="details-col">Details</th></tr></thead>
  <tbody>
      <tr class="event-row">
        <td><span class="badge log info-bg">Info</span></td>
        <td>11:09:56 am</td>
        <td>
          VerifyUserIsAbleToNavigateToDifferentPagesFromLoginPage -Test Execution started !
        </td>
      </tr>
      <tr class="event-row">
        <td><span class="badge log pass-bg">Pass</span></td>
        <td>11:09:56 am</td>
        <td>
          VerifyUserIsAbleToNavigateToDifferentPagesFromLoginPage-Test got Passed !
        </td>
      </tr>
  </tbody>
</table>
</div>
          </div>
        </li>
        <li class="test-item"  status="pass" test-id="49"
          author=""
          tag=""
          device="">
          <div class="test-detail">
            <p class="name">VerifyLoggingOutAndBrowsingBack</p>
            <p class="text-sm">
              <span>11:09:59 am</span> / <span>00:00:04:459</span>
              <span class="badge pass-bg log float-right">Pass</span>
            </p>
          </div>
          <div class="test-contents d-none">
<div class="detail-head">
<div class="p-v-10">
<div class="info">
<h5 class="test-status text-pass">VerifyLoggingOutAndBrowsingBack</h5>
<span class='badge badge-success'>01.08.2026 11:09:59 am</span>
<span class='badge badge-danger'>01.08.2026 11:10:03 am</span>
<span class='badge badge-default'>00:00:04:459</span>
&middot; <span class='uri-anchor badge badge-default'>#test-id=49</span>
<span title='Skip to the next failed step' class='badge badge-danger pointer float-right ne ml-1'><i class="fa fa-fast-forward"></i></span>
<span title='Collapse all nodes' class='badge badge-default pointer float-right ct ml-1'><i class="fa fa-compress"></i></span>
<span title='Expand all nodes' class='badge badge-default pointer float-right et'><i class="fa fa-expand"></i></span>
</div>
</div>
</div><div class="detail-body mt-4">
<table class="table table-sm">
  <thead><tr><th class="status-col">Status</th><th class="timestamp-col">Timestamp</th><th class="details-col">Details</th></tr></thead>
  <tbody>
      <tr class="event-row">
        <td><span class="badge log info-bg">Info</span></td>
        <td>11:09:59 am</td>
        <td>
          VerifyLoggingOutAndBrowsingBack -Test Execution started !
        </td>
      </tr>
      <tr class="event-row">
        <td><span class="badge log pass-bg">Pass</span></td>
        <td>11:10:03 am</td>
        <td>
          VerifyLoggingOutAndBrowsingBack-Test got Passed !
        </td>
      </tr>
  </tbody>
</table>
</div>
          </div>
        </li>
        <li class="test-item"  status="pass" test-id="50"
          author=""
          tag=""
          device="">
          <div class="test-detail">
            <p class="name">VerifyLoggingoutBySelectingLogoutOptionFromMyAccountDropmenu</p>
            <p class="text-sm">
              <span>11:10:07 am</span> / <span>00:00:04:549</span>
              <span class="badge pass-bg log float-right">Pass</span>
            </p>
          </div>
          <div class="test-contents d-none">
<div class="detail-head">
<div class="p-v-10">
<div class="info">
<h5 class="test-status text-pass">VerifyLoggingoutBySelectingLogoutOptionFromMyAccountDropmenu</h5>
<span class='badge badge-success'>01.08.2026 11:10:07 am</span>
<span class='badge badge-danger'>01.08.2026 11:10:12 am</span>
<span class='badge badge-default'>00:00:04:549</span>
&middot; <span class='uri-anchor badge badge-default'>#test-id=50</span>
<span title='Skip to the next failed step' class='badge badge-danger pointer float-right ne ml-1'><i class="fa fa-fast-forward"></i></span>
<span title='Collapse all nodes' class='badge badge-default pointer float-right ct ml-1'><i class="fa fa-compress"></i></span>
<span title='Expand all nodes' class='badge badge-default pointer float-right et'><i class="fa fa-expand"></i></span>
</div>
</div>
</div><div class="detail-body mt-4">
<table class="table table-sm">
  <thead><tr><th class="status-col">Status</th><th class="timestamp-col">Timestamp</th><th class="details-col">Details</th></tr></thead>
  <tbody>
      <tr class="event-row">
        <td><span class="badge log info-bg">Info</span></td>
        <td>11:10:07 am</td>
        <td>
          VerifyLoggingoutBySelectingLogoutOptionFromMyAccountDropmenu -Test Execution started !
        </td>
      </tr>
      <tr class="event-row">
        <td><span class="badge log pass-bg">Pass</span></td>
        <td>11:10:12 am</td>
        <td>
          VerifyLoggingoutBySelectingLogoutOptionFromMyAccountDropmenu-Test got Passed !
        </td>
      </tr>
  </tbody>
</table>
</div>
          </div>
        </li>
        <li class="test-item"  status="pass" test-id="51"
          author=""
          tag=""
          device="">
          <div class="test-detail">
            <p class="name">VerifyLoggingOutBySelectingLogoutOptionFromRightColumnOptions</p>
            <p class="text-sm">
              <span>11:10:15 am</span> / <span>00:00:03:545</span>
              <span class="badge pass-bg log float-right">Pass</span>
            </p>
          </div>
          <div class="test-contents d-none">
<div class="detail-head">
<div class="p-v-10">
<div class="info">
<h5 class="test-status text-pass">VerifyLoggingOutBySelectingLogoutOptionFromRightColumnOptions</h5>
<span class='badge badge-success'>01.08.2026 11:10:15 am</span>
<span class='badge badge-danger'>01.08.2026 11:10:18 am</span>
<span class='badge badge-default'>00:00:03:545</span>
&middot; <span class='uri-anchor badge badge-default'>#test-id=51</span>
<span title='Skip to the next failed step' class='badge badge-danger pointer float-right ne ml-1'><i class="fa fa-fast-forward"></i></span>
<span title='Collapse all nodes' class='badge badge-default pointer float-right ct ml-1'><i class="fa fa-compress"></i></span>
<span title='Expand all nodes' class='badge badge-default pointer float-right et'><i class="fa fa-expand"></i></span>
</div>
</div>
</div><div class="detail-body mt-4">
<table class="table table-sm">
  <thead><tr><th class="status-col">Status</th><th class="timestamp-col">Timestamp</th><th class="details-col">Details</th></tr></thead>
  <tbody>
      <tr class="event-row">
        <td><span class="badge log info-bg">Info</span></td>
        <td>11:10:15 am</td>
        <td>
          VerifyLoggingOutBySelectingLogoutOptionFromRightColumnOptions -Test Execution started !
        </td>
      </tr>
      <tr class="event-row">
        <td><span class="badge log pass-bg">Pass</span></td>
        <td>11:10:18 am</td>
        <td>
          VerifyLoggingOutBySelectingLogoutOptionFromRightColumnOptions-Test got Passed !
        </td>
      </tr>
  </tbody>
</table>
</div>
          </div>
        </li>
        <li class="test-item"  status="pass" test-id="52"
          author=""
          tag=""
          device="">
          <div class="test-detail">
            <p class="name">VerifyLogoutOptionIsNotDisplayedUnderMyAccountMenuBeforeLoggingIn</p>
            <p class="text-sm">
              <span>11:10:21 am</span> / <span>00:00:05:220</span>
              <span class="badge pass-bg log float-right">Pass</span>
            </p>
          </div>
          <div class="test-contents d-none">
<div class="detail-head">
<div class="p-v-10">
<div class="info">
<h5 class="test-status text-pass">VerifyLogoutOptionIsNotDisplayedUnderMyAccountMenuBeforeLoggingIn</h5>
<span class='badge badge-success'>01.08.2026 11:10:21 am</span>
<span class='badge badge-danger'>01.08.2026 11:10:26 am</span>
<span class='badge badge-default'>00:00:05:220</span>
&middot; <span class='uri-anchor badge badge-default'>#test-id=52</span>
<span title='Skip to the next failed step' class='badge badge-danger pointer float-right ne ml-1'><i class="fa fa-fast-forward"></i></span>
<span title='Collapse all nodes' class='badge badge-default pointer float-right ct ml-1'><i class="fa fa-compress"></i></span>
<span title='Expand all nodes' class='badge badge-default pointer float-right et'><i class="fa fa-expand"></i></span>
</div>
</div>
</div><div class="detail-body mt-4">
<table class="table table-sm">
  <thead><tr><th class="status-col">Status</th><th class="timestamp-col">Timestamp</th><th class="details-col">Details</th></tr></thead>
  <tbody>
      <tr class="event-row">
        <td><span class="badge log info-bg">Info</span></td>
        <td>11:10:21 am</td>
        <td>
          VerifyLogoutOptionIsNotDisplayedUnderMyAccountMenuBeforeLoggingIn -Test Execution started !
        </td>
      </tr>
      <tr class="event-row">
        <td><span class="badge log pass-bg">Pass</span></td>
        <td>11:10:26 am</td>
        <td>
          VerifyLogoutOptionIsNotDisplayedUnderMyAccountMenuBeforeLoggingIn-Test got Passed !
        </td>
      </tr>
  </tbody>
</table>
</div>
          </div>
        </li>
        <li class="test-item"  status="pass" test-id="53"
          author=""
          tag=""
          device="">
          <div class="test-detail">
            <p class="name">VerifyLogoutOptionIsNotDisplayedUnderRightColumnOptionsBeforeLoggingIn</p>
            <p class="text-sm">
              <span>11:10:29 am</span> / <span>00:00:05:558</span>
              <span class="badge pass-bg log float-right">Pass</span>
            </p>
          </div>
          <div class="test-contents d-none">
<div class="detail-head">
<div class="p-v-10">
<div class="info">
<h5 class="test-status text-pass">VerifyLogoutOptionIsNotDisplayedUnderRightColumnOptionsBeforeLoggingIn</h5>
<span class='badge badge-success'>01.08.2026 11:10:29 am</span>
<span class='badge badge-danger'>01.08.2026 11:10:34 am</span>
<span class='badge badge-default'>00:00:05:558</span>
&middot; <span class='uri-anchor badge badge-default'>#test-id=53</span>
<span title='Skip to the next failed step' class='badge badge-danger pointer float-right ne ml-1'><i class="fa fa-fast-forward"></i></span>
<span title='Collapse all nodes' class='badge badge-default pointer float-right ct ml-1'><i class="fa fa-compress"></i></span>
<span title='Expand all nodes' class='badge badge-default pointer float-right et'><i class="fa fa-expand"></i></span>
</div>
</div>
</div><div class="detail-body mt-4">
<table class="table table-sm">
  <thead><tr><th class="status-col">Status</th><th class="timestamp-col">Timestamp</th><th class="details-col">Details</th></tr></thead>
  <tbody>
      <tr class="event-row">
        <td><span class="badge log info-bg">Info</span></td>
        <td>11:10:29 am</td>
        <td>
          VerifyLogoutOptionIsNotDisplayedUnderRightColumnOptionsBeforeLoggingIn -Test Execution started !
        </td>
      </tr>
      <tr class="event-row">
        <td><span class="badge log pass-bg">Pass</span></td>
        <td>11:10:34 am</td>
        <td>
          VerifyLogoutOptionIsNotDisplayedUnderRightColumnOptionsBeforeLoggingIn-Test got Passed !
        </td>
      </tr>
  </tbody>
</table>
</div>
          </div>
        </li>
        <li class="test-item"  status="pass" test-id="54"
          author=""
          tag=""
          device="">
          <div class="test-detail">
            <p class="name">VerifyNavigatingToSearchPageFromTheSiteMapPage</p>
            <p class="text-sm">
              <span>11:10:37 am</span> / <span>00:00:00:801</span>
              <span class="badge pass-bg log float-right">Pass</span>
            </p>
          </div>
          <div class="test-contents d-none">
<div class="detail-head">
<div class="p-v-10">
<div class="info">
<h5 class="test-status text-pass">VerifyNavigatingToSearchPageFromTheSiteMapPage</h5>
<span class='badge badge-success'>01.08.2026 11:10:37 am</span>
<span class='badge badge-danger'>01.08.2026 11:10:38 am</span>
<span class='badge badge-default'>00:00:00:801</span>
&middot; <span class='uri-anchor badge badge-default'>#test-id=54</span>
<span title='Skip to the next failed step' class='badge badge-danger pointer float-right ne ml-1'><i class="fa fa-fast-forward"></i></span>
<span title='Collapse all nodes' class='badge badge-default pointer float-right ct ml-1'><i class="fa fa-compress"></i></span>
<span title='Expand all nodes' class='badge badge-default pointer float-right et'><i class="fa fa-expand"></i></span>
</div>
</div>
</div><div class="detail-body mt-4">
<table class="table table-sm">
  <thead><tr><th class="status-col">Status</th><th class="timestamp-col">Timestamp</th><th class="details-col">Details</th></tr></thead>
  <tbody>
      <tr class="event-row">
        <td><span class="badge log info-bg">Info</span></td>
        <td>11:10:37 am</td>
        <td>
          VerifyNavigatingToSearchPageFromTheSiteMapPage -Test Execution started !
        </td>
      </tr>
      <tr class="event-row">
        <td><span class="badge log pass-bg">Pass</span></td>
        <td>11:10:38 am</td>
        <td>
          VerifyNavigatingToSearchPageFromTheSiteMapPage-Test got Passed !
        </td>
      </tr>
  </tbody>
</table>
</div>
          </div>
        </li>
        <li class="test-item"  status="pass" test-id="55"
          author=""
          tag=""
          device="">
          <div class="test-detail">
            <p class="name">VerifySearchProductToCheckoutProduct</p>
            <p class="text-sm">
              <span>11:10:40 am</span> / <span>00:00:09:247</span>
              <span class="badge pass-bg log float-right">Pass</span>
            </p>
          </div>
          <div class="test-contents d-none">
<div class="detail-head">
<div class="p-v-10">
<div class="info">
<h5 class="test-status text-pass">VerifySearchProductToCheckoutProduct</h5>
<span class='badge badge-success'>01.08.2026 11:10:40 am</span>
<span class='badge badge-danger'>01.08.2026 11:10:49 am</span>
<span class='badge badge-default'>00:00:09:247</span>
&middot; <span class='uri-anchor badge badge-default'>#test-id=55</span>
<span title='Skip to the next failed step' class='badge badge-danger pointer float-right ne ml-1'><i class="fa fa-fast-forward"></i></span>
<span title='Collapse all nodes' class='badge badge-default pointer float-right ct ml-1'><i class="fa fa-compress"></i></span>
<span title='Expand all nodes' class='badge badge-default pointer float-right et'><i class="fa fa-expand"></i></span>
</div>
</div>
</div><div class="detail-body mt-4">
<table class="table table-sm">
  <thead><tr><th class="status-col">Status</th><th class="timestamp-col">Timestamp</th><th class="details-col">Details</th></tr></thead>
  <tbody>
      <tr class="event-row">
        <td><span class="badge log info-bg">Info</span></td>
        <td>11:10:40 am</td>
        <td>
          VerifySearchProductToCheckoutProduct -Test Execution started !
        </td>
      </tr>
      <tr class="event-row">
        <td><span class="badge log pass-bg">Pass</span></td>
        <td>11:10:49 am</td>
        <td>
          VerifySearchProductToCheckoutProduct-Test got Passed !
        </td>
      </tr>
  </tbody>
</table>
</div>
          </div>
        </li>
        <li class="test-item"  status="pass" test-id="56"
          author=""
          tag=""
          device="">
          <div class="test-detail">
            <p class="name">VerifySearchTextboxFieldAndTheButtonHavingSearchIconAreDisplayedOnAllThePageOfTheApplication</p>
            <p class="text-sm">
              <span>11:10:52 am</span> / <span>00:00:20:872</span>
              <span class="badge pass-bg log float-right">Pass</span>
            </p>
          </div>
          <div class="test-contents d-none">
<div class="detail-head">
<div class="p-v-10">
<div class="info">
<h5 class="test-status text-pass">VerifySearchTextboxFieldAndTheButtonHavingSearchIconAreDisplayedOnAllThePageOfTheApplication</h5>
<span class='badge badge-success'>01.08.2026 11:10:52 am</span>
<span class='badge badge-danger'>01.08.2026 11:11:13 am</span>
<span class='badge badge-default'>00:00:20:872</span>
&middot; <span class='uri-anchor badge badge-default'>#test-id=56</span>
<span title='Skip to the next failed step' class='badge badge-danger pointer float-right ne ml-1'><i class="fa fa-fast-forward"></i></span>
<span title='Collapse all nodes' class='badge badge-default pointer float-right ct ml-1'><i class="fa fa-compress"></i></span>
<span title='Expand all nodes' class='badge badge-default pointer float-right et'><i class="fa fa-expand"></i></span>
</div>
</div>
</div><div class="detail-body mt-4">
<table class="table table-sm">
  <thead><tr><th class="status-col">Status</th><th class="timestamp-col">Timestamp</th><th class="details-col">Details</th></tr></thead>
  <tbody>
      <tr class="event-row">
        <td><span class="badge log info-bg">Info</span></td>
        <td>11:10:52 am</td>
        <td>
          VerifySearchTextboxFieldAndTheButtonHavingSearchIconAreDisplayedOnAllThePageOfTheApplication -Test Execution started !
        </td>
      </tr>
      <tr class="event-row">
        <td><span class="badge log pass-bg">Pass</span></td>
        <td>11:11:13 am</td>
        <td>
          VerifySearchTextboxFieldAndTheButtonHavingSearchIconAreDisplayedOnAllThePageOfTheApplication-Test got Passed !
        </td>
      </tr>
  </tbody>
</table>
</div>
          </div>
        </li>
        <li class="test-item"  status="pass" test-id="57"
          author=""
          tag=""
          device="">
          <div class="test-detail">
            <p class="name">VerifyWeCanUseAllTheOptionsOfSearchFunctionalityUsingTheKeybaordKeys</p>
            <p class="text-sm">
              <span>11:11:15 am</span> / <span>00:00:03:741</span>
              <span class="badge pass-bg log float-right">Pass</span>
            </p>
          </div>
          <div class="test-contents d-none">
<div class="detail-head">
<div class="p-v-10">
<div class="info">
<h5 class="test-status text-pass">VerifyWeCanUseAllTheOptionsOfSearchFunctionalityUsingTheKeybaordKeys</h5>
<span class='badge badge-success'>01.08.2026 11:11:15 am</span>
<span class='badge badge-danger'>01.08.2026 11:11:19 am</span>
<span class='badge badge-default'>00:00:03:741</span>
&middot; <span class='uri-anchor badge badge-default'>#test-id=57</span>
<span title='Skip to the next failed step' class='badge badge-danger pointer float-right ne ml-1'><i class="fa fa-fast-forward"></i></span>
<span title='Collapse all nodes' class='badge badge-default pointer float-right ct ml-1'><i class="fa fa-compress"></i></span>
<span title='Expand all nodes' class='badge badge-default pointer float-right et'><i class="fa fa-expand"></i></span>
</div>
</div>
</div><div class="detail-body mt-4">
<table class="table table-sm">
  <thead><tr><th class="status-col">Status</th><th class="timestamp-col">Timestamp</th><th class="details-col">Details</th></tr></thead>
  <tbody>
      <tr class="event-row">
        <td><span class="badge log info-bg">Info</span></td>
        <td>11:11:15 am</td>
        <td>
          VerifyWeCanUseAllTheOptionsOfSearchFunctionalityUsingTheKeybaordKeys -Test Execution started !
        </td>
      </tr>
      <tr class="event-row">
        <td><span class="badge log pass-bg">Pass</span></td>
        <td>11:11:19 am</td>
        <td>
          VerifyWeCanUseAllTheOptionsOfSearchFunctionalityUsingTheKeybaordKeys-Test got Passed !
        </td>
      </tr>
  </tbody>
</table>
</div>
          </div>
        </li>
        <li class="test-item"  status="pass" test-id="58"
          author=""
          tag=""
          device="">
          <div class="test-detail">
            <p class="name">VerifySearchingWithAnExistingProductName</p>
            <p class="text-sm">
              <span>11:11:22 am</span> / <span>00:00:00:731</span>
              <span class="badge pass-bg log float-right">Pass</span>
            </p>
          </div>
          <div class="test-contents d-none">
<div class="detail-head">
<div class="p-v-10">
<div class="info">
<h5 class="test-status text-pass">VerifySearchingWithAnExistingProductName</h5>
<span class='badge badge-success'>01.08.2026 11:11:22 am</span>
<span class='badge badge-danger'>01.08.2026 11:11:22 am</span>
<span class='badge badge-default'>00:00:00:731</span>
&middot; <span class='uri-anchor badge badge-default'>#test-id=58</span>
<span title='Skip to the next failed step' class='badge badge-danger pointer float-right ne ml-1'><i class="fa fa-fast-forward"></i></span>
<span title='Collapse all nodes' class='badge badge-default pointer float-right ct ml-1'><i class="fa fa-compress"></i></span>
<span title='Expand all nodes' class='badge badge-default pointer float-right et'><i class="fa fa-expand"></i></span>
</div>
</div>
</div><div class="detail-body mt-4">
<table class="table table-sm">
  <thead><tr><th class="status-col">Status</th><th class="timestamp-col">Timestamp</th><th class="details-col">Details</th></tr></thead>
  <tbody>
      <tr class="event-row">
        <td><span class="badge log info-bg">Info</span></td>
        <td>11:11:22 am</td>
        <td>
          VerifySearchingWithAnExistingProductName -Test Execution started !
        </td>
      </tr>
      <tr class="event-row">
        <td><span class="badge log pass-bg">Pass</span></td>
        <td>11:11:22 am</td>
        <td>
          VerifySearchingWithAnExistingProductName-Test got Passed !
        </td>
      </tr>
  </tbody>
</table>
</div>
          </div>
        </li>
        <li class="test-item"  status="pass" test-id="59"
          author=""
          tag=""
          device="">
          <div class="test-detail">
            <p class="name">VerifySearchingWithNonExistingProductName</p>
            <p class="text-sm">
              <span>11:11:25 am</span> / <span>00:00:00:686</span>
              <span class="badge pass-bg log float-right">Pass</span>
            </p>
          </div>
          <div class="test-contents d-none">
<div class="detail-head">
<div class="p-v-10">
<div class="info">
<h5 class="test-status text-pass">VerifySearchingWithNonExistingProductName</h5>
<span class='badge badge-success'>01.08.2026 11:11:25 am</span>
<span class='badge badge-danger'>01.08.2026 11:11:25 am</span>
<span class='badge badge-default'>00:00:00:686</span>
&middot; <span class='uri-anchor badge badge-default'>#test-id=59</span>
<span title='Skip to the next failed step' class='badge badge-danger pointer float-right ne ml-1'><i class="fa fa-fast-forward"></i></span>
<span title='Collapse all nodes' class='badge badge-default pointer float-right ct ml-1'><i class="fa fa-compress"></i></span>
<span title='Expand all nodes' class='badge badge-default pointer float-right et'><i class="fa fa-expand"></i></span>
</div>
</div>
</div><div class="detail-body mt-4">
<table class="table table-sm">
  <thead><tr><th class="status-col">Status</th><th class="timestamp-col">Timestamp</th><th class="details-col">Details</th></tr></thead>
  <tbody>
      <tr class="event-row">
        <td><span class="badge log info-bg">Info</span></td>
        <td>11:11:25 am</td>
        <td>
          VerifySearchingWithNonExistingProductName -Test Execution started !
        </td>
      </tr>
      <tr class="event-row">
        <td><span class="badge log pass-bg">Pass</span></td>
        <td>11:11:25 am</td>
        <td>
          VerifySearchingWithNonExistingProductName-Test got Passed !
        </td>
      </tr>
  </tbody>
</table>
</div>
          </div>
        </li>
        <li class="test-item"  status="pass" test-id="60"
          author=""
          tag=""
          device="">
          <div class="test-detail">
            <p class="name">VerifySearchingWithoutProvidingAnyProductName</p>
            <p class="text-sm">
              <span>11:11:28 am</span> / <span>00:00:00:753</span>
              <span class="badge pass-bg log float-right">Pass</span>
            </p>
          </div>
          <div class="test-contents d-none">
<div class="detail-head">
<div class="p-v-10">
<div class="info">
<h5 class="test-status text-pass">VerifySearchingWithoutProvidingAnyProductName</h5>
<span class='badge badge-success'>01.08.2026 11:11:28 am</span>
<span class='badge badge-danger'>01.08.2026 11:11:29 am</span>
<span class='badge badge-default'>00:00:00:753</span>
&middot; <span class='uri-anchor badge badge-default'>#test-id=60</span>
<span title='Skip to the next failed step' class='badge badge-danger pointer float-right ne ml-1'><i class="fa fa-fast-forward"></i></span>
<span title='Collapse all nodes' class='badge badge-default pointer float-right ct ml-1'><i class="fa fa-compress"></i></span>
<span title='Expand all nodes' class='badge badge-default pointer float-right et'><i class="fa fa-expand"></i></span>
</div>
</div>
</div><div class="detail-body mt-4">
<table class="table table-sm">
  <thead><tr><th class="status-col">Status</th><th class="timestamp-col">Timestamp</th><th class="details-col">Details</th></tr></thead>
  <tbody>
      <tr class="event-row">
        <td><span class="badge log info-bg">Info</span></td>
        <td>11:11:28 am</td>
        <td>
          VerifySearchingWithoutProvidingAnyProductName -Test Execution started !
        </td>
      </tr>
      <tr class="event-row">
        <td><span class="badge log pass-bg">Pass</span></td>
        <td>11:11:29 am</td>
        <td>
          VerifySearchingWithoutProvidingAnyProductName-Test got Passed !
        </td>
      </tr>
  </tbody>
</table>
</div>
          </div>
        </li>
        <li class="test-item"  status="pass" test-id="61"
          author=""
          tag=""
          device="">
          <div class="test-detail">
            <p class="name">VeriftySearchingForAProductAfterLoginToTheApplication</p>
            <p class="text-sm">
              <span>11:11:31 am</span> / <span>00:00:02:629</span>
              <span class="badge pass-bg log float-right">Pass</span>
            </p>
          </div>
          <div class="test-contents d-none">
<div class="detail-head">
<div class="p-v-10">
<div class="info">
<h5 class="test-status text-pass">VeriftySearchingForAProductAfterLoginToTheApplication</h5>
<span class='badge badge-success'>01.08.2026 11:11:31 am</span>
<span class='badge badge-danger'>01.08.2026 11:11:34 am</span>
<span class='badge badge-default'>00:00:02:629</span>
&middot; <span class='uri-anchor badge badge-default'>#test-id=61</span>
<span title='Skip to the next failed step' class='badge badge-danger pointer float-right ne ml-1'><i class="fa fa-fast-forward"></i></span>
<span title='Collapse all nodes' class='badge badge-default pointer float-right ct ml-1'><i class="fa fa-compress"></i></span>
<span title='Expand all nodes' class='badge badge-default pointer float-right et'><i class="fa fa-expand"></i></span>
</div>
</div>
</div><div class="detail-body mt-4">
<table class="table table-sm">
  <thead><tr><th class="status-col">Status</th><th class="timestamp-col">Timestamp</th><th class="details-col">Details</th></tr></thead>
  <tbody>
      <tr class="event-row">
        <td><span class="badge log info-bg">Info</span></td>
        <td>11:11:31 am</td>
        <td>
          VeriftySearchingForAProductAfterLoginToTheApplication -Test Execution started !
        </td>
      </tr>
      <tr class="event-row">
        <td><span class="badge log pass-bg">Pass</span></td>
        <td>11:11:34 am</td>
        <td>
          VeriftySearchingForAProductAfterLoginToTheApplication-Test got Passed !
        </td>
      </tr>
  </tbody>
</table>
</div>
          </div>
        </li>
        <li class="test-item"  status="pass" test-id="62"
          author=""
          tag=""
          device="">
          <div class="test-detail">
            <p class="name">VerifyProductSearchResultingMultipleProducts</p>
            <p class="text-sm">
              <span>11:11:37 am</span> / <span>00:00:00:877</span>
              <span class="badge pass-bg log float-right">Pass</span>
            </p>
          </div>
          <div class="test-contents d-none">
<div class="detail-head">
<div class="p-v-10">
<div class="info">
<h5 class="test-status text-pass">VerifyProductSearchResultingMultipleProducts</h5>
<span class='badge badge-success'>01.08.2026 11:11:37 am</span>
<span class='badge badge-danger'>01.08.2026 11:11:38 am</span>
<span class='badge badge-default'>00:00:00:877</span>
&middot; <span class='uri-anchor badge badge-default'>#test-id=62</span>
<span title='Skip to the next failed step' class='badge badge-danger pointer float-right ne ml-1'><i class="fa fa-fast-forward"></i></span>
<span title='Collapse all nodes' class='badge badge-default pointer float-right ct ml-1'><i class="fa fa-compress"></i></span>
<span title='Expand all nodes' class='badge badge-default pointer float-right et'><i class="fa fa-expand"></i></span>
</div>
</div>
</div><div class="detail-body mt-4">
<table class="table table-sm">
  <thead><tr><th class="status-col">Status</th><th class="timestamp-col">Timestamp</th><th class="details-col">Details</th></tr></thead>
  <tbody>
      <tr class="event-row">
        <td><span class="badge log info-bg">Info</span></td>
        <td>11:11:37 am</td>
        <td>
          VerifyProductSearchResultingMultipleProducts -Test Execution started !
        </td>
      </tr>
      <tr class="event-row">
        <td><span class="badge log pass-bg">Pass</span></td>
        <td>11:11:38 am</td>
        <td>
          VerifyProductSearchResultingMultipleProducts-Test got Passed !
        </td>
      </tr>
  </tbody>
</table>
</div>
          </div>
        </li>
        <li class="test-item"  status="pass" test-id="63"
          author=""
          tag=""
          device="">
          <div class="test-detail">
            <p class="name">VerifySearchFieldPlaceholder</p>
            <p class="text-sm">
              <span>11:11:40 am</span> / <span>00:00:00:516</span>
              <span class="badge pass-bg log float-right">Pass</span>
            </p>
          </div>
          <div class="test-contents d-none">
<div class="detail-head">
<div class="p-v-10">
<div class="info">
<h5 class="test-status text-pass">VerifySearchFieldPlaceholder</h5>
<span class='badge badge-success'>01.08.2026 11:11:40 am</span>
<span class='badge badge-danger'>01.08.2026 11:11:41 am</span>
<span class='badge badge-default'>00:00:00:516</span>
&middot; <span class='uri-anchor badge badge-default'>#test-id=63</span>
<span title='Skip to the next failed step' class='badge badge-danger pointer float-right ne ml-1'><i class="fa fa-fast-forward"></i></span>
<span title='Collapse all nodes' class='badge badge-default pointer float-right ct ml-1'><i class="fa fa-compress"></i></span>
<span title='Expand all nodes' class='badge badge-default pointer float-right et'><i class="fa fa-expand"></i></span>
</div>
</div>
</div><div class="detail-body mt-4">
<table class="table table-sm">
  <thead><tr><th class="status-col">Status</th><th class="timestamp-col">Timestamp</th><th class="details-col">Details</th></tr></thead>
  <tbody>
      <tr class="event-row">
        <td><span class="badge log info-bg">Info</span></td>
        <td>11:11:40 am</td>
        <td>
          VerifySearchFieldPlaceholder -Test Execution started !
        </td>
      </tr>
      <tr class="event-row">
        <td><span class="badge log pass-bg">Pass</span></td>
        <td>11:11:41 am</td>
        <td>
          VerifySearchFieldPlaceholder-Test got Passed !
        </td>
      </tr>
  </tbody>
</table>
</div>
          </div>
        </li>
        <li class="test-item"  status="pass" test-id="64"
          author=""
          tag=""
          device="">
          <div class="test-detail">
            <p class="name">VerifySearchingUsingSearchCriteriaField</p>
            <p class="text-sm">
              <span>11:11:43 am</span> / <span>00:00:01:120</span>
              <span class="badge pass-bg log float-right">Pass</span>
            </p>
          </div>
          <div class="test-contents d-none">
<div class="detail-head">
<div class="p-v-10">
<div class="info">
<h5 class="test-status text-pass">VerifySearchingUsingSearchCriteriaField</h5>
<span class='badge badge-success'>01.08.2026 11:11:43 am</span>
<span class='badge badge-danger'>01.08.2026 11:11:44 am</span>
<span class='badge badge-default'>00:00:01:120</span>
&middot; <span class='uri-anchor badge badge-default'>#test-id=64</span>
<span title='Skip to the next failed step' class='badge badge-danger pointer float-right ne ml-1'><i class="fa fa-fast-forward"></i></span>
<span title='Collapse all nodes' class='badge badge-default pointer float-right ct ml-1'><i class="fa fa-compress"></i></span>
<span title='Expand all nodes' class='badge badge-default pointer float-right et'><i class="fa fa-expand"></i></span>
</div>
</div>
</div><div class="detail-body mt-4">
<table class="table table-sm">
  <thead><tr><th class="status-col">Status</th><th class="timestamp-col">Timestamp</th><th class="details-col">Details</th></tr></thead>
  <tbody>
      <tr class="event-row">
        <td><span class="badge log info-bg">Info</span></td>
        <td>11:11:43 am</td>
        <td>
          VerifySearchingUsingSearchCriteriaField -Test Execution started !
        </td>
      </tr>
      <tr class="event-row">
        <td><span class="badge log pass-bg">Pass</span></td>
        <td>11:11:44 am</td>
        <td>
          VerifySearchingUsingSearchCriteriaField-Test got Passed !
        </td>
      </tr>
  </tbody>
</table>
</div>
          </div>
        </li>
        <li class="test-item"  status="pass" test-id="65"
          author=""
          tag=""
          device="">
          <div class="test-detail">
            <p class="name">VerifySearchUsingTheTextFromTheProductDescription</p>
            <p class="text-sm">
              <span>11:11:47 am</span> / <span>00:00:01:181</span>
              <span class="badge pass-bg log float-right">Pass</span>
            </p>
          </div>
          <div class="test-contents d-none">
<div class="detail-head">
<div class="p-v-10">
<div class="info">
<h5 class="test-status text-pass">VerifySearchUsingTheTextFromTheProductDescription</h5>
<span class='badge badge-success'>01.08.2026 11:11:47 am</span>
<span class='badge badge-danger'>01.08.2026 11:11:48 am</span>
<span class='badge badge-default'>00:00:01:181</span>
&middot; <span class='uri-anchor badge badge-default'>#test-id=65</span>
<span title='Skip to the next failed step' class='badge badge-danger pointer float-right ne ml-1'><i class="fa fa-fast-forward"></i></span>
<span title='Collapse all nodes' class='badge badge-default pointer float-right ct ml-1'><i class="fa fa-compress"></i></span>
<span title='Expand all nodes' class='badge badge-default pointer float-right et'><i class="fa fa-expand"></i></span>
</div>
</div>
</div><div class="detail-body mt-4">
<table class="table table-sm">
  <thead><tr><th class="status-col">Status</th><th class="timestamp-col">Timestamp</th><th class="details-col">Details</th></tr></thead>
  <tbody>
      <tr class="event-row">
        <td><span class="badge log info-bg">Info</span></td>
        <td>11:11:47 am</td>
        <td>
          VerifySearchUsingTheTextFromTheProductDescription -Test Execution started !
        </td>
      </tr>
      <tr class="event-row">
        <td><span class="badge log pass-bg">Pass</span></td>
        <td>11:11:48 am</td>
        <td>
          VerifySearchUsingTheTextFromTheProductDescription-Test got Passed !
        </td>
      </tr>
  </tbody>
</table>
</div>
          </div>
        </li>
        <li class="test-item"  status="pass" test-id="66"
          author=""
          tag=""
          device="">
          <div class="test-detail">
            <p class="name">VerifySearchBySelectingTheCategoryOfProduct</p>
            <p class="text-sm">
              <span>11:11:51 am</span> / <span>00:00:07:149</span>
              <span class="badge pass-bg log float-right">Pass</span>
            </p>
          </div>
          <div class="test-contents d-none">
<div class="detail-head">
<div class="p-v-10">
<div class="info">
<h5 class="test-status text-pass">VerifySearchBySelectingTheCategoryOfProduct</h5>
<span class='badge badge-success'>01.08.2026 11:11:51 am</span>
<span class='badge badge-danger'>01.08.2026 11:11:58 am</span>
<span class='badge badge-default'>00:00:07:149</span>
&middot; <span class='uri-anchor badge badge-default'>#test-id=66</span>
<span title='Skip to the next failed step' class='badge badge-danger pointer float-right ne ml-1'><i class="fa fa-fast-forward"></i></span>
<span title='Collapse all nodes' class='badge badge-default pointer float-right ct ml-1'><i class="fa fa-compress"></i></span>
<span title='Expand all nodes' class='badge badge-default pointer float-right et'><i class="fa fa-expand"></i></span>
</div>
</div>
</div><div class="detail-body mt-4">
<table class="table table-sm">
  <thead><tr><th class="status-col">Status</th><th class="timestamp-col">Timestamp</th><th class="details-col">Details</th></tr></thead>
  <tbody>
      <tr class="event-row">
        <td><span class="badge log info-bg">Info</span></td>
        <td>11:11:51 am</td>
        <td>
          VerifySearchBySelectingTheCategoryOfProduct -Test Execution started !
        </td>
      </tr>
      <tr class="event-row">
        <td><span class="badge log pass-bg">Pass</span></td>
        <td>11:11:58 am</td>
        <td>
          VerifySearchBySelectingTheCategoryOfProduct-Test got Passed !
        </td>
      </tr>
  </tbody>
</table>
</div>
          </div>
        </li>
        <li class="test-item"  status="pass" test-id="67"
          author=""
          tag=""
          device="">
          <div class="test-detail">
            <p class="name">VerifySearchBySelectingToSearchInSubcategories</p>
            <p class="text-sm">
              <span>11:12:00 am</span> / <span>00:00:01:645</span>
              <span class="badge pass-bg log float-right">Pass</span>
            </p>
          </div>
          <div class="test-contents d-none">
<div class="detail-head">
<div class="p-v-10">
<div class="info">
<h5 class="test-status text-pass">VerifySearchBySelectingToSearchInSubcategories</h5>
<span class='badge badge-success'>01.08.2026 11:12:00 am</span>
<span class='badge badge-danger'>01.08.2026 11:12:02 am</span>
<span class='badge badge-default'>00:00:01:645</span>
&middot; <span class='uri-anchor badge badge-default'>#test-id=67</span>
<span title='Skip to the next failed step' class='badge badge-danger pointer float-right ne ml-1'><i class="fa fa-fast-forward"></i></span>
<span title='Collapse all nodes' class='badge badge-default pointer float-right ct ml-1'><i class="fa fa-compress"></i></span>
<span title='Expand all nodes' class='badge badge-default pointer float-right et'><i class="fa fa-expand"></i></span>
</div>
</div>
</div><div class="detail-body mt-4">
<table class="table table-sm">
  <thead><tr><th class="status-col">Status</th><th class="timestamp-col">Timestamp</th><th class="details-col">Details</th></tr></thead>
  <tbody>
      <tr class="event-row">
        <td><span class="badge log info-bg">Info</span></td>
        <td>11:12:00 am</td>
        <td>
          VerifySearchBySelectingToSearchInSubcategories -Test Execution started !
        </td>
      </tr>
      <tr class="event-row">
        <td><span class="badge log pass-bg">Pass</span></td>
        <td>11:12:02 am</td>
        <td>
          VerifySearchBySelectingToSearchInSubcategories-Test got Passed !
        </td>
      </tr>
  </tbody>
</table>
</div>
          </div>
        </li>
        <li class="test-item"  status="pass" test-id="68"
          author=""
          tag=""
          device="">
          <div class="test-detail">
            <p class="name">VerifyListAndGridViewsInSearchResultsPageHavingOneProduct</p>
            <p class="text-sm">
              <span>11:12:04 am</span> / <span>00:00:07:243</span>
              <span class="badge pass-bg log float-right">Pass</span>
            </p>
          </div>
          <div class="test-contents d-none">
<div class="detail-head">
<div class="p-v-10">
<div class="info">
<h5 class="test-status text-pass">VerifyListAndGridViewsInSearchResultsPageHavingOneProduct</h5>
<span class='badge badge-success'>01.08.2026 11:12:04 am</span>
<span class='badge badge-danger'>01.08.2026 11:12:12 am</span>
<span class='badge badge-default'>00:00:07:243</span>
&middot; <span class='uri-anchor badge badge-default'>#test-id=68</span>
<span title='Skip to the next failed step' class='badge badge-danger pointer float-right ne ml-1'><i class="fa fa-fast-forward"></i></span>
<span title='Collapse all nodes' class='badge badge-default pointer float-right ct ml-1'><i class="fa fa-compress"></i></span>
<span title='Expand all nodes' class='badge badge-default pointer float-right et'><i class="fa fa-expand"></i></span>
</div>
</div>
</div><div class="detail-body mt-4">
<table class="table table-sm">
  <thead><tr><th class="status-col">Status</th><th class="timestamp-col">Timestamp</th><th class="details-col">Details</th></tr></thead>
  <tbody>
      <tr class="event-row">
        <td><span class="badge log info-bg">Info</span></td>
        <td>11:12:04 am</td>
        <td>
          VerifyListAndGridViewsInSearchResultsPageHavingOneProduct -Test Execution started !
        </td>
      </tr>
      <tr class="event-row">
        <td><span class="badge log pass-bg">Pass</span></td>
        <td>11:12:12 am</td>
        <td>
          VerifyListAndGridViewsInSearchResultsPageHavingOneProduct-Test got Passed !
        </td>
      </tr>
  </tbody>
</table>
</div>
          </div>
        </li>
        <li class="test-item"  status="pass" test-id="69"
          author=""
          tag=""
          device="">
          <div class="test-detail">
            <p class="name">VerifyListAndGridViewsWhenMultipleProductsAreDisplayedInTheSearchResults</p>
            <p class="text-sm">
              <span>11:12:14 am</span> / <span>00:00:01:377</span>
              <span class="badge pass-bg log float-right">Pass</span>
            </p>
          </div>
          <div class="test-contents d-none">
<div class="detail-head">
<div class="p-v-10">
<div class="info">
<h5 class="test-status text-pass">VerifyListAndGridViewsWhenMultipleProductsAreDisplayedInTheSearchResults</h5>
<span class='badge badge-success'>01.08.2026 11:12:14 am</span>
<span class='badge badge-danger'>01.08.2026 11:12:16 am</span>
<span class='badge badge-default'>00:00:01:377</span>
&middot; <span class='uri-anchor badge badge-default'>#test-id=69</span>
<span title='Skip to the next failed step' class='badge badge-danger pointer float-right ne ml-1'><i class="fa fa-fast-forward"></i></span>
<span title='Collapse all nodes' class='badge badge-default pointer float-right ct ml-1'><i class="fa fa-compress"></i></span>
<span title='Expand all nodes' class='badge badge-default pointer float-right et'><i class="fa fa-expand"></i></span>
</div>
</div>
</div><div class="detail-body mt-4">
<table class="table table-sm">
  <thead><tr><th class="status-col">Status</th><th class="timestamp-col">Timestamp</th><th class="details-col">Details</th></tr></thead>
  <tbody>
      <tr class="event-row">
        <td><span class="badge log info-bg">Info</span></td>
        <td>11:12:14 am</td>
        <td>
          VerifyListAndGridViewsWhenMultipleProductsAreDisplayedInTheSearchResults -Test Execution started !
        </td>
      </tr>
      <tr class="event-row">
        <td><span class="badge log pass-bg">Pass</span></td>
        <td>11:12:16 am</td>
        <td>
          VerifyListAndGridViewsWhenMultipleProductsAreDisplayedInTheSearchResults-Test got Passed !
        </td>
      </tr>
  </tbody>
</table>
</div>
          </div>
        </li>
        <li class="test-item"  status="pass" test-id="70"
          author=""
          tag=""
          device="">
          <div class="test-detail">
            <p class="name">VerifyNavigatingToProductComparePageFromSearchResultsPage</p>
            <p class="text-sm">
              <span>11:12:18 am</span> / <span>00:00:01:532</span>
              <span class="badge pass-bg log float-right">Pass</span>
            </p>
          </div>
          <div class="test-contents d-none">
<div class="detail-head">
<div class="p-v-10">
<div class="info">
<h5 class="test-status text-pass">VerifyNavigatingToProductComparePageFromSearchResultsPage</h5>
<span class='badge badge-success'>01.08.2026 11:12:18 am</span>
<span class='badge badge-danger'>01.08.2026 11:12:20 am</span>
<span class='badge badge-default'>00:00:01:532</span>
&middot; <span class='uri-anchor badge badge-default'>#test-id=70</span>
<span title='Skip to the next failed step' class='badge badge-danger pointer float-right ne ml-1'><i class="fa fa-fast-forward"></i></span>
<span title='Collapse all nodes' class='badge badge-default pointer float-right ct ml-1'><i class="fa fa-compress"></i></span>
<span title='Expand all nodes' class='badge badge-default pointer float-right et'><i class="fa fa-expand"></i></span>
</div>
</div>
</div><div class="detail-body mt-4">
<table class="table table-sm">
  <thead><tr><th class="status-col">Status</th><th class="timestamp-col">Timestamp</th><th class="details-col">Details</th></tr></thead>
  <tbody>
      <tr class="event-row">
        <td><span class="badge log info-bg">Info</span></td>
        <td>11:12:18 am</td>
        <td>
          VerifyNavigatingToProductComparePageFromSearchResultsPage -Test Execution started !
        </td>
      </tr>
      <tr class="event-row">
        <td><span class="badge log pass-bg">Pass</span></td>
        <td>11:12:20 am</td>
        <td>
          VerifyNavigatingToProductComparePageFromSearchResultsPage-Test got Passed !
        </td>
      </tr>
  </tbody>
</table>
</div>
          </div>
        </li>
        <li class="test-item"  status="pass" test-id="71"
          author=""
          tag=""
          device="">
          <div class="test-detail">
            <p class="name">VerifySortingOptionInSearchResultPageByDefaultOptoion</p>
            <p class="text-sm">
              <span>11:12:22 am</span> / <span>00:00:01:553</span>
              <span class="badge pass-bg log float-right">Pass</span>
            </p>
          </div>
          <div class="test-contents d-none">
<div class="detail-head">
<div class="p-v-10">
<div class="info">
<h5 class="test-status text-pass">VerifySortingOptionInSearchResultPageByDefaultOptoion</h5>
<span class='badge badge-success'>01.08.2026 11:12:22 am</span>
<span class='badge badge-danger'>01.08.2026 11:12:24 am</span>
<span class='badge badge-default'>00:00:01:553</span>
&middot; <span class='uri-anchor badge badge-default'>#test-id=71</span>
<span title='Skip to the next failed step' class='badge badge-danger pointer float-right ne ml-1'><i class="fa fa-fast-forward"></i></span>
<span title='Collapse all nodes' class='badge badge-default pointer float-right ct ml-1'><i class="fa fa-compress"></i></span>
<span title='Expand all nodes' class='badge badge-default pointer float-right et'><i class="fa fa-expand"></i></span>
</div>
</div>
</div><div class="detail-body mt-4">
<table class="table table-sm">
  <thead><tr><th class="status-col">Status</th><th class="timestamp-col">Timestamp</th><th class="details-col">Details</th></tr></thead>
  <tbody>
      <tr class="event-row">
        <td><span class="badge log info-bg">Info</span></td>
        <td>11:12:22 am</td>
        <td>
          VerifySortingOptionInSearchResultPageByDefaultOptoion -Test Execution started !
        </td>
      </tr>
      <tr class="event-row">
        <td><span class="badge log pass-bg">Pass</span></td>
        <td>11:12:24 am</td>
        <td>
          VerifySortingOptionInSearchResultPageByDefaultOptoion-Test got Passed !
        </td>
      </tr>
  </tbody>
</table>
</div>
          </div>
        </li>
        <li class="test-item"  status="pass" test-id="72"
          author=""
          tag=""
          device="">
          <div class="test-detail">
            <p class="name">VerifySortingOptionInSearchResultPageByDesendingName</p>
            <p class="text-sm">
              <span>11:12:27 am</span> / <span>00:00:01:813</span>
              <span class="badge pass-bg log float-right">Pass</span>
            </p>
          </div>
          <div class="test-contents d-none">
<div class="detail-head">
<div class="p-v-10">
<div class="info">
<h5 class="test-status text-pass">VerifySortingOptionInSearchResultPageByDesendingName</h5>
<span class='badge badge-success'>01.08.2026 11:12:27 am</span>
<span class='badge badge-danger'>01.08.2026 11:12:29 am</span>
<span class='badge badge-default'>00:00:01:813</span>
&middot; <span class='uri-anchor badge badge-default'>#test-id=72</span>
<span title='Skip to the next failed step' class='badge badge-danger pointer float-right ne ml-1'><i class="fa fa-fast-forward"></i></span>
<span title='Collapse all nodes' class='badge badge-default pointer float-right ct ml-1'><i class="fa fa-compress"></i></span>
<span title='Expand all nodes' class='badge badge-default pointer float-right et'><i class="fa fa-expand"></i></span>
</div>
</div>
</div><div class="detail-body mt-4">
<table class="table table-sm">
  <thead><tr><th class="status-col">Status</th><th class="timestamp-col">Timestamp</th><th class="details-col">Details</th></tr></thead>
  <tbody>
      <tr class="event-row">
        <td><span class="badge log info-bg">Info</span></td>
        <td>11:12:27 am</td>
        <td>
          VerifySortingOptionInSearchResultPageByDesendingName -Test Execution started !
        </td>
      </tr>
      <tr class="event-row">
        <td><span class="badge log pass-bg">Pass</span></td>
        <td>11:12:29 am</td>
        <td>
          VerifySortingOptionInSearchResultPageByDesendingName-Test got Passed !
        </td>
      </tr>
  </tbody>
</table>
</div>
          </div>
        </li>
        <li class="test-item"  status="pass" test-id="73"
          author=""
          tag=""
          device="">
          <div class="test-detail">
            <p class="name">VerifySortingOptionPriceInAscendingOrder</p>
            <p class="text-sm">
              <span>11:12:31 am</span> / <span>00:00:01:764</span>
              <span class="badge pass-bg log float-right">Pass</span>
            </p>
          </div>
          <div class="test-contents d-none">
<div class="detail-head">
<div class="p-v-10">
<div class="info">
<h5 class="test-status text-pass">VerifySortingOptionPriceInAscendingOrder</h5>
<span class='badge badge-success'>01.08.2026 11:12:31 am</span>
<span class='badge badge-danger'>01.08.2026 11:12:33 am</span>
<span class='badge badge-default'>00:00:01:764</span>
&middot; <span class='uri-anchor badge badge-default'>#test-id=73</span>
<span title='Skip to the next failed step' class='badge badge-danger pointer float-right ne ml-1'><i class="fa fa-fast-forward"></i></span>
<span title='Collapse all nodes' class='badge badge-default pointer float-right ct ml-1'><i class="fa fa-compress"></i></span>
<span title='Expand all nodes' class='badge badge-default pointer float-right et'><i class="fa fa-expand"></i></span>
</div>
</div>
</div><div class="detail-body mt-4">
<table class="table table-sm">
  <thead><tr><th class="status-col">Status</th><th class="timestamp-col">Timestamp</th><th class="details-col">Details</th></tr></thead>
  <tbody>
      <tr class="event-row">
        <td><span class="badge log info-bg">Info</span></td>
        <td>11:12:31 am</td>
        <td>
          VerifySortingOptionPriceInAscendingOrder -Test Execution started !
        </td>
      </tr>
      <tr class="event-row">
        <td><span class="badge log pass-bg">Pass</span></td>
        <td>11:12:33 am</td>
        <td>
          VerifySortingOptionPriceInAscendingOrder-Test got Passed !
        </td>
      </tr>
  </tbody>
</table>
</div>
          </div>
        </li>
        <li class="test-item"  status="pass" test-id="74"
          author=""
          tag=""
          device="">
          <div class="test-detail">
            <p class="name">VerifySortingOptionPriceInDescendingOrder</p>
            <p class="text-sm">
              <span>11:12:35 am</span> / <span>00:00:02:067</span>
              <span class="badge pass-bg log float-right">Pass</span>
            </p>
          </div>
          <div class="test-contents d-none">
<div class="detail-head">
<div class="p-v-10">
<div class="info">
<h5 class="test-status text-pass">VerifySortingOptionPriceInDescendingOrder</h5>
<span class='badge badge-success'>01.08.2026 11:12:35 am</span>
<span class='badge badge-danger'>01.08.2026 11:12:37 am</span>
<span class='badge badge-default'>00:00:02:067</span>
&middot; <span class='uri-anchor badge badge-default'>#test-id=74</span>
<span title='Skip to the next failed step' class='badge badge-danger pointer float-right ne ml-1'><i class="fa fa-fast-forward"></i></span>
<span title='Collapse all nodes' class='badge badge-default pointer float-right ct ml-1'><i class="fa fa-compress"></i></span>
<span title='Expand all nodes' class='badge badge-default pointer float-right et'><i class="fa fa-expand"></i></span>
</div>
</div>
</div><div class="detail-body mt-4">
<table class="table table-sm">
  <thead><tr><th class="status-col">Status</th><th class="timestamp-col">Timestamp</th><th class="details-col">Details</th></tr></thead>
  <tbody>
      <tr class="event-row">
        <td><span class="badge log info-bg">Info</span></td>
        <td>11:12:35 am</td>
        <td>
          VerifySortingOptionPriceInDescendingOrder -Test Execution started !
        </td>
      </tr>
      <tr class="event-row">
        <td><span class="badge log pass-bg">Pass</span></td>
        <td>11:12:37 am</td>
        <td>
          VerifySortingOptionPriceInDescendingOrder-Test got Passed !
        </td>
      </tr>
  </tbody>
</table>
</div>
          </div>
        </li>
      </ul>
    </div>
  </div>
<div class="test-content scrollable">
<div class="test-content-tools">
<ul><li><a class="back-to-test" href="#"><i class="fa fa-arrow-left"></i></a></li></ul>
</div>
<div class="test-content-detail"><div class="detail-body"></div></div>
</div></div>
<div class="test-wrapper row view exception-view attributes-view">
<div class="test-list">
<div class="test-list-tools">
<ul class="tools pull-left"><li><a href=""><span class="font-size-14">Exception</span></a></li></ul>
<ul class="tools text-right"><li><a href="#"><span class="badge badge-primary">2</span></a></li></ul>
</div>
<div class="test-list-wrapper scrollable">
<ul class="test-list-item">
<li class="test-item">
<div class="test-detail">
<span class="meta">
<span class='badge log badge-danger'>2</span>
</span>
<p class="name">org.openqa.selenium.StaleElementReferenceException</p>
<p class="duration text-sm">2 tests</p>
</div>
<div class="test-contents d-none">
<div class="info">
<h4>org.openqa.selenium.StaleElementReferenceException</h4>
<span status="fail" class='badge log badge-danger'>2 failed</span>
</div>
<table class='table table-sm mt-4'>
<thead>
<tr>
<th class="status-col">Status</th>
<th class="timestamp-col">Timestamp</th>
<th>TestName</th>
</tr>
</thead>
<tbody>
<tr class="tag-test-status" status="fail">
<td><span class="badge log fail-bg">Fail</span></td>
<td>11:09:28 am</td>
<td>
<a href="#" class="linked" test-id='43' id='43'>VerifyTheNumberOfUnsucessfulLoginAttemps</a>
</td>
</tr>
<tr class="tag-test-status" status="fail">
<td><span class="badge log fail-bg">Fail</span></td>
<td>11:09:37 am</td>
<td>
<a href="#" class="linked" test-id='45' id='45'>VerifyTheCopyingOfTheTextEnteredIntoThePasswordField</a>
</td>
</tr>
</tbody>
</table>
</div>
</li>
<li class="test-item">
<div class="test-detail">
<span class="meta">
<span class='badge log badge-danger'>11</span>
</span>
<p class="name">java.lang.AssertionError</p>
<p class="duration text-sm">11 tests</p>
</div>
<div class="test-contents d-none">
<div class="info">
<h4>java.lang.AssertionError</h4>
<span status="fail" class='badge log badge-danger'>11 failed</span>
</div>
<table class='table table-sm mt-4'>
<thead>
<tr>
<th class="status-col">Status</th>
<th class="timestamp-col">Timestamp</th>
<th>TestName</th>
</tr>
</thead>
<tbody>
<tr class="tag-test-status" status="fail">
<td><span class="badge log fail-bg">Fail</span></td>
<td>11:06:08 am</td>
<td>
<a href="#" class="linked" test-id='13' id='13'>VerifyRegisteringAccountByProvidingInvalidTelephoneNumber</a>
</td>
</tr>
<tr class="tag-test-status" status="fail">
<td><span class="badge log fail-bg">Fail</span></td>
<td>11:06:33 am</td>
<td>
<a href="#" class="linked" test-id='16' id='16'>VerifyRegisteringAccountWhetherTheLeadingAndTrailingSpacesEnteredIntoTheRegisterAccountFieldsAreTrimmed</a>
</td>
</tr>
<tr class="tag-test-status" status="fail">
<td><span class="badge log fail-bg">Fail</span></td>
<td>11:07:09 am</td>
<td>
<a href="#" class="linked" test-id='22' id='22'>VerifyTheBreadcrumbPageHeadingPageURLPageTitleOfRegisterAccountPage</a>
</td>
</tr>
<tr class="tag-test-status" status="fail">
<td><span class="badge log fail-bg">Fail</span></td>
<td>11:07:16 am</td>
<td>
<a href="#" class="linked" test-id='24' id='24'>VerifyWhetherTheMandatoryFieldsInTheRegisterAccountPageAreNotAcceptingOnlySpaces</a>
</td>
</tr>
<tr class="tag-test-status" status="fail">
<td><span class="badge log fail-bg">Fail</span></td>
<td>11:07:27 am</td>
<td>
<a href="#" class="linked" test-id='25' id='25'>VerifyWhetherThePasswordFieldsInTheRegisterAccountPageAreFollowingPasswordComplexityStandards</a>
</td>
</tr>
<tr class="tag-test-status" status="fail">
<td><span class="badge log fail-bg">Fail</span></td>
<td>11:07:38 am</td>
<td>
<a href="#" class="linked" test-id='26' id='26'>VerifyWhetherThePasswordFieldsInTheRegisterAccountPageAreFollowingPasswordComplexityStandards</a>
</td>
</tr>
<tr class="tag-test-status" status="fail">
<td><span class="badge log fail-bg">Fail</span></td>
<td>11:07:49 am</td>
<td>
<a href="#" class="linked" test-id='27' id='27'>VerifyWhetherThePasswordFieldsInTheRegisterAccountPageAreFollowingPasswordComplexityStandards</a>
</td>
</tr>
<tr class="tag-test-status" status="fail">
<td><span class="badge log fail-bg">Fail</span></td>
<td>11:08:00 am</td>
<td>
<a href="#" class="linked" test-id='28' id='28'>VerifyWhetherThePasswordFieldsInTheRegisterAccountPageAreFollowingPasswordComplexityStandards</a>
</td>
</tr>
<tr class="tag-test-status" status="fail">
<td><span class="badge log fail-bg">Fail</span></td>
<td>11:08:11 am</td>
<td>
<a href="#" class="linked" test-id='29' id='29'>VerifyWhetherThePasswordFieldsInTheRegisterAccountPageAreFollowingPasswordComplexityStandards</a>
</td>
</tr>
<tr class="tag-test-status" status="fail">
<td><span class="badge log fail-bg">Fail</span></td>
<td>11:09:09 am</td>
<td>
<a href="#" class="linked" test-id='40' id='40'>verifyBrowsingBackAfterLogin</a>
</td>
</tr>
<tr class="tag-test-status" status="fail">
<td><span class="badge log fail-bg">Fail</span></td>
<td>11:09:41 am</td>
<td>
<a href="#" class="linked" test-id='46' id='46'>VerifyThePasswordIsNotVisibleInThePageSource</a>
</td>
</tr>
</tbody>
</table>
</div>
</li>
</ul>
</div>
</div>
<div class="test-content scrollable">
<div class="test-content-detail">
<div class="detail-body"></div>
</div>
</div>
</div><div class="container-fluid p-4 view dashboard-view">
<div class="row">
<div class="col-md-3">
<div class="card"><div class="card-body">
<p class="m-b-0">Started</p>
<h3>Jan 8, 2026 11:03:38 am</h3>
</div></div>
</div>
<div class="col-md-3">
<div class="card"><div class="card-body">
<p class="m-b-0">Ended</p>
<h3>Jan 8, 2026 11:12:38 am</h3>
</div></div>
</div>
<div class="col-md-3">
<div class="card"><div class="card-body">
<p class="m-b-0 text-pass">Tests Passed</p>
<h3>61</h3>
</div></div>
</div>
<div class="col-md-3">
<div class="card"><div class="card-body">
<p class="m-b-0 text-fail">Tests Failed</p>
<h3>13</h3>
</div></div>
</div>
</div>
<div class="row">
<div class="col-md-6">
<div class="card">
<div class="card-header">
<h6 class="card-title">Tests</h6>
</div>
<div class="card-body">
<div class="">
<canvas id='parent-analysis' width='115' height='90'></canvas>
</div>
</div>
<div class="card-footer">
<div><small data-tooltip='82%'>
<b>61</b> tests passed
</small>
</div>
<div>
<small data-tooltip='17%'><b>13</b> tests failed,
<b>0</b> skipped, <b data-tooltip='0%'>0</b> others
</small>
</div>
</div>
</div>
</div>
<div class="col-md-6">
<div class="card">
<div class="card-header">
<h6 class="card-title">Log events</h6>
</div>
<div class="card-body">
<div class="">
<canvas id='events-analysis' width='115' height='90'></canvas>
</div>
</div>
<div class="card-footer">
<div><small data-tooltip='37%'><b>61</b> events passed</small></div>
<div>
<small data-tooltip='8%'><b>13</b> events failed,
<b data-tooltip='%'>87</b> others
</small>
</div>
</div>
</div>
</div>
</div>
<div class="row"><div class="col-md-12">
<div class="card"><div class="card-header"><p>Timeline</p></div>
<div class="card-body pt-0"><div>
<canvas id="timeline" height="120"></canvas>
</div></div>
</div>
</div></div>
<script>
var timeline = {
"VerifyWarningMsgOfTextField":57.497,"VerifyAllTheFieldsInTheRegisterAccountPagehavetheProperPlaceholders":0.127,"VerifyAllTheMandatoryFieldsInTheRegisterAccountPageAreMarkedWithRedColorAsteriskSymbol":0.267,"VerifyButtonTextColorBackgroundColorFontSize":0.09,"VerifyDiffWaysOfNavigatingToRegisterAccountPage":1.663,"VerifyHightAndWidthOfTextField":0.288,"VerifyNavigatingToOtherPagesUsingTheOptionsOrLinksProvidedOnTheRegisterAccountPage":17.467,"VerifyRegisterAccountFunctionalityInAllTheSupportedEnvironments":2.037,"VerifyRegisterAccountFunctionalityInAllTheSupportedEnvironments":6.985,"VerifyRegisteringAccountByAllFields":4.088,"VerifyRegisteringAccountByEnterringDiffPasswordsIntoPasswordAndConfirmPasswordField":2.62,"VerifyRegisteringAccountByFillingPasswordFilledAndNotFiilingConfPasswordFilled":2.014,"VerifyRegisteringAccountByProvidingInvalidTelephoneNumber":7.989,"VerifyRegisteringAccountBySelectingNoOptioninTheNewsletterField":3.211,"VerifyRegisteringAccountBySelectingYesOptionInNewsletterField":3.477,"VerifyRegisteringAccountWhetherTheLeadingAndTrailingSpacesEnteredIntoTheRegisterAccountFieldsAreTrimmed":3.491,"VerifyRegisteringAccountWithoutEnteringAnyDetails":0.941,"VerifyRegisteringAccountWithoutSelectingThePrivacyPolicyCheckboxOption":1.939,"VerifyRegisteringAnAccountByProvidingAnInvalidEmailAddressIntoTheE_MailField":4.696,"VerifyRegisteringAnAccountByProvidingTheExistingEmailAddress":2.053,"VerifyRegisteringAnAccountByUsingTheKeyboardKeys":1.635,"VerifyTheBreadcrumbPageHeadingPageURLPageTitleOfRegisterAccountPage":0.251,"VerifyThePasswordTextEnteredIntoThePasswordAndPasswordConfirmFieldOfRegisterAccountFunctionalityIsToggledToHideItsVisibility":0.069,"VerifyWhetherTheMandatoryFieldsInTheRegisterAccountPageAreNotAcceptingOnlySpaces":7.157,"VerifyWhetherThePasswordFieldsInTheRegisterAccountPageAreFollowingPasswordComplexityStandards":7.659,"VerifyWhetherThePasswordFieldsInTheRegisterAccountPageAreFollowingPasswordComplexityStandards":7.458,"VerifyWhetherThePasswordFieldsInTheRegisterAccountPageAreFollowingPasswordComplexityStandards":7.356,"VerifyWhetherThePasswordFieldsInTheRegisterAccountPageAreFollowingPasswordComplexityStandards":8.012,"VerifyWhetherThePasswordFieldsInTheRegisterAccountPageAreFollowingPasswordComplexityStandards":7.434,"VerifyWhetherThePrivacyPolicyCheckboxOptionIsNotSelectedByDefault":0.089,"VerifyRegisteringAccountByProvidingMandatoryFields":2.681,"VerifyLoggingIntoTheApplicationUsingValidCredentials":1.355,"VerifyLoggingIntoTheApplicationUsingInvalidEmailAddressAndInvalidPassword":1.44,"VerifyLoggingIntoTheApplicationUsingInvalidEmailAddressAndValidPassword":1.069,"VerifyLoggingIntoTheApplicationWithoutProvidingAnyCredentials":1.447,"VerifyLoggingIntoTheApplicationUsingValidEmailAddressAndInvalidPassword":1.335,"VerifyForgottenPasswordLinkIsAvailableInTheLoginPageAndIsWorking":0.454,"VerifyLoggingIntoTheApplicationUsingKeyboardKeys":1.691,"VerifyEMailAddressAndPasswordTextFieldsInTheLoginPageHaveThePlaceholderText":0.068,"verifyBrowsingBackAfterLogin":6.318,"VerifyBrowsingBackAfterLogout":2.613,"VerifyLoggingIntoTheApplicationUsingInactiveCredentials":1.357,"VerifyTheNumberOfUnsucessfulLoginAttemps":1.618,"VerifyTheTextEnterIntoThePasswordFieldIsToggledToHideItsVisibility":0.016,"VerifyTheCopyingOfTheTextEnteredIntoThePasswordField":1.611,"VerifyThePasswordIsNotVisibleInThePageSource":0.76,"VerifyLoggingIntoTheApplicationAfterChangingThePassword":7.756,"VerifyUserIsAbleToNavigateToDifferentPagesFromLoginPage":0.001,"VerifyLoggingOutAndBrowsingBack":4.459,"VerifyLoggingoutBySelectingLogoutOptionFromMyAccountDropmenu":4.549,"VerifyLoggingOutBySelectingLogoutOptionFromRightColumnOptions":3.545,"VerifyLogoutOptionIsNotDisplayedUnderMyAccountMenuBeforeLoggingIn":5.22,"VerifyLogoutOptionIsNotDisplayedUnderRightColumnOptionsBeforeLoggingIn":5.558,"VerifyNavigatingToSearchPageFromTheSiteMapPage":0.801,"VerifySearchProductToCheckoutProduct":9.247,"VerifySearchTextboxFieldAndTheButtonHavingSearchIconAreDisplayedOnAllThePageOfTheApplication":20.872,"VerifyWeCanUseAllTheOptionsOfSearchFunctionalityUsingTheKeybaordKeys":3.741,"VerifySearchingWithAnExistingProductName":0.731,"VerifySearchingWithNonExistingProductName":0.686,"VerifySearchingWithoutProvidingAnyProductName":0.753,"VeriftySearchingForAProductAfterLoginToTheApplication":2.629,"VerifyProductSearchResultingMultipleProducts":0.877,"VerifySearchFieldPlaceholder":0.516,"VerifySearchingUsingSearchCriteriaField":1.12,"VerifySearchUsingTheTextFromTheProductDescription":1.181,"VerifySearchBySelectingTheCategoryOfProduct":7.149,"VerifySearchBySelectingToSearchInSubcategories":1.645,"VerifyListAndGridViewsInSearchResultsPageHavingOneProduct":7.243,"VerifyListAndGridViewsWhenMultipleProductsAreDisplayedInTheSearchResults":1.377,"VerifyNavigatingToProductComparePageFromSearchResultsPage":1.532,"VerifySortingOptionInSearchResultPageByDefaultOptoion":1.553,"VerifySortingOptionInSearchResultPageByDesendingName":1.813,"VerifySortingOptionPriceInAscendingOrder":1.764,"VerifySortingOptionPriceInDescendingOrder":2.067
};
</script>
<div class="row">
<div class="col-lg-6 col-md-12 sysenv-container">
<div class="card">
<div class="card-header"><p>System/Environment</p></div>
<div class="card-body pb-0 pt-0"><table class="table table-sm table-bordered">
<thead><tr class="bg-gray"><th>Name</th><th>Value</th></tr></thead>
<tbody>
<tr>
<td>Username</td>
<td>HP</td>
</tr>
<tr>
<td>Seleium Version</td>
<td>4.26.0</td>
</tr>
<tr>
<td>OS</td>
<td>Windows 11</td>
</tr>
<tr>
<td>Java Version</td>
<td>17.0.5</td>
</tr>
</tbody>
</table></div>
</div>
</div>
</div>
</div>
<script>
var statusGroup = {
parentCount: 5,
passParent: 61,
failParent: 13,
warningParent: 0,
skipParent: 0,
childCount: 5,
passChild: 0,
failChild: 0,
warningChild: 0,
skipChild: 0,
infoChild: 0,
grandChildCount: 5,
passGrandChild: 0,
failGrandChild: 0,
warningGrandChild: 0,
skipGrandChild: 0,
infoGrandChild: 0,
eventsCount: 5,
passEvents: 61,
failEvents: 13,
warningEvents: 13,
skipEvents: 0,
infoEvents: 74
};
</script>        </div>
      </div>
    </div>
  </div>
<script src="https://cdn.jsdelivr.net/gh/extent-framework/extent-github-cdn@c05cd28cde1617b9d0c05a831daff6cb97fd9fd5/spark/js/spark-script.js"></script>
<script type="text/javascript"></script></body>
</html>