<?xml version="1.0" encoding="UTF-8"?>
<testng-results ignored="16" total="17" passed="1" failed="0" skipped="0">
  <reporter-output>
  </reporter-output>
  <suite started-at="2025-12-22T09:10:39 IST" name="Default suite" finished-at="2025-12-22T09:10:46 IST" duration-ms="6236">
    <groups>
    </groups>
    <test started-at="2025-12-22T09:10:39 IST" name="Default test" finished-at="2025-12-22T09:10:46 IST" duration-ms="6236">
      <class name="tests.Search">
        <test-method is-config="true" signature="setup()[pri:0, instance:tests.Search@52102734]" started-at="2025-12-22T09:10:39 IST" name="setup" finished-at="2025-12-22T09:10:43 IST" duration-ms="3715" status="PASS">
          <reporter-output>
          </reporter-output>
        </test-method> <!-- setup -->
        <test-method signature="VerifySortingOptionPriceInDescendingOrder()[pri:0, instance:tests.Search@52102734]" started-at="2025-12-22T09:10:43 IST" name="VerifySortingOptionPriceInDescendingOrder" finished-at="2025-12-22T09:10:45 IST" duration-ms="1943" status="PASS">
          <reporter-output>
          </reporter-output>
        </test-method> <!-- VerifySortingOptionPriceInDescendingOrder -->
        <test-method is-config="true" signature="teardowm()[pri:0, instance:tests.Search@52102734]" started-at="2025-12-22T09:10:45 IST" name="teardowm" finished-at="2025-12-22T09:10:46 IST" duration-ms="511" status="PASS">
          <reporter-output>
          </reporter-output>
        </test-method> <!-- teardowm -->
      </class> <!-- tests.Search -->
    </test> <!-- Default test -->
  </suite> <!-- Default suite -->
</testng-results>
